
Packet number: 1  Packet Len: 73

	Ethernet Header
		Dest MAC: 0:6:25:78:c4:7d
		Source MAC: 0:2:2d:90:75:89
		Type: IP

	IP Header
		IP Version: 4
		Header Len (bytes): 20
		TOS subfields:
			Diffserv bits: 0
			ECN bits: 0
		TTL: 128
		Protocol: UDP


Packet number: 2  Packet Len: 180

	Ethernet Header
		Dest MAC: 0:2:2d:90:75:89
		Source MAC: 0:6:25:78:c4:7d
		Type: IP

	IP Header
		IP Version: 4
		Header Len (bytes): 20
		TOS subfields:
			Diffserv bits: 0
			ECN bits: 0
		TTL: 253
		Protocol: UDP


Packet number: 3  Packet Len: 62

	Ethernet Header
		Dest MAC: 0:6:25:78:c4:7d
		Source MAC: 0:2:2d:90:75:89
		Type: IP

	IP Header
		IP Version: 4
		Header Len (bytes): 20
		TOS subfields:
			Diffserv bits: 0
			ECN bits: 0
		TTL: 128
		Protocol: TCP


Packet number: 4  Packet Len: 62

	Ethernet Header
		Dest MAC: 0:2:2d:90:75:89
		Source MAC: 0:6:25:78:c4:7d
		Type: IP

	IP Header
		IP Version: 4
		Header Len (bytes): 20
		TOS subfields:
			Diffserv bits: 0
			ECN bits: 0
		TTL: 238
		Protocol: TCP


Packet number: 5  Packet Len: 54

	Ethernet Header
		Dest MAC: 0:6:25:78:c4:7d
		Source MAC: 0:2:2d:90:75:89
		Type: IP

	IP Header
		IP Version: 4
		Header Len (bytes): 20
		TOS subfields:
			Diffserv bits: 0
			ECN bits: 0
		TTL: 128
		Protocol: TCP


Packet number: 6  Packet Len: 741

	Ethernet Header
		Dest MAC: 0:6:25:78:c4:7d
		Source MAC: 0:2:2d:90:75:89
		Type: IP

	IP Header
		IP Version: 4
		Header Len (bytes): 20
		TOS subfields:
			Diffserv bits: 0
			ECN bits: 0
		TTL: 128
		Protocol: TCP


Packet number: 7  Packet Len: 334

	Ethernet Header
		Dest MAC: 0:2:2d:90:75:89
		Source MAC: 0:6:25:78:c4:7d
		Type: IP

	IP Header
		IP Version: 4
		Header Len (bytes): 20
		TOS subfields:
			Diffserv bits: 0
			ECN bits: 0
		TTL: 238
		Protocol: TCP


Packet number: 8  Packet Len: 54

	Ethernet Header
		Dest MAC: 0:6:25:78:c4:7d
		Source MAC: 0:2:2d:90:75:89
		Type: IP

	IP Header
		IP Version: 4
		Header Len (bytes): 20
		TOS subfields:
			Diffserv bits: 0
			ECN bits: 0
		TTL: 128
		Protocol: TCP


Packet number: 9  Packet Len: 77

	Ethernet Header
		Dest MAC: 0:6:25:78:c4:7d
		Source MAC: 0:2:2d:90:75:89
		Type: IP

	IP Header
		IP Version: 4
		Header Len (bytes): 20
		TOS subfields:
			Diffserv bits: 0
			ECN bits: 0
		TTL: 128
		Protocol: UDP


Packet number: 10  Packet Len: 187

	Ethernet Header
		Dest MAC: 0:2:2d:90:75:89
		Source MAC: 0:6:25:78:c4:7d
		Type: IP

	IP Header
		IP Version: 4
		Header Len (bytes): 20
		TOS subfields:
			Diffserv bits: 0
			ECN bits: 0
		TTL: 253
		Protocol: UDP


Packet number: 11  Packet Len: 62

	Ethernet Header
		Dest MAC: 0:6:25:78:c4:7d
		Source MAC: 0:2:2d:90:75:89
		Type: IP

	IP Header
		IP Version: 4
		Header Len (bytes): 20
		TOS subfields:
			Diffserv bits: 0
			ECN bits: 0
		TTL: 128
		Protocol: TCP


Packet number: 12  Packet Len: 62

	Ethernet Header
		Dest MAC: 0:2:2d:90:75:89
		Source MAC: 0:6:25:78:c4:7d
		Type: IP

	IP Header
		IP Version: 4
		Header Len (bytes): 20
		TOS subfields:
			Diffserv bits: 0
			ECN bits: 0
		TTL: 239
		Protocol: TCP


Packet number: 13  Packet Len: 54

	Ethernet Header
		Dest MAC: 0:6:25:78:c4:7d
		Source MAC: 0:2:2d:90:75:89
		Type: IP

	IP Header
		IP Version: 4
		Header Len (bytes): 20
		TOS subfields:
			Diffserv bits: 0
			ECN bits: 0
		TTL: 128
		Protocol: TCP


Packet number: 14  Packet Len: 1213

	Ethernet Header
		Dest MAC: 0:6:25:78:c4:7d
		Source MAC: 0:2:2d:90:75:89
		Type: IP

	IP Header
		IP Version: 4
		Header Len (bytes): 20
		TOS subfields:
			Diffserv bits: 0
			ECN bits: 0
		TTL: 128
		Protocol: TCP


Packet number: 15  Packet Len: 1453

	Ethernet Header
		Dest MAC: 0:2:2d:90:75:89
		Source MAC: 0:6:25:78:c4:7d
		Type: IP

	IP Header
		IP Version: 4
		Header Len (bytes): 20
		TOS subfields:
			Diffserv bits: 0
			ECN bits: 0
		TTL: 239
		Protocol: TCP


Packet number: 16  Packet Len: 1506

	Ethernet Header
		Dest MAC: 0:2:2d:90:75:89
		Source MAC: 0:6:25:78:c4:7d
		Type: IP

	IP Header
		IP Version: 4
		Header Len (bytes): 20
		TOS subfields:
			Diffserv bits: 0
			ECN bits: 0
		TTL: 239
		Protocol: TCP


Packet number: 17  Packet Len: 54

	Ethernet Header
		Dest MAC: 0:6:25:78:c4:7d
		Source MAC: 0:2:2d:90:75:89
		Type: IP

	IP Header
		IP Version: 4
		Header Len (bytes): 20
		TOS subfields:
			Diffserv bits: 0
			ECN bits: 0
		TTL: 128
		Protocol: TCP


Packet number: 18  Packet Len: 1506

	Ethernet Header
		Dest MAC: 0:2:2d:90:75:89
		Source MAC: 0:6:25:78:c4:7d
		Type: IP

	IP Header
		IP Version: 4
		Header Len (bytes): 20
		TOS subfields:
			Diffserv bits: 0
			ECN bits: 0
		TTL: 239
		Protocol: TCP


Packet number: 19  Packet Len: 1506

	Ethernet Header
		Dest MAC: 0:2:2d:90:75:89
		Source MAC: 0:6:25:78:c4:7d
		Type: IP

	IP Header
		IP Version: 4
		Header Len (bytes): 20
		TOS subfields:
			Diffserv bits: 0
			ECN bits: 0
		TTL: 239
		Protocol: TCP


Packet number: 20  Packet Len: 54

	Ethernet Header
		Dest MAC: 0:6:25:78:c4:7d
		Source MAC: 0:2:2d:90:75:89
		Type: IP

	IP Header
		IP Version: 4
		Header Len (bytes): 20
		TOS subfields:
			Diffserv bits: 0
			ECN bits: 0
		TTL: 128
		Protocol: TCP


Packet number: 21  Packet Len: 1506

	Ethernet Header
		Dest MAC: 0:2:2d:90:75:89
		Source MAC: 0:6:25:78:c4:7d
		Type: IP

	IP Header
		IP Version: 4
		Header Len (bytes): 20
		TOS subfields:
			Diffserv bits: 0
			ECN bits: 0
		TTL: 239
		Protocol: TCP


Packet number: 22  Packet Len: 1506

	Ethernet Header
		Dest MAC: 0:2:2d:90:75:89
		Source MAC: 0:6:25:78:c4:7d
		Type: IP

	IP Header
		IP Version: 4
		Header Len (bytes): 20
		TOS subfields:
			Diffserv bits: 0
			ECN bits: 0
		TTL: 239
		Protocol: TCP


Packet number: 23  Packet Len: 54

	Ethernet Header
		Dest MAC: 0:6:25:78:c4:7d
		Source MAC: 0:2:2d:90:75:89
		Type: IP

	IP Header
		IP Version: 4
		Header Len (bytes): 20
		TOS subfields:
			Diffserv bits: 0
			ECN bits: 0
		TTL: 128
		Protocol: TCP


Packet number: 24  Packet Len: 1506

	Ethernet Header
		Dest MAC: 0:2:2d:90:75:89
		Source MAC: 0:6:25:78:c4:7d
		Type: IP

	IP Header
		IP Version: 4
		Header Len (bytes): 20
		TOS subfields:
			Diffserv bits: 0
			ECN bits: 0
		TTL: 239
		Protocol: TCP


Packet number: 25  Packet Len: 54

	Ethernet Header
		Dest MAC: 0:6:25:78:c4:7d
		Source MAC: 0:2:2d:90:75:89
		Type: IP

	IP Header
		IP Version: 4
		Header Len (bytes): 20
		TOS subfields:
			Diffserv bits: 0
			ECN bits: 0
		TTL: 128
		Protocol: TCP


Packet number: 26  Packet Len: 1506

	Ethernet Header
		Dest MAC: 0:2:2d:90:75:89
		Source MAC: 0:6:25:78:c4:7d
		Type: IP

	IP Header
		IP Version: 4
		Header Len (bytes): 20
		TOS subfields:
			Diffserv bits: 0
			ECN bits: 0
		TTL: 239
		Protocol: TCP


Packet number: 27  Packet Len: 1506

	Ethernet Header
		Dest MAC: 0:2:2d:90:75:89
		Source MAC: 0:6:25:78:c4:7d
		Type: IP

	IP Header
		IP Version: 4
		Header Len (bytes): 20
		TOS subfields:
			Diffserv bits: 0
			ECN bits: 0
		TTL: 239
		Protocol: TCP


Packet number: 28  Packet Len: 54

	Ethernet Header
		Dest MAC: 0:6:25:78:c4:7d
		Source MAC: 0:2:2d:90:75:89
		Type: IP

	IP Header
		IP Version: 4
		Header Len (bytes): 20
		TOS subfields:
			Diffserv bits: 0
			ECN bits: 0
		TTL: 128
		Protocol: TCP


Packet number: 29  Packet Len: 1506

	Ethernet Header
		Dest MAC: 0:2:2d:90:75:89
		Source MAC: 0:6:25:78:c4:7d
		Type: IP

	IP Header
		IP Version: 4
		Header Len (bytes): 20
		TOS subfields:
			Diffserv bits: 0
			ECN bits: 0
		TTL: 239
		Protocol: TCP


Packet number: 30  Packet Len: 54

	Ethernet Header
		Dest MAC: 0:6:25:78:c4:7d
		Source MAC: 0:2:2d:90:75:89
		Type: IP

	IP Header
		IP Version: 4
		Header Len (bytes): 20
		TOS subfields:
			Diffserv bits: 0
			ECN bits: 0
		TTL: 128
		Protocol: TCP


Packet number: 31  Packet Len: 1506

	Ethernet Header
		Dest MAC: 0:2:2d:90:75:89
		Source MAC: 0:6:25:78:c4:7d
		Type: IP

	IP Header
		IP Version: 4
		Header Len (bytes): 20
		TOS subfields:
			Diffserv bits: 0
			ECN bits: 0
		TTL: 239
		Protocol: TCP


Packet number: 32  Packet Len: 54

	Ethernet Header
		Dest MAC: 0:6:25:78:c4:7d
		Source MAC: 0:2:2d:90:75:89
		Type: IP

	IP Header
		IP Version: 4
		Header Len (bytes): 20
		TOS subfields:
			Diffserv bits: 0
			ECN bits: 0
		TTL: 128
		Protocol: TCP


Packet number: 33  Packet Len: 946

	Ethernet Header
		Dest MAC: 0:2:2d:90:75:89
		Source MAC: 0:6:25:78:c4:7d
		Type: IP

	IP Header
		IP Version: 4
		Header Len (bytes): 20
		TOS subfields:
			Diffserv bits: 0
			ECN bits: 0
		TTL: 239
		Protocol: TCP


Packet number: 34  Packet Len: 54

	Ethernet Header
		Dest MAC: 0:6:25:78:c4:7d
		Source MAC: 0:2:2d:90:75:89
		Type: IP

	IP Header
		IP Version: 4
		Header Len (bytes): 20
		TOS subfields:
			Diffserv bits: 0
			ECN bits: 0
		TTL: 128
		Protocol: TCP


Packet number: 35  Packet Len: 1250

	Ethernet Header
		Dest MAC: 0:6:25:78:c4:7d
		Source MAC: 0:2:2d:90:75:89
		Type: IP

	IP Header
		IP Version: 4
		Header Len (bytes): 20
		TOS subfields:
			Diffserv bits: 0
			ECN bits: 0
		TTL: 128
		Protocol: TCP


Packet number: 36  Packet Len: 1506

	Ethernet Header
		Dest MAC: 0:2:2d:90:75:89
		Source MAC: 0:6:25:78:c4:7d
		Type: IP

	IP Header
		IP Version: 4
		Header Len (bytes): 20
		TOS subfields:
			Diffserv bits: 0
			ECN bits: 0
		TTL: 239
		Protocol: TCP


Packet number: 37  Packet Len: 75

	Ethernet Header
		Dest MAC: 0:2:2d:90:75:89
		Source MAC: 0:6:25:78:c4:7d
		Type: IP

	IP Header
		IP Version: 4
		Header Len (bytes): 20
		TOS subfields:
			Diffserv bits: 0
			ECN bits: 0
		TTL: 239
		Protocol: TCP


Packet number: 38  Packet Len: 54

	Ethernet Header
		Dest MAC: 0:6:25:78:c4:7d
		Source MAC: 0:2:2d:90:75:89
		Type: IP

	IP Header
		IP Version: 4
		Header Len (bytes): 20
		TOS subfields:
			Diffserv bits: 0
			ECN bits: 0
		TTL: 128
		Protocol: TCP


Packet number: 39  Packet Len: 1506

	Ethernet Header
		Dest MAC: 0:2:2d:90:75:89
		Source MAC: 0:6:25:78:c4:7d
		Type: IP

	IP Header
		IP Version: 4
		Header Len (bytes): 20
		TOS subfields:
			Diffserv bits: 0
			ECN bits: 0
		TTL: 239
		Protocol: TCP


Packet number: 40  Packet Len: 1506

	Ethernet Header
		Dest MAC: 0:2:2d:90:75:89
		Source MAC: 0:6:25:78:c4:7d
		Type: IP

	IP Header
		IP Version: 4
		Header Len (bytes): 20
		TOS subfields:
			Diffserv bits: 0
			ECN bits: 0
		TTL: 239
		Protocol: TCP


Packet number: 41  Packet Len: 54

	Ethernet Header
		Dest MAC: 0:6:25:78:c4:7d
		Source MAC: 0:2:2d:90:75:89
		Type: IP

	IP Header
		IP Version: 4
		Header Len (bytes): 20
		TOS subfields:
			Diffserv bits: 0
			ECN bits: 0
		TTL: 128
		Protocol: TCP


Packet number: 42  Packet Len: 1506

	Ethernet Header
		Dest MAC: 0:2:2d:90:75:89
		Source MAC: 0:6:25:78:c4:7d
		Type: IP

	IP Header
		IP Version: 4
		Header Len (bytes): 20
		TOS subfields:
			Diffserv bits: 0
			ECN bits: 0
		TTL: 239
		Protocol: TCP


Packet number: 43  Packet Len: 54

	Ethernet Header
		Dest MAC: 0:6:25:78:c4:7d
		Source MAC: 0:2:2d:90:75:89
		Type: IP

	IP Header
		IP Version: 4
		Header Len (bytes): 20
		TOS subfields:
			Diffserv bits: 0
			ECN bits: 0
		TTL: 128
		Protocol: TCP


Packet number: 44  Packet Len: 1506

	Ethernet Header
		Dest MAC: 0:2:2d:90:75:89
		Source MAC: 0:6:25:78:c4:7d
		Type: IP

	IP Header
		IP Version: 4
		Header Len (bytes): 20
		TOS subfields:
			Diffserv bits: 0
			ECN bits: 0
		TTL: 239
		Protocol: TCP


Packet number: 45  Packet Len: 218

	Ethernet Header
		Dest MAC: 0:2:2d:90:75:89
		Source MAC: 0:6:25:78:c4:7d
		Type: IP

	IP Header
		IP Version: 4
		Header Len (bytes): 20
		TOS subfields:
			Diffserv bits: 0
			ECN bits: 0
		TTL: 239
		Protocol: TCP


Packet number: 46  Packet Len: 54

	Ethernet Header
		Dest MAC: 0:6:25:78:c4:7d
		Source MAC: 0:2:2d:90:75:89
		Type: IP

	IP Header
		IP Version: 4
		Header Len (bytes): 20
		TOS subfields:
			Diffserv bits: 0
			ECN bits: 0
		TTL: 128
		Protocol: TCP


Packet number: 47  Packet Len: 60

	Ethernet Header
		Dest MAC: 0:2:2d:90:75:89
		Source MAC: 0:6:25:78:c4:7d
		Type: IP

	IP Header
		IP Version: 4
		Header Len (bytes): 20
		TOS subfields:
			Diffserv bits: 0
			ECN bits: 0
		TTL: 239
		Protocol: TCP


Packet number: 48  Packet Len: 69

	Ethernet Header
		Dest MAC: 0:6:25:78:c4:7d
		Source MAC: 0:2:2d:90:75:89
		Type: IP

	IP Header
		IP Version: 4
		Header Len (bytes): 20
		TOS subfields:
			Diffserv bits: 0
			ECN bits: 0
		TTL: 128
		Protocol: UDP


Packet number: 49  Packet Len: 279

	Ethernet Header
		Dest MAC: 0:2:2d:90:75:89
		Source MAC: 0:6:25:78:c4:7d
		Type: IP

	IP Header
		IP Version: 4
		Header Len (bytes): 20
		TOS subfields:
			Diffserv bits: 0
			ECN bits: 0
		TTL: 253
		Protocol: UDP


Packet number: 50  Packet Len: 62

	Ethernet Header
		Dest MAC: 0:6:25:78:c4:7d
		Source MAC: 0:2:2d:90:75:89
		Type: IP

	IP Header
		IP Version: 4
		Header Len (bytes): 20
		TOS subfields:
			Diffserv bits: 0
			ECN bits: 0
		TTL: 128
		Protocol: TCP


Packet number: 51  Packet Len: 62

	Ethernet Header
		Dest MAC: 0:2:2d:90:75:89
		Source MAC: 0:6:25:78:c4:7d
		Type: IP

	IP Header
		IP Version: 4
		Header Len (bytes): 20
		TOS subfields:
			Diffserv bits: 0
			ECN bits: 0
		TTL: 111
		Protocol: TCP


Packet number: 52  Packet Len: 54

	Ethernet Header
		Dest MAC: 0:6:25:78:c4:7d
		Source MAC: 0:2:2d:90:75:89
		Type: IP

	IP Header
		IP Version: 4
		Header Len (bytes): 20
		TOS subfields:
			Diffserv bits: 0
			ECN bits: 0
		TTL: 128
		Protocol: TCP


Packet number: 53  Packet Len: 834

	Ethernet Header
		Dest MAC: 0:6:25:78:c4:7d
		Source MAC: 0:2:2d:90:75:89
		Type: IP

	IP Header
		IP Version: 4
		Header Len (bytes): 20
		TOS subfields:
			Diffserv bits: 0
			ECN bits: 0
		TTL: 128
		Protocol: TCP


Packet number: 54  Packet Len: 79

	Ethernet Header
		Dest MAC: 0:6:25:78:c4:7d
		Source MAC: 0:2:2d:90:75:89
		Type: IP

	IP Header
		IP Version: 4
		Header Len (bytes): 20
		TOS subfields:
			Diffserv bits: 0
			ECN bits: 0
		TTL: 128
		Protocol: UDP


Packet number: 55  Packet Len: 191

	Ethernet Header
		Dest MAC: 0:2:2d:90:75:89
		Source MAC: 0:6:25:78:c4:7d
		Type: IP

	IP Header
		IP Version: 4
		Header Len (bytes): 20
		TOS subfields:
			Diffserv bits: 0
			ECN bits: 0
		TTL: 253
		Protocol: UDP


Packet number: 56  Packet Len: 438

	Ethernet Header
		Dest MAC: 0:2:2d:90:75:89
		Source MAC: 0:6:25:78:c4:7d
		Type: IP

	IP Header
		IP Version: 4
		Header Len (bytes): 20
		TOS subfields:
			Diffserv bits: 0
			ECN bits: 0
		TTL: 111
		Protocol: TCP


Packet number: 57  Packet Len: 54

	Ethernet Header
		Dest MAC: 0:6:25:78:c4:7d
		Source MAC: 0:2:2d:90:75:89
		Type: IP

	IP Header
		IP Version: 4
		Header Len (bytes): 20
		TOS subfields:
			Diffserv bits: 0
			ECN bits: 0
		TTL: 128
		Protocol: TCP


Packet number: 58  Packet Len: 62

	Ethernet Header
		Dest MAC: 0:6:25:78:c4:7d
		Source MAC: 0:2:2d:90:75:89
		Type: IP

	IP Header
		IP Version: 4
		Header Len (bytes): 20
		TOS subfields:
			Diffserv bits: 0
			ECN bits: 0
		TTL: 128
		Protocol: TCP


Packet number: 59  Packet Len: 54

	Ethernet Header
		Dest MAC: 0:6:25:78:c4:7d
		Source MAC: 0:2:2d:90:75:89
		Type: IP

	IP Header
		IP Version: 4
		Header Len (bytes): 20
		TOS subfields:
			Diffserv bits: 0
			ECN bits: 0
		TTL: 128
		Protocol: TCP


Packet number: 60  Packet Len: 62

	Ethernet Header
		Dest MAC: 0:2:2d:90:75:89
		Source MAC: 0:6:25:78:c4:7d
		Type: IP

	IP Header
		IP Version: 4
		Header Len (bytes): 20
		TOS subfields:
			Diffserv bits: 0
			ECN bits: 0
		TTL: 50
		Protocol: TCP


Packet number: 61  Packet Len: 54

	Ethernet Header
		Dest MAC: 0:6:25:78:c4:7d
		Source MAC: 0:2:2d:90:75:89
		Type: IP

	IP Header
		IP Version: 4
		Header Len (bytes): 20
		TOS subfields:
			Diffserv bits: 0
			ECN bits: 0
		TTL: 128
		Protocol: TCP


Packet number: 62  Packet Len: 1434

	Ethernet Header
		Dest MAC: 0:6:25:78:c4:7d
		Source MAC: 0:2:2d:90:75:89
		Type: IP

	IP Header
		IP Version: 4
		Header Len (bytes): 20
		TOS subfields:
			Diffserv bits: 0
			ECN bits: 0
		TTL: 128
		Protocol: TCP


Packet number: 63  Packet Len: 1434

	Ethernet Header
		Dest MAC: 0:6:25:78:c4:7d
		Source MAC: 0:2:2d:90:75:89
		Type: IP

	IP Header
		IP Version: 4
		Header Len (bytes): 20
		TOS subfields:
			Diffserv bits: 0
			ECN bits: 0
		TTL: 128
		Protocol: TCP


Packet number: 64  Packet Len: 60

	Ethernet Header
		Dest MAC: 0:2:2d:90:75:89
		Source MAC: 0:6:25:78:c4:7d
		Type: IP

	IP Header
		IP Version: 4
		Header Len (bytes): 20
		TOS subfields:
			Diffserv bits: 0
			ECN bits: 0
		TTL: 111
		Protocol: TCP


Packet number: 65  Packet Len: 60

	Ethernet Header
		Dest MAC: 0:2:2d:90:75:89
		Source MAC: 0:6:25:78:c4:7d
		Type: IP

	IP Header
		IP Version: 4
		Header Len (bytes): 20
		TOS subfields:
			Diffserv bits: 0
			ECN bits: 0
		TTL: 50
		Protocol: TCP


Packet number: 66  Packet Len: 1434

	Ethernet Header
		Dest MAC: 0:6:25:78:c4:7d
		Source MAC: 0:2:2d:90:75:89
		Type: IP

	IP Header
		IP Version: 4
		Header Len (bytes): 20
		TOS subfields:
			Diffserv bits: 0
			ECN bits: 0
		TTL: 128
		Protocol: TCP


Packet number: 67  Packet Len: 914

	Ethernet Header
		Dest MAC: 0:6:25:78:c4:7d
		Source MAC: 0:2:2d:90:75:89
		Type: IP

	IP Header
		IP Version: 4
		Header Len (bytes): 20
		TOS subfields:
			Diffserv bits: 0
			ECN bits: 0
		TTL: 128
		Protocol: TCP


Packet number: 68  Packet Len: 60

	Ethernet Header
		Dest MAC: 0:2:2d:90:75:89
		Source MAC: 0:6:25:78:c4:7d
		Type: IP

	IP Header
		IP Version: 4
		Header Len (bytes): 20
		TOS subfields:
			Diffserv bits: 0
			ECN bits: 0
		TTL: 50
		Protocol: TCP


Packet number: 69  Packet Len: 78

	Ethernet Header
		Dest MAC: 0:6:25:78:c4:7d
		Source MAC: 0:2:2d:90:75:89
		Type: IP

	IP Header
		IP Version: 4
		Header Len (bytes): 20
		TOS subfields:
			Diffserv bits: 0
			ECN bits: 0
		TTL: 128
		Protocol: UDP


Packet number: 70  Packet Len: 60

	Ethernet Header
		Dest MAC: 0:2:2d:90:75:89
		Source MAC: 0:6:25:78:c4:7d
		Type: IP

	IP Header
		IP Version: 4
		Header Len (bytes): 20
		TOS subfields:
			Diffserv bits: 0
			ECN bits: 0
		TTL: 50
		Protocol: TCP


Packet number: 71  Packet Len: 501

	Ethernet Header
		Dest MAC: 0:2:2d:90:75:89
		Source MAC: 0:6:25:78:c4:7d
		Type: IP

	IP Header
		IP Version: 4
		Header Len (bytes): 20
		TOS subfields:
			Diffserv bits: 0
			ECN bits: 0
		TTL: 253
		Protocol: UDP


Packet number: 72  Packet Len: 62

	Ethernet Header
		Dest MAC: 0:6:25:78:c4:7d
		Source MAC: 0:2:2d:90:75:89
		Type: IP

	IP Header
		IP Version: 4
		Header Len (bytes): 20
		TOS subfields:
			Diffserv bits: 0
			ECN bits: 0
		TTL: 128
		Protocol: TCP


Packet number: 73  Packet Len: 60

	Ethernet Header
		Dest MAC: 0:2:2d:90:75:89
		Source MAC: 0:6:25:78:c4:7d
		Type: IP

	IP Header
		IP Version: 4
		Header Len (bytes): 20
		TOS subfields:
			Diffserv bits: 0
			ECN bits: 0
		TTL: 50
		Protocol: TCP


Packet number: 74  Packet Len: 60

	Ethernet Header
		Dest MAC: 0:2:2d:90:75:89
		Source MAC: 0:6:25:78:c4:7d
		Type: IP

	IP Header
		IP Version: 4
		Header Len (bytes): 20
		TOS subfields:
			Diffserv bits: 0
			ECN bits: 0
		TTL: 50
		Protocol: TCP


Packet number: 75  Packet Len: 66

	Ethernet Header
		Dest MAC: 0:6:25:78:c4:7d
		Source MAC: 0:2:2d:90:75:89
		Type: IP

	IP Header
		IP Version: 4
		Header Len (bytes): 20
		TOS subfields:
			Diffserv bits: 0
			ECN bits: 0
		TTL: 128
		Protocol: TCP


Packet number: 76  Packet Len: 308

	Ethernet Header
		Dest MAC: 0:2:2d:90:75:89
		Source MAC: 0:6:25:78:c4:7d
		Type: IP

	IP Header
		IP Version: 4
		Header Len (bytes): 20
		TOS subfields:
			Diffserv bits: 0
			ECN bits: 0
		TTL: 50
		Protocol: TCP


Packet number: 77  Packet Len: 66

	Ethernet Header
		Dest MAC: 0:6:25:78:c4:7d
		Source MAC: 0:2:2d:90:75:89
		Type: IP

	IP Header
		IP Version: 4
		Header Len (bytes): 20
		TOS subfields:
			Diffserv bits: 0
			ECN bits: 0
		TTL: 128
		Protocol: TCP


Packet number: 78  Packet Len: 1434

	Ethernet Header
		Dest MAC: 0:2:2d:90:75:89
		Source MAC: 0:6:25:78:c4:7d
		Type: IP

	IP Header
		IP Version: 4
		Header Len (bytes): 20
		TOS subfields:
			Diffserv bits: 0
			ECN bits: 0
		TTL: 50
		Protocol: TCP


Packet number: 79  Packet Len: 66

	Ethernet Header
		Dest MAC: 0:6:25:78:c4:7d
		Source MAC: 0:2:2d:90:75:89
		Type: IP

	IP Header
		IP Version: 4
		Header Len (bytes): 20
		TOS subfields:
			Diffserv bits: 0
			ECN bits: 0
		TTL: 128
		Protocol: TCP


Packet number: 80  Packet Len: 54

	Ethernet Header
		Dest MAC: 0:6:25:78:c4:7d
		Source MAC: 0:2:2d:90:75:89
		Type: IP

	IP Header
		IP Version: 4
		Header Len (bytes): 20
		TOS subfields:
			Diffserv bits: 0
			ECN bits: 0
		TTL: 128
		Protocol: TCP


Packet number: 81  Packet Len: 62

	Ethernet Header
		Dest MAC: 0:2:2d:90:75:89
		Source MAC: 0:6:25:78:c4:7d
		Type: IP

	IP Header
		IP Version: 4
		Header Len (bytes): 20
		TOS subfields:
			Diffserv bits: 0
			ECN bits: 0
		TTL: 56
		Protocol: TCP


Packet number: 82  Packet Len: 54

	Ethernet Header
		Dest MAC: 0:6:25:78:c4:7d
		Source MAC: 0:2:2d:90:75:89
		Type: IP

	IP Header
		IP Version: 4
		Header Len (bytes): 20
		TOS subfields:
			Diffserv bits: 0
			ECN bits: 0
		TTL: 128
		Protocol: TCP


Packet number: 83  Packet Len: 852

	Ethernet Header
		Dest MAC: 0:6:25:78:c4:7d
		Source MAC: 0:2:2d:90:75:89
		Type: IP

	IP Header
		IP Version: 4
		Header Len (bytes): 20
		TOS subfields:
			Diffserv bits: 0
			ECN bits: 0
		TTL: 128
		Protocol: TCP


Packet number: 84  Packet Len: 62

	Ethernet Header
		Dest MAC: 0:6:25:78:c4:7d
		Source MAC: 0:2:2d:90:75:89
		Type: IP

	IP Header
		IP Version: 4
		Header Len (bytes): 20
		TOS subfields:
			Diffserv bits: 0
			ECN bits: 0
		TTL: 128
		Protocol: TCP


Packet number: 85  Packet Len: 60

	Ethernet Header
		Dest MAC: 0:2:2d:90:75:89
		Source MAC: 0:6:25:78:c4:7d
		Type: IP

	IP Header
		IP Version: 4
		Header Len (bytes): 20
		TOS subfields:
			Diffserv bits: 0
			ECN bits: 0
		TTL: 50
		Protocol: TCP


Packet number: 86  Packet Len: 60

	Ethernet Header
		Dest MAC: 0:2:2d:90:75:89
		Source MAC: 0:6:25:78:c4:7d
		Type: IP

	IP Header
		IP Version: 4
		Header Len (bytes): 20
		TOS subfields:
			Diffserv bits: 0
			ECN bits: 0
		TTL: 56
		Protocol: TCP


Packet number: 87  Packet Len: 283

	Ethernet Header
		Dest MAC: 0:2:2d:90:75:89
		Source MAC: 0:6:25:78:c4:7d
		Type: IP

	IP Header
		IP Version: 4
		Header Len (bytes): 20
		TOS subfields:
			Diffserv bits: 0
			ECN bits: 0
		TTL: 56
		Protocol: TCP


Packet number: 88  Packet Len: 765

	Ethernet Header
		Dest MAC: 0:6:25:78:c4:7d
		Source MAC: 0:2:2d:90:75:89
		Type: IP

	IP Header
		IP Version: 4
		Header Len (bytes): 20
		TOS subfields:
			Diffserv bits: 0
			ECN bits: 0
		TTL: 128
		Protocol: TCP


Packet number: 89  Packet Len: 62

	Ethernet Header
		Dest MAC: 0:2:2d:90:75:89
		Source MAC: 0:6:25:78:c4:7d
		Type: IP

	IP Header
		IP Version: 4
		Header Len (bytes): 20
		TOS subfields:
			Diffserv bits: 0
			ECN bits: 0
		TTL: 56
		Protocol: TCP


Packet number: 90  Packet Len: 54

	Ethernet Header
		Dest MAC: 0:6:25:78:c4:7d
		Source MAC: 0:2:2d:90:75:89
		Type: IP

	IP Header
		IP Version: 4
		Header Len (bytes): 20
		TOS subfields:
			Diffserv bits: 0
			ECN bits: 0
		TTL: 128
		Protocol: TCP


Packet number: 91  Packet Len: 854

	Ethernet Header
		Dest MAC: 0:6:25:78:c4:7d
		Source MAC: 0:2:2d:90:75:89
		Type: IP

	IP Header
		IP Version: 4
		Header Len (bytes): 20
		TOS subfields:
			Diffserv bits: 0
			ECN bits: 0
		TTL: 128
		Protocol: TCP


Packet number: 92  Packet Len: 62

	Ethernet Header
		Dest MAC: 0:6:25:78:c4:7d
		Source MAC: 0:2:2d:90:75:89
		Type: IP

	IP Header
		IP Version: 4
		Header Len (bytes): 20
		TOS subfields:
			Diffserv bits: 0
			ECN bits: 0
		TTL: 128
		Protocol: TCP


Packet number: 93  Packet Len: 1506

	Ethernet Header
		Dest MAC: 0:2:2d:90:75:89
		Source MAC: 0:6:25:78:c4:7d
		Type: IP

	IP Header
		IP Version: 4
		Header Len (bytes): 20
		TOS subfields:
			Diffserv bits: 0
			ECN bits: 0
		TTL: 56
		Protocol: TCP


Packet number: 94  Packet Len: 1506

	Ethernet Header
		Dest MAC: 0:2:2d:90:75:89
		Source MAC: 0:6:25:78:c4:7d
		Type: IP

	IP Header
		IP Version: 4
		Header Len (bytes): 20
		TOS subfields:
			Diffserv bits: 0
			ECN bits: 0
		TTL: 56
		Protocol: TCP


Packet number: 95  Packet Len: 54

	Ethernet Header
		Dest MAC: 0:6:25:78:c4:7d
		Source MAC: 0:2:2d:90:75:89
		Type: IP

	IP Header
		IP Version: 4
		Header Len (bytes): 20
		TOS subfields:
			Diffserv bits: 0
			ECN bits: 0
		TTL: 128
		Protocol: TCP


Packet number: 96  Packet Len: 1506

	Ethernet Header
		Dest MAC: 0:2:2d:90:75:89
		Source MAC: 0:6:25:78:c4:7d
		Type: IP

	IP Header
		IP Version: 4
		Header Len (bytes): 20
		TOS subfields:
			Diffserv bits: 0
			ECN bits: 0
		TTL: 56
		Protocol: TCP


Packet number: 97  Packet Len: 54

	Ethernet Header
		Dest MAC: 0:6:25:78:c4:7d
		Source MAC: 0:2:2d:90:75:89
		Type: IP

	IP Header
		IP Version: 4
		Header Len (bytes): 20
		TOS subfields:
			Diffserv bits: 0
			ECN bits: 0
		TTL: 128
		Protocol: TCP


Packet number: 98  Packet Len: 1506

	Ethernet Header
		Dest MAC: 0:2:2d:90:75:89
		Source MAC: 0:6:25:78:c4:7d
		Type: IP

	IP Header
		IP Version: 4
		Header Len (bytes): 20
		TOS subfields:
			Diffserv bits: 0
			ECN bits: 0
		TTL: 56
		Protocol: TCP


Packet number: 99  Packet Len: 60

	Ethernet Header
		Dest MAC: 0:2:2d:90:75:89
		Source MAC: 0:6:25:78:c4:7d
		Type: IP

	IP Header
		IP Version: 4
		Header Len (bytes): 20
		TOS subfields:
			Diffserv bits: 0
			ECN bits: 0
		TTL: 56
		Protocol: TCP


Packet number: 100  Packet Len: 284

	Ethernet Header
		Dest MAC: 0:2:2d:90:75:89
		Source MAC: 0:6:25:78:c4:7d
		Type: IP

	IP Header
		IP Version: 4
		Header Len (bytes): 20
		TOS subfields:
			Diffserv bits: 0
			ECN bits: 0
		TTL: 56
		Protocol: TCP


Packet number: 101  Packet Len: 62

	Ethernet Header
		Dest MAC: 0:2:2d:90:75:89
		Source MAC: 0:6:25:78:c4:7d
		Type: IP

	IP Header
		IP Version: 4
		Header Len (bytes): 20
		TOS subfields:
			Diffserv bits: 0
			ECN bits: 0
		TTL: 50
		Protocol: TCP


Packet number: 102  Packet Len: 54

	Ethernet Header
		Dest MAC: 0:6:25:78:c4:7d
		Source MAC: 0:2:2d:90:75:89
		Type: IP

	IP Header
		IP Version: 4
		Header Len (bytes): 20
		TOS subfields:
			Diffserv bits: 0
			ECN bits: 0
		TTL: 128
		Protocol: TCP


Packet number: 103  Packet Len: 1434

	Ethernet Header
		Dest MAC: 0:6:25:78:c4:7d
		Source MAC: 0:2:2d:90:75:89
		Type: IP

	IP Header
		IP Version: 4
		Header Len (bytes): 20
		TOS subfields:
			Diffserv bits: 0
			ECN bits: 0
		TTL: 128
		Protocol: TCP


Packet number: 104  Packet Len: 1434

	Ethernet Header
		Dest MAC: 0:6:25:78:c4:7d
		Source MAC: 0:2:2d:90:75:89
		Type: IP

	IP Header
		IP Version: 4
		Header Len (bytes): 20
		TOS subfields:
			Diffserv bits: 0
			ECN bits: 0
		TTL: 128
		Protocol: TCP


Packet number: 105  Packet Len: 842

	Ethernet Header
		Dest MAC: 0:6:25:78:c4:7d
		Source MAC: 0:2:2d:90:75:89
		Type: IP

	IP Header
		IP Version: 4
		Header Len (bytes): 20
		TOS subfields:
			Diffserv bits: 0
			ECN bits: 0
		TTL: 128
		Protocol: TCP


Packet number: 106  Packet Len: 1506

	Ethernet Header
		Dest MAC: 0:2:2d:90:75:89
		Source MAC: 0:6:25:78:c4:7d
		Type: IP

	IP Header
		IP Version: 4
		Header Len (bytes): 20
		TOS subfields:
			Diffserv bits: 0
			ECN bits: 0
		TTL: 56
		Protocol: TCP


Packet number: 107  Packet Len: 54

	Ethernet Header
		Dest MAC: 0:6:25:78:c4:7d
		Source MAC: 0:2:2d:90:75:89
		Type: IP

	IP Header
		IP Version: 4
		Header Len (bytes): 20
		TOS subfields:
			Diffserv bits: 0
			ECN bits: 0
		TTL: 128
		Protocol: TCP


Packet number: 108  Packet Len: 1506

	Ethernet Header
		Dest MAC: 0:2:2d:90:75:89
		Source MAC: 0:6:25:78:c4:7d
		Type: IP

	IP Header
		IP Version: 4
		Header Len (bytes): 20
		TOS subfields:
			Diffserv bits: 0
			ECN bits: 0
		TTL: 56
		Protocol: TCP


Packet number: 109  Packet Len: 54

	Ethernet Header
		Dest MAC: 0:6:25:78:c4:7d
		Source MAC: 0:2:2d:90:75:89
		Type: IP

	IP Header
		IP Version: 4
		Header Len (bytes): 20
		TOS subfields:
			Diffserv bits: 0
			ECN bits: 0
		TTL: 128
		Protocol: TCP


Packet number: 110  Packet Len: 1506

	Ethernet Header
		Dest MAC: 0:2:2d:90:75:89
		Source MAC: 0:6:25:78:c4:7d
		Type: IP

	IP Header
		IP Version: 4
		Header Len (bytes): 20
		TOS subfields:
			Diffserv bits: 0
			ECN bits: 0
		TTL: 56
		Protocol: TCP


Packet number: 111  Packet Len: 1506

	Ethernet Header
		Dest MAC: 0:2:2d:90:75:89
		Source MAC: 0:6:25:78:c4:7d
		Type: IP

	IP Header
		IP Version: 4
		Header Len (bytes): 20
		TOS subfields:
			Diffserv bits: 0
			ECN bits: 0
		TTL: 56
		Protocol: TCP


Packet number: 112  Packet Len: 54

	Ethernet Header
		Dest MAC: 0:6:25:78:c4:7d
		Source MAC: 0:2:2d:90:75:89
		Type: IP

	IP Header
		IP Version: 4
		Header Len (bytes): 20
		TOS subfields:
			Diffserv bits: 0
			ECN bits: 0
		TTL: 128
		Protocol: TCP


Packet number: 113  Packet Len: 1506

	Ethernet Header
		Dest MAC: 0:2:2d:90:75:89
		Source MAC: 0:6:25:78:c4:7d
		Type: IP

	IP Header
		IP Version: 4
		Header Len (bytes): 20
		TOS subfields:
			Diffserv bits: 0
			ECN bits: 0
		TTL: 56
		Protocol: TCP


Packet number: 114  Packet Len: 60

	Ethernet Header
		Dest MAC: 0:2:2d:90:75:89
		Source MAC: 0:6:25:78:c4:7d
		Type: IP

	IP Header
		IP Version: 4
		Header Len (bytes): 20
		TOS subfields:
			Diffserv bits: 0
			ECN bits: 0
		TTL: 50
		Protocol: TCP


Packet number: 115  Packet Len: 1434

	Ethernet Header
		Dest MAC: 0:6:25:78:c4:7d
		Source MAC: 0:2:2d:90:75:89
		Type: IP

	IP Header
		IP Version: 4
		Header Len (bytes): 20
		TOS subfields:
			Diffserv bits: 0
			ECN bits: 0
		TTL: 128
		Protocol: TCP


Packet number: 116  Packet Len: 1005

	Ethernet Header
		Dest MAC: 0:6:25:78:c4:7d
		Source MAC: 0:2:2d:90:75:89
		Type: IP

	IP Header
		IP Version: 4
		Header Len (bytes): 20
		TOS subfields:
			Diffserv bits: 0
			ECN bits: 0
		TTL: 128
		Protocol: TCP


Packet number: 117  Packet Len: 60

	Ethernet Header
		Dest MAC: 0:2:2d:90:75:89
		Source MAC: 0:6:25:78:c4:7d
		Type: IP

	IP Header
		IP Version: 4
		Header Len (bytes): 20
		TOS subfields:
			Diffserv bits: 0
			ECN bits: 0
		TTL: 50
		Protocol: TCP


Packet number: 118  Packet Len: 1506

	Ethernet Header
		Dest MAC: 0:2:2d:90:75:89
		Source MAC: 0:6:25:78:c4:7d
		Type: IP

	IP Header
		IP Version: 4
		Header Len (bytes): 20
		TOS subfields:
			Diffserv bits: 0
			ECN bits: 0
		TTL: 56
		Protocol: TCP


Packet number: 119  Packet Len: 54

	Ethernet Header
		Dest MAC: 0:6:25:78:c4:7d
		Source MAC: 0:2:2d:90:75:89
		Type: IP

	IP Header
		IP Version: 4
		Header Len (bytes): 20
		TOS subfields:
			Diffserv bits: 0
			ECN bits: 0
		TTL: 128
		Protocol: TCP


Packet number: 120  Packet Len: 1506

	Ethernet Header
		Dest MAC: 0:2:2d:90:75:89
		Source MAC: 0:6:25:78:c4:7d
		Type: IP

	IP Header
		IP Version: 4
		Header Len (bytes): 20
		TOS subfields:
			Diffserv bits: 0
			ECN bits: 0
		TTL: 56
		Protocol: TCP


Packet number: 121  Packet Len: 284

	Ethernet Header
		Dest MAC: 0:2:2d:90:75:89
		Source MAC: 0:6:25:78:c4:7d
		Type: IP

	IP Header
		IP Version: 4
		Header Len (bytes): 20
		TOS subfields:
			Diffserv bits: 0
			ECN bits: 0
		TTL: 56
		Protocol: TCP


Packet number: 122  Packet Len: 625

	Ethernet Header
		Dest MAC: 0:2:2d:90:75:89
		Source MAC: 0:6:25:78:c4:7d
		Type: IP

	IP Header
		IP Version: 4
		Header Len (bytes): 20
		TOS subfields:
			Diffserv bits: 0
			ECN bits: 0
		TTL: 56
		Protocol: TCP


Packet number: 123  Packet Len: 66

	Ethernet Header
		Dest MAC: 0:6:25:78:c4:7d
		Source MAC: 0:2:2d:90:75:89
		Type: IP

	IP Header
		IP Version: 4
		Header Len (bytes): 20
		TOS subfields:
			Diffserv bits: 0
			ECN bits: 0
		TTL: 128
		Protocol: TCP


Packet number: 124  Packet Len: 60

	Ethernet Header
		Dest MAC: 0:2:2d:90:75:89
		Source MAC: 0:6:25:78:c4:7d
		Type: IP

	IP Header
		IP Version: 4
		Header Len (bytes): 20
		TOS subfields:
			Diffserv bits: 0
			ECN bits: 0
		TTL: 50
		Protocol: TCP


Packet number: 125  Packet Len: 1506

	Ethernet Header
		Dest MAC: 0:2:2d:90:75:89
		Source MAC: 0:6:25:78:c4:7d
		Type: IP

	IP Header
		IP Version: 4
		Header Len (bytes): 20
		TOS subfields:
			Diffserv bits: 0
			ECN bits: 0
		TTL: 56
		Protocol: TCP


Packet number: 126  Packet Len: 60

	Ethernet Header
		Dest MAC: 0:2:2d:90:75:89
		Source MAC: 0:6:25:78:c4:7d
		Type: IP

	IP Header
		IP Version: 4
		Header Len (bytes): 20
		TOS subfields:
			Diffserv bits: 0
			ECN bits: 0
		TTL: 50
		Protocol: TCP


Packet number: 127  Packet Len: 742

	Ethernet Header
		Dest MAC: 0:2:2d:90:75:89
		Source MAC: 0:6:25:78:c4:7d
		Type: IP

	IP Header
		IP Version: 4
		Header Len (bytes): 20
		TOS subfields:
			Diffserv bits: 0
			ECN bits: 0
		TTL: 50
		Protocol: TCP


Packet number: 128  Packet Len: 60

	Ethernet Header
		Dest MAC: 0:2:2d:90:75:89
		Source MAC: 0:6:25:78:c4:7d
		Type: IP

	IP Header
		IP Version: 4
		Header Len (bytes): 20
		TOS subfields:
			Diffserv bits: 0
			ECN bits: 0
		TTL: 50
		Protocol: TCP


Packet number: 129  Packet Len: 54

	Ethernet Header
		Dest MAC: 0:6:25:78:c4:7d
		Source MAC: 0:2:2d:90:75:89
		Type: IP

	IP Header
		IP Version: 4
		Header Len (bytes): 20
		TOS subfields:
			Diffserv bits: 0
			ECN bits: 0
		TTL: 128
		Protocol: TCP


Packet number: 130  Packet Len: 54

	Ethernet Header
		Dest MAC: 0:6:25:78:c4:7d
		Source MAC: 0:2:2d:90:75:89
		Type: IP

	IP Header
		IP Version: 4
		Header Len (bytes): 20
		TOS subfields:
			Diffserv bits: 0
			ECN bits: 0
		TTL: 128
		Protocol: TCP


Packet number: 131  Packet Len: 60

	Ethernet Header
		Dest MAC: 0:2:2d:90:75:89
		Source MAC: 0:6:25:78:c4:7d
		Type: IP

	IP Header
		IP Version: 4
		Header Len (bytes): 20
		TOS subfields:
			Diffserv bits: 0
			ECN bits: 0
		TTL: 50
		Protocol: TCP


Packet number: 132  Packet Len: 66

	Ethernet Header
		Dest MAC: 0:6:25:78:c4:7d
		Source MAC: 0:2:2d:90:75:89
		Type: IP

	IP Header
		IP Version: 4
		Header Len (bytes): 20
		TOS subfields:
			Diffserv bits: 0
			ECN bits: 0
		TTL: 128
		Protocol: TCP


Packet number: 133  Packet Len: 54

	Ethernet Header
		Dest MAC: 0:6:25:78:c4:7d
		Source MAC: 0:2:2d:90:75:89
		Type: IP

	IP Header
		IP Version: 4
		Header Len (bytes): 20
		TOS subfields:
			Diffserv bits: 0
			ECN bits: 0
		TTL: 128
		Protocol: TCP


Packet number: 134  Packet Len: 1506

	Ethernet Header
		Dest MAC: 0:2:2d:90:75:89
		Source MAC: 0:6:25:78:c4:7d
		Type: IP

	IP Header
		IP Version: 4
		Header Len (bytes): 20
		TOS subfields:
			Diffserv bits: 0
			ECN bits: 0
		TTL: 56
		Protocol: TCP


Packet number: 135  Packet Len: 66

	Ethernet Header
		Dest MAC: 0:6:25:78:c4:7d
		Source MAC: 0:2:2d:90:75:89
		Type: IP

	IP Header
		IP Version: 4
		Header Len (bytes): 20
		TOS subfields:
			Diffserv bits: 0
			ECN bits: 0
		TTL: 128
		Protocol: TCP


Packet number: 136  Packet Len: 1506

	Ethernet Header
		Dest MAC: 0:2:2d:90:75:89
		Source MAC: 0:6:25:78:c4:7d
		Type: IP

	IP Header
		IP Version: 4
		Header Len (bytes): 20
		TOS subfields:
			Diffserv bits: 0
			ECN bits: 0
		TTL: 56
		Protocol: TCP


Packet number: 137  Packet Len: 54

	Ethernet Header
		Dest MAC: 0:6:25:78:c4:7d
		Source MAC: 0:2:2d:90:75:89
		Type: IP

	IP Header
		IP Version: 4
		Header Len (bytes): 20
		TOS subfields:
			Diffserv bits: 0
			ECN bits: 0
		TTL: 128
		Protocol: TCP


Packet number: 138  Packet Len: 976

	Ethernet Header
		Dest MAC: 0:6:25:78:c4:7d
		Source MAC: 0:2:2d:90:75:89
		Type: IP

	IP Header
		IP Version: 4
		Header Len (bytes): 20
		TOS subfields:
			Diffserv bits: 0
			ECN bits: 0
		TTL: 128
		Protocol: TCP


Packet number: 139  Packet Len: 847

	Ethernet Header
		Dest MAC: 0:6:25:78:c4:7d
		Source MAC: 0:2:2d:90:75:89
		Type: IP

	IP Header
		IP Version: 4
		Header Len (bytes): 20
		TOS subfields:
			Diffserv bits: 0
			ECN bits: 0
		TTL: 128
		Protocol: TCP


Packet number: 140  Packet Len: 73

	Ethernet Header
		Dest MAC: 0:6:25:78:c4:7d
		Source MAC: 0:2:2d:90:75:89
		Type: IP

	IP Header
		IP Version: 4
		Header Len (bytes): 20
		TOS subfields:
			Diffserv bits: 0
			ECN bits: 0
		TTL: 128
		Protocol: UDP


Packet number: 141  Packet Len: 302

	Ethernet Header
		Dest MAC: 0:2:2d:90:75:89
		Source MAC: 0:6:25:78:c4:7d
		Type: IP

	IP Header
		IP Version: 4
		Header Len (bytes): 20
		TOS subfields:
			Diffserv bits: 0
			ECN bits: 0
		TTL: 56
		Protocol: TCP


Packet number: 142  Packet Len: 876

	Ethernet Header
		Dest MAC: 0:6:25:78:c4:7d
		Source MAC: 0:2:2d:90:75:89
		Type: IP

	IP Header
		IP Version: 4
		Header Len (bytes): 20
		TOS subfields:
			Diffserv bits: 0
			ECN bits: 0
		TTL: 128
		Protocol: TCP


Packet number: 143  Packet Len: 169

	Ethernet Header
		Dest MAC: 0:2:2d:90:75:89
		Source MAC: 0:6:25:78:c4:7d
		Type: IP

	IP Header
		IP Version: 4
		Header Len (bytes): 20
		TOS subfields:
			Diffserv bits: 0
			ECN bits: 0
		TTL: 253
		Protocol: UDP


Packet number: 144  Packet Len: 284

	Ethernet Header
		Dest MAC: 0:2:2d:90:75:89
		Source MAC: 0:6:25:78:c4:7d
		Type: IP

	IP Header
		IP Version: 4
		Header Len (bytes): 20
		TOS subfields:
			Diffserv bits: 0
			ECN bits: 0
		TTL: 56
		Protocol: TCP


Packet number: 145  Packet Len: 62

	Ethernet Header
		Dest MAC: 0:6:25:78:c4:7d
		Source MAC: 0:2:2d:90:75:89
		Type: IP

	IP Header
		IP Version: 4
		Header Len (bytes): 20
		TOS subfields:
			Diffserv bits: 0
			ECN bits: 0
		TTL: 128
		Protocol: TCP


Packet number: 146  Packet Len: 283

	Ethernet Header
		Dest MAC: 0:2:2d:90:75:89
		Source MAC: 0:6:25:78:c4:7d
		Type: IP

	IP Header
		IP Version: 4
		Header Len (bytes): 20
		TOS subfields:
			Diffserv bits: 0
			ECN bits: 0
		TTL: 56
		Protocol: TCP


Packet number: 147  Packet Len: 62

	Ethernet Header
		Dest MAC: 0:2:2d:90:75:89
		Source MAC: 0:6:25:78:c4:7d
		Type: IP

	IP Header
		IP Version: 4
		Header Len (bytes): 20
		TOS subfields:
			Diffserv bits: 0
			ECN bits: 0
		TTL: 239
		Protocol: TCP


Packet number: 148  Packet Len: 54

	Ethernet Header
		Dest MAC: 0:6:25:78:c4:7d
		Source MAC: 0:2:2d:90:75:89
		Type: IP

	IP Header
		IP Version: 4
		Header Len (bytes): 20
		TOS subfields:
			Diffserv bits: 0
			ECN bits: 0
		TTL: 128
		Protocol: TCP


Packet number: 149  Packet Len: 1136

	Ethernet Header
		Dest MAC: 0:6:25:78:c4:7d
		Source MAC: 0:2:2d:90:75:89
		Type: IP

	IP Header
		IP Version: 4
		Header Len (bytes): 20
		TOS subfields:
			Diffserv bits: 0
			ECN bits: 0
		TTL: 128
		Protocol: TCP


Packet number: 150  Packet Len: 1506

	Ethernet Header
		Dest MAC: 0:2:2d:90:75:89
		Source MAC: 0:6:25:78:c4:7d
		Type: IP

	IP Header
		IP Version: 4
		Header Len (bytes): 20
		TOS subfields:
			Diffserv bits: 0
			ECN bits: 0
		TTL: 239
		Protocol: TCP


Packet number: 151  Packet Len: 54

	Ethernet Header
		Dest MAC: 0:6:25:78:c4:7d
		Source MAC: 0:2:2d:90:75:89
		Type: IP

	IP Header
		IP Version: 4
		Header Len (bytes): 20
		TOS subfields:
			Diffserv bits: 0
			ECN bits: 0
		TTL: 128
		Protocol: TCP


Packet number: 152  Packet Len: 54

	Ethernet Header
		Dest MAC: 0:6:25:78:c4:7d
		Source MAC: 0:2:2d:90:75:89
		Type: IP

	IP Header
		IP Version: 4
		Header Len (bytes): 20
		TOS subfields:
			Diffserv bits: 0
			ECN bits: 0
		TTL: 128
		Protocol: TCP


Packet number: 153  Packet Len: 75

	Ethernet Header
		Dest MAC: 0:2:2d:90:75:89
		Source MAC: 0:6:25:78:c4:7d
		Type: IP

	IP Header
		IP Version: 4
		Header Len (bytes): 20
		TOS subfields:
			Diffserv bits: 0
			ECN bits: 0
		TTL: 239
		Protocol: TCP


Packet number: 154  Packet Len: 54

	Ethernet Header
		Dest MAC: 0:6:25:78:c4:7d
		Source MAC: 0:2:2d:90:75:89
		Type: IP

	IP Header
		IP Version: 4
		Header Len (bytes): 20
		TOS subfields:
			Diffserv bits: 0
			ECN bits: 0
		TTL: 128
		Protocol: TCP


Packet number: 155  Packet Len: 686

	Ethernet Header
		Dest MAC: 0:2:2d:90:75:89
		Source MAC: 0:6:25:78:c4:7d
		Type: IP

	IP Header
		IP Version: 4
		Header Len (bytes): 20
		TOS subfields:
			Diffserv bits: 0
			ECN bits: 0
		TTL: 239
		Protocol: TCP


Packet number: 156  Packet Len: 54

	Ethernet Header
		Dest MAC: 0:6:25:78:c4:7d
		Source MAC: 0:2:2d:90:75:89
		Type: IP

	IP Header
		IP Version: 4
		Header Len (bytes): 20
		TOS subfields:
			Diffserv bits: 0
			ECN bits: 0
		TTL: 128
		Protocol: TCP


Packet number: 157  Packet Len: 881

	Ethernet Header
		Dest MAC: 0:6:25:78:c4:7d
		Source MAC: 0:2:2d:90:75:89
		Type: IP

	IP Header
		IP Version: 4
		Header Len (bytes): 20
		TOS subfields:
			Diffserv bits: 0
			ECN bits: 0
		TTL: 128
		Protocol: TCP


Packet number: 158  Packet Len: 884

	Ethernet Header
		Dest MAC: 0:6:25:78:c4:7d
		Source MAC: 0:2:2d:90:75:89
		Type: IP

	IP Header
		IP Version: 4
		Header Len (bytes): 20
		TOS subfields:
			Diffserv bits: 0
			ECN bits: 0
		TTL: 128
		Protocol: TCP


Packet number: 159  Packet Len: 283

	Ethernet Header
		Dest MAC: 0:2:2d:90:75:89
		Source MAC: 0:6:25:78:c4:7d
		Type: IP

	IP Header
		IP Version: 4
		Header Len (bytes): 20
		TOS subfields:
			Diffserv bits: 0
			ECN bits: 0
		TTL: 56
		Protocol: TCP


Packet number: 160  Packet Len: 284

	Ethernet Header
		Dest MAC: 0:2:2d:90:75:89
		Source MAC: 0:6:25:78:c4:7d
		Type: IP

	IP Header
		IP Version: 4
		Header Len (bytes): 20
		TOS subfields:
			Diffserv bits: 0
			ECN bits: 0
		TTL: 56
		Protocol: TCP


Packet number: 161  Packet Len: 54

	Ethernet Header
		Dest MAC: 0:6:25:78:c4:7d
		Source MAC: 0:2:2d:90:75:89
		Type: IP

	IP Header
		IP Version: 4
		Header Len (bytes): 20
		TOS subfields:
			Diffserv bits: 0
			ECN bits: 0
		TTL: 128
		Protocol: TCP


Packet number: 162  Packet Len: 54

	Ethernet Header
		Dest MAC: 0:6:25:78:c4:7d
		Source MAC: 0:2:2d:90:75:89
		Type: IP

	IP Header
		IP Version: 4
		Header Len (bytes): 20
		TOS subfields:
			Diffserv bits: 0
			ECN bits: 0
		TTL: 128
		Protocol: TCP


Packet number: 163  Packet Len: 71

	Ethernet Header
		Dest MAC: 0:6:25:78:c4:7d
		Source MAC: 0:2:2d:90:75:89
		Type: IP

	IP Header
		IP Version: 4
		Header Len (bytes): 20
		TOS subfields:
			Diffserv bits: 0
			ECN bits: 0
		TTL: 128
		Protocol: UDP


Packet number: 164  Packet Len: 297

	Ethernet Header
		Dest MAC: 0:2:2d:90:75:89
		Source MAC: 0:6:25:78:c4:7d
		Type: IP

	IP Header
		IP Version: 4
		Header Len (bytes): 20
		TOS subfields:
			Diffserv bits: 0
			ECN bits: 0
		TTL: 253
		Protocol: UDP


Packet number: 165  Packet Len: 62

	Ethernet Header
		Dest MAC: 0:6:25:78:c4:7d
		Source MAC: 0:2:2d:90:75:89
		Type: IP

	IP Header
		IP Version: 4
		Header Len (bytes): 20
		TOS subfields:
			Diffserv bits: 0
			ECN bits: 0
		TTL: 128
		Protocol: TCP


Packet number: 166  Packet Len: 60

	Ethernet Header
		Dest MAC: 0:2:2d:90:75:89
		Source MAC: 0:6:25:78:c4:7d
		Type: IP

	IP Header
		IP Version: 4
		Header Len (bytes): 20
		TOS subfields:
			Diffserv bits: 0
			ECN bits: 0
		TTL: 238
		Protocol: TCP


Packet number: 167  Packet Len: 54

	Ethernet Header
		Dest MAC: 0:6:25:78:c4:7d
		Source MAC: 0:2:2d:90:75:89
		Type: IP

	IP Header
		IP Version: 4
		Header Len (bytes): 20
		TOS subfields:
			Diffserv bits: 0
			ECN bits: 0
		TTL: 128
		Protocol: TCP


Packet number: 168  Packet Len: 823

	Ethernet Header
		Dest MAC: 0:6:25:78:c4:7d
		Source MAC: 0:2:2d:90:75:89
		Type: IP

	IP Header
		IP Version: 4
		Header Len (bytes): 20
		TOS subfields:
			Diffserv bits: 0
			ECN bits: 0
		TTL: 128
		Protocol: TCP


Packet number: 169  Packet Len: 471

	Ethernet Header
		Dest MAC: 0:2:2d:90:75:89
		Source MAC: 0:6:25:78:c4:7d
		Type: IP

	IP Header
		IP Version: 4
		Header Len (bytes): 20
		TOS subfields:
			Diffserv bits: 0
			ECN bits: 0
		TTL: 111
		Protocol: TCP


Packet number: 170  Packet Len: 54

	Ethernet Header
		Dest MAC: 0:6:25:78:c4:7d
		Source MAC: 0:2:2d:90:75:89
		Type: IP

	IP Header
		IP Version: 4
		Header Len (bytes): 20
		TOS subfields:
			Diffserv bits: 0
			ECN bits: 0
		TTL: 128
		Protocol: TCP


Packet number: 171  Packet Len: 841

	Ethernet Header
		Dest MAC: 0:6:25:78:c4:7d
		Source MAC: 0:2:2d:90:75:89
		Type: IP

	IP Header
		IP Version: 4
		Header Len (bytes): 20
		TOS subfields:
			Diffserv bits: 0
			ECN bits: 0
		TTL: 128
		Protocol: TCP


Packet number: 172  Packet Len: 898

	Ethernet Header
		Dest MAC: 0:6:25:78:c4:7d
		Source MAC: 0:2:2d:90:75:89
		Type: IP

	IP Header
		IP Version: 4
		Header Len (bytes): 20
		TOS subfields:
			Diffserv bits: 0
			ECN bits: 0
		TTL: 128
		Protocol: TCP


Packet number: 173  Packet Len: 1136

	Ethernet Header
		Dest MAC: 0:6:25:78:c4:7d
		Source MAC: 0:2:2d:90:75:89
		Type: IP

	IP Header
		IP Version: 4
		Header Len (bytes): 20
		TOS subfields:
			Diffserv bits: 0
			ECN bits: 0
		TTL: 128
		Protocol: TCP


Packet number: 174  Packet Len: 283

	Ethernet Header
		Dest MAC: 0:2:2d:90:75:89
		Source MAC: 0:6:25:78:c4:7d
		Type: IP

	IP Header
		IP Version: 4
		Header Len (bytes): 20
		TOS subfields:
			Diffserv bits: 0
			ECN bits: 0
		TTL: 56
		Protocol: TCP


Packet number: 175  Packet Len: 243

	Ethernet Header
		Dest MAC: 0:2:2d:90:75:89
		Source MAC: 0:6:25:78:c4:7d
		Type: IP

	IP Header
		IP Version: 4
		Header Len (bytes): 20
		TOS subfields:
			Diffserv bits: 0
			ECN bits: 0
		TTL: 56
		Protocol: TCP


Packet number: 176  Packet Len: 54

	Ethernet Header
		Dest MAC: 0:6:25:78:c4:7d
		Source MAC: 0:2:2d:90:75:89
		Type: IP

	IP Header
		IP Version: 4
		Header Len (bytes): 20
		TOS subfields:
			Diffserv bits: 0
			ECN bits: 0
		TTL: 128
		Protocol: TCP


Packet number: 177  Packet Len: 1357

	Ethernet Header
		Dest MAC: 0:2:2d:90:75:89
		Source MAC: 0:6:25:78:c4:7d
		Type: IP

	IP Header
		IP Version: 4
		Header Len (bytes): 20
		TOS subfields:
			Diffserv bits: 0
			ECN bits: 0
		TTL: 239
		Protocol: TCP


Packet number: 178  Packet Len: 1506

	Ethernet Header
		Dest MAC: 0:2:2d:90:75:89
		Source MAC: 0:6:25:78:c4:7d
		Type: IP

	IP Header
		IP Version: 4
		Header Len (bytes): 20
		TOS subfields:
			Diffserv bits: 0
			ECN bits: 0
		TTL: 239
		Protocol: TCP


Packet number: 179  Packet Len: 54

	Ethernet Header
		Dest MAC: 0:6:25:78:c4:7d
		Source MAC: 0:2:2d:90:75:89
		Type: IP

	IP Header
		IP Version: 4
		Header Len (bytes): 20
		TOS subfields:
			Diffserv bits: 0
			ECN bits: 0
		TTL: 128
		Protocol: TCP


Packet number: 180  Packet Len: 54

	Ethernet Header
		Dest MAC: 0:6:25:78:c4:7d
		Source MAC: 0:2:2d:90:75:89
		Type: IP

	IP Header
		IP Version: 4
		Header Len (bytes): 20
		TOS subfields:
			Diffserv bits: 0
			ECN bits: 0
		TTL: 128
		Protocol: TCP


Packet number: 181  Packet Len: 849

	Ethernet Header
		Dest MAC: 0:6:25:78:c4:7d
		Source MAC: 0:2:2d:90:75:89
		Type: IP

	IP Header
		IP Version: 4
		Header Len (bytes): 20
		TOS subfields:
			Diffserv bits: 0
			ECN bits: 0
		TTL: 128
		Protocol: TCP


Packet number: 182  Packet Len: 1042

	Ethernet Header
		Dest MAC: 0:2:2d:90:75:89
		Source MAC: 0:6:25:78:c4:7d
		Type: IP

	IP Header
		IP Version: 4
		Header Len (bytes): 20
		TOS subfields:
			Diffserv bits: 0
			ECN bits: 0
		TTL: 239
		Protocol: TCP


Packet number: 183  Packet Len: 1063

	Ethernet Header
		Dest MAC: 0:2:2d:90:75:89
		Source MAC: 0:6:25:78:c4:7d
		Type: IP

	IP Header
		IP Version: 4
		Header Len (bytes): 20
		TOS subfields:
			Diffserv bits: 0
			ECN bits: 0
		TTL: 56
		Protocol: TCP


Packet number: 184  Packet Len: 54

	Ethernet Header
		Dest MAC: 0:6:25:78:c4:7d
		Source MAC: 0:2:2d:90:75:89
		Type: IP

	IP Header
		IP Version: 4
		Header Len (bytes): 20
		TOS subfields:
			Diffserv bits: 0
			ECN bits: 0
		TTL: 128
		Protocol: TCP


Packet number: 185  Packet Len: 54

	Ethernet Header
		Dest MAC: 0:6:25:78:c4:7d
		Source MAC: 0:2:2d:90:75:89
		Type: IP

	IP Header
		IP Version: 4
		Header Len (bytes): 20
		TOS subfields:
			Diffserv bits: 0
			ECN bits: 0
		TTL: 128
		Protocol: TCP


Packet number: 186  Packet Len: 1178

	Ethernet Header
		Dest MAC: 0:6:25:78:c4:7d
		Source MAC: 0:2:2d:90:75:89
		Type: IP

	IP Header
		IP Version: 4
		Header Len (bytes): 20
		TOS subfields:
			Diffserv bits: 0
			ECN bits: 0
		TTL: 128
		Protocol: TCP


Packet number: 187  Packet Len: 1043

	Ethernet Header
		Dest MAC: 0:2:2d:90:75:89
		Source MAC: 0:6:25:78:c4:7d
		Type: IP

	IP Header
		IP Version: 4
		Header Len (bytes): 20
		TOS subfields:
			Diffserv bits: 0
			ECN bits: 0
		TTL: 239
		Protocol: TCP


Packet number: 188  Packet Len: 54

	Ethernet Header
		Dest MAC: 0:6:25:78:c4:7d
		Source MAC: 0:2:2d:90:75:89
		Type: IP

	IP Header
		IP Version: 4
		Header Len (bytes): 20
		TOS subfields:
			Diffserv bits: 0
			ECN bits: 0
		TTL: 128
		Protocol: TCP


Packet number: 189  Packet Len: 573

	Ethernet Header
		Dest MAC: 0:2:2d:90:75:89
		Source MAC: 0:6:25:78:c4:7d
		Type: IP

	IP Header
		IP Version: 4
		Header Len (bytes): 20
		TOS subfields:
			Diffserv bits: 0
			ECN bits: 0
		TTL: 239
		Protocol: TCP


Packet number: 190  Packet Len: 883

	Ethernet Header
		Dest MAC: 0:6:25:78:c4:7d
		Source MAC: 0:2:2d:90:75:89
		Type: IP

	IP Header
		IP Version: 4
		Header Len (bytes): 20
		TOS subfields:
			Diffserv bits: 0
			ECN bits: 0
		TTL: 128
		Protocol: TCP


Packet number: 191  Packet Len: 54

	Ethernet Header
		Dest MAC: 0:6:25:78:c4:7d
		Source MAC: 0:2:2d:90:75:89
		Type: IP

	IP Header
		IP Version: 4
		Header Len (bytes): 20
		TOS subfields:
			Diffserv bits: 0
			ECN bits: 0
		TTL: 128
		Protocol: TCP


Packet number: 192  Packet Len: 283

	Ethernet Header
		Dest MAC: 0:2:2d:90:75:89
		Source MAC: 0:6:25:78:c4:7d
		Type: IP

	IP Header
		IP Version: 4
		Header Len (bytes): 20
		TOS subfields:
			Diffserv bits: 0
			ECN bits: 0
		TTL: 56
		Protocol: TCP


Packet number: 193  Packet Len: 54

	Ethernet Header
		Dest MAC: 0:6:25:78:c4:7d
		Source MAC: 0:2:2d:90:75:89
		Type: IP

	IP Header
		IP Version: 4
		Header Len (bytes): 20
		TOS subfields:
			Diffserv bits: 0
			ECN bits: 0
		TTL: 128
		Protocol: TCP


Packet number: 194  Packet Len: 846

	Ethernet Header
		Dest MAC: 0:6:25:78:c4:7d
		Source MAC: 0:2:2d:90:75:89
		Type: IP

	IP Header
		IP Version: 4
		Header Len (bytes): 20
		TOS subfields:
			Diffserv bits: 0
			ECN bits: 0
		TTL: 128
		Protocol: TCP


Packet number: 195  Packet Len: 852

	Ethernet Header
		Dest MAC: 0:6:25:78:c4:7d
		Source MAC: 0:2:2d:90:75:89
		Type: IP

	IP Header
		IP Version: 4
		Header Len (bytes): 20
		TOS subfields:
			Diffserv bits: 0
			ECN bits: 0
		TTL: 128
		Protocol: TCP


Packet number: 196  Packet Len: 283

	Ethernet Header
		Dest MAC: 0:2:2d:90:75:89
		Source MAC: 0:6:25:78:c4:7d
		Type: IP

	IP Header
		IP Version: 4
		Header Len (bytes): 20
		TOS subfields:
			Diffserv bits: 0
			ECN bits: 0
		TTL: 56
		Protocol: TCP


Packet number: 197  Packet Len: 866

	Ethernet Header
		Dest MAC: 0:6:25:78:c4:7d
		Source MAC: 0:2:2d:90:75:89
		Type: IP

	IP Header
		IP Version: 4
		Header Len (bytes): 20
		TOS subfields:
			Diffserv bits: 0
			ECN bits: 0
		TTL: 128
		Protocol: TCP


Packet number: 198  Packet Len: 284

	Ethernet Header
		Dest MAC: 0:2:2d:90:75:89
		Source MAC: 0:6:25:78:c4:7d
		Type: IP

	IP Header
		IP Version: 4
		Header Len (bytes): 20
		TOS subfields:
			Diffserv bits: 0
			ECN bits: 0
		TTL: 56
		Protocol: TCP


Packet number: 199  Packet Len: 876

	Ethernet Header
		Dest MAC: 0:6:25:78:c4:7d
		Source MAC: 0:2:2d:90:75:89
		Type: IP

	IP Header
		IP Version: 4
		Header Len (bytes): 20
		TOS subfields:
			Diffserv bits: 0
			ECN bits: 0
		TTL: 128
		Protocol: TCP


Packet number: 200  Packet Len: 284

	Ethernet Header
		Dest MAC: 0:2:2d:90:75:89
		Source MAC: 0:6:25:78:c4:7d
		Type: IP

	IP Header
		IP Version: 4
		Header Len (bytes): 20
		TOS subfields:
			Diffserv bits: 0
			ECN bits: 0
		TTL: 56
		Protocol: TCP


Packet number: 201  Packet Len: 829

	Ethernet Header
		Dest MAC: 0:6:25:78:c4:7d
		Source MAC: 0:2:2d:90:75:89
		Type: IP

	IP Header
		IP Version: 4
		Header Len (bytes): 20
		TOS subfields:
			Diffserv bits: 0
			ECN bits: 0
		TTL: 128
		Protocol: TCP


Packet number: 202  Packet Len: 283

	Ethernet Header
		Dest MAC: 0:2:2d:90:75:89
		Source MAC: 0:6:25:78:c4:7d
		Type: IP

	IP Header
		IP Version: 4
		Header Len (bytes): 20
		TOS subfields:
			Diffserv bits: 0
			ECN bits: 0
		TTL: 56
		Protocol: TCP


Packet number: 203  Packet Len: 297

	Ethernet Header
		Dest MAC: 0:2:2d:90:75:89
		Source MAC: 0:6:25:78:c4:7d
		Type: IP

	IP Header
		IP Version: 4
		Header Len (bytes): 20
		TOS subfields:
			Diffserv bits: 0
			ECN bits: 0
		TTL: 56
		Protocol: TCP


Packet number: 204  Packet Len: 54

	Ethernet Header
		Dest MAC: 0:6:25:78:c4:7d
		Source MAC: 0:2:2d:90:75:89
		Type: IP

	IP Header
		IP Version: 4
		Header Len (bytes): 20
		TOS subfields:
			Diffserv bits: 0
			ECN bits: 0
		TTL: 128
		Protocol: TCP


Packet number: 205  Packet Len: 54

	Ethernet Header
		Dest MAC: 0:6:25:78:c4:7d
		Source MAC: 0:2:2d:90:75:89
		Type: IP

	IP Header
		IP Version: 4
		Header Len (bytes): 20
		TOS subfields:
			Diffserv bits: 0
			ECN bits: 0
		TTL: 128
		Protocol: TCP


Packet number: 206  Packet Len: 908

	Ethernet Header
		Dest MAC: 0:6:25:78:c4:7d
		Source MAC: 0:2:2d:90:75:89
		Type: IP

	IP Header
		IP Version: 4
		Header Len (bytes): 20
		TOS subfields:
			Diffserv bits: 0
			ECN bits: 0
		TTL: 128
		Protocol: TCP


Packet number: 207  Packet Len: 284

	Ethernet Header
		Dest MAC: 0:2:2d:90:75:89
		Source MAC: 0:6:25:78:c4:7d
		Type: IP

	IP Header
		IP Version: 4
		Header Len (bytes): 20
		TOS subfields:
			Diffserv bits: 0
			ECN bits: 0
		TTL: 56
		Protocol: TCP


Packet number: 208  Packet Len: 54

	Ethernet Header
		Dest MAC: 0:6:25:78:c4:7d
		Source MAC: 0:2:2d:90:75:89
		Type: IP

	IP Header
		IP Version: 4
		Header Len (bytes): 20
		TOS subfields:
			Diffserv bits: 0
			ECN bits: 0
		TTL: 128
		Protocol: TCP


Packet number: 209  Packet Len: 54

	Ethernet Header
		Dest MAC: 0:6:25:78:c4:7d
		Source MAC: 0:2:2d:90:75:89
		Type: IP

	IP Header
		IP Version: 4
		Header Len (bytes): 20
		TOS subfields:
			Diffserv bits: 0
			ECN bits: 0
		TTL: 128
		Protocol: TCP


Packet number: 210  Packet Len: 54

	Ethernet Header
		Dest MAC: 0:6:25:78:c4:7d
		Source MAC: 0:2:2d:90:75:89
		Type: IP

	IP Header
		IP Version: 4
		Header Len (bytes): 20
		TOS subfields:
			Diffserv bits: 0
			ECN bits: 0
		TTL: 128
		Protocol: TCP


Packet number: 211  Packet Len: 54

	Ethernet Header
		Dest MAC: 0:6:25:78:c4:7d
		Source MAC: 0:2:2d:90:75:89
		Type: IP

	IP Header
		IP Version: 4
		Header Len (bytes): 20
		TOS subfields:
			Diffserv bits: 0
			ECN bits: 0
		TTL: 128
		Protocol: TCP


Packet number: 212  Packet Len: 54

	Ethernet Header
		Dest MAC: 0:6:25:78:c4:7d
		Source MAC: 0:2:2d:90:75:89
		Type: IP

	IP Header
		IP Version: 4
		Header Len (bytes): 20
		TOS subfields:
			Diffserv bits: 0
			ECN bits: 0
		TTL: 128
		Protocol: TCP


Packet number: 213  Packet Len: 54

	Ethernet Header
		Dest MAC: 0:6:25:78:c4:7d
		Source MAC: 0:2:2d:90:75:89
		Type: IP

	IP Header
		IP Version: 4
		Header Len (bytes): 20
		TOS subfields:
			Diffserv bits: 0
			ECN bits: 0
		TTL: 128
		Protocol: TCP


Packet number: 214  Packet Len: 54

	Ethernet Header
		Dest MAC: 0:6:25:78:c4:7d
		Source MAC: 0:2:2d:90:75:89
		Type: IP

	IP Header
		IP Version: 4
		Header Len (bytes): 20
		TOS subfields:
			Diffserv bits: 0
			ECN bits: 0
		TTL: 128
		Protocol: TCP


Packet number: 215  Packet Len: 60

	Ethernet Header
		Dest MAC: 0:2:2d:90:75:89
		Source MAC: 0:6:25:78:c4:7d
		Type: IP

	IP Header
		IP Version: 4
		Header Len (bytes): 20
		TOS subfields:
			Diffserv bits: 0
			ECN bits: 0
		TTL: 56
		Protocol: TCP


Packet number: 216  Packet Len: 54

	Ethernet Header
		Dest MAC: 0:6:25:78:c4:7d
		Source MAC: 0:2:2d:90:75:89
		Type: IP

	IP Header
		IP Version: 4
		Header Len (bytes): 20
		TOS subfields:
			Diffserv bits: 0
			ECN bits: 0
		TTL: 128
		Protocol: TCP


Packet number: 217  Packet Len: 60

	Ethernet Header
		Dest MAC: 0:2:2d:90:75:89
		Source MAC: 0:6:25:78:c4:7d
		Type: IP

	IP Header
		IP Version: 4
		Header Len (bytes): 20
		TOS subfields:
			Diffserv bits: 0
			ECN bits: 0
		TTL: 56
		Protocol: TCP


Packet number: 218  Packet Len: 54

	Ethernet Header
		Dest MAC: 0:6:25:78:c4:7d
		Source MAC: 0:2:2d:90:75:89
		Type: IP

	IP Header
		IP Version: 4
		Header Len (bytes): 20
		TOS subfields:
			Diffserv bits: 0
			ECN bits: 0
		TTL: 128
		Protocol: TCP


Packet number: 219  Packet Len: 60

	Ethernet Header
		Dest MAC: 0:2:2d:90:75:89
		Source MAC: 0:6:25:78:c4:7d
		Type: IP

	IP Header
		IP Version: 4
		Header Len (bytes): 20
		TOS subfields:
			Diffserv bits: 0
			ECN bits: 0
		TTL: 238
		Protocol: TCP


Packet number: 220  Packet Len: 54

	Ethernet Header
		Dest MAC: 0:6:25:78:c4:7d
		Source MAC: 0:2:2d:90:75:89
		Type: IP

	IP Header
		IP Version: 4
		Header Len (bytes): 20
		TOS subfields:
			Diffserv bits: 0
			ECN bits: 0
		TTL: 128
		Protocol: TCP


Packet number: 221  Packet Len: 60

	Ethernet Header
		Dest MAC: 0:2:2d:90:75:89
		Source MAC: 0:6:25:78:c4:7d
		Type: IP

	IP Header
		IP Version: 4
		Header Len (bytes): 20
		TOS subfields:
			Diffserv bits: 0
			ECN bits: 0
		TTL: 239
		Protocol: TCP


Packet number: 222  Packet Len: 60

	Ethernet Header
		Dest MAC: 0:2:2d:90:75:89
		Source MAC: 0:6:25:78:c4:7d
		Type: IP

	IP Header
		IP Version: 4
		Header Len (bytes): 20
		TOS subfields:
			Diffserv bits: 0
			ECN bits: 0
		TTL: 239
		Protocol: TCP


Packet number: 223  Packet Len: 54

	Ethernet Header
		Dest MAC: 0:6:25:78:c4:7d
		Source MAC: 0:2:2d:90:75:89
		Type: IP

	IP Header
		IP Version: 4
		Header Len (bytes): 20
		TOS subfields:
			Diffserv bits: 0
			ECN bits: 0
		TTL: 128
		Protocol: TCP


Packet number: 224  Packet Len: 60

	Ethernet Header
		Dest MAC: 0:2:2d:90:75:89
		Source MAC: 0:6:25:78:c4:7d
		Type: IP

	IP Header
		IP Version: 4
		Header Len (bytes): 20
		TOS subfields:
			Diffserv bits: 0
			ECN bits: 0
		TTL: 239
		Protocol: TCP


Packet number: 225  Packet Len: 60

	Ethernet Header
		Dest MAC: 0:2:2d:90:75:89
		Source MAC: 0:6:25:78:c4:7d
		Type: IP

	IP Header
		IP Version: 4
		Header Len (bytes): 20
		TOS subfields:
			Diffserv bits: 0
			ECN bits: 0
		TTL: 239
		Protocol: TCP


Packet number: 226  Packet Len: 54

	Ethernet Header
		Dest MAC: 0:6:25:78:c4:7d
		Source MAC: 0:2:2d:90:75:89
		Type: IP

	IP Header
		IP Version: 4
		Header Len (bytes): 20
		TOS subfields:
			Diffserv bits: 0
			ECN bits: 0
		TTL: 128
		Protocol: TCP


Packet number: 227  Packet Len: 60

	Ethernet Header
		Dest MAC: 0:2:2d:90:75:89
		Source MAC: 0:6:25:78:c4:7d
		Type: IP

	IP Header
		IP Version: 4
		Header Len (bytes): 20
		TOS subfields:
			Diffserv bits: 0
			ECN bits: 0
		TTL: 238
		Protocol: TCP


Packet number: 228  Packet Len: 60

	Ethernet Header
		Dest MAC: 0:2:2d:90:75:89
		Source MAC: 0:6:25:78:c4:7d
		Type: IP

	IP Header
		IP Version: 4
		Header Len (bytes): 20
		TOS subfields:
			Diffserv bits: 0
			ECN bits: 0
		TTL: 238
		Protocol: TCP


Packet number: 229  Packet Len: 54

	Ethernet Header
		Dest MAC: 0:6:25:78:c4:7d
		Source MAC: 0:2:2d:90:75:89
		Type: IP

	IP Header
		IP Version: 4
		Header Len (bytes): 20
		TOS subfields:
			Diffserv bits: 0
			ECN bits: 0
		TTL: 128
		Protocol: TCP

