161.23 235.98 -88.93 -264.37 94.41 284.85 -143.70 25.56 204.23 148.24 71.62 349.18 517.63 -223.80 80.93 -217.25 121.68 416.17 139.45 306.56 -193.27 222.41 331.53 243.08 -192.79 -189.12 232.40 246.69 281.87 -201.84 88.94 56.24 
96.84 -60.50 -123.72 367.96 -42.96 181.25 171.75 121.93 -55.67 235.92 -116.30 -6.73 -187.33 10.14 197.48 -208.13 -66.00 42.23 65.42 -20.44 15.68 -17.41 165.31 124.17 107.61 -42.71 80.64 58.97 105.18 284.62 -218.52 20.67 
8.06 420.99 53.43 -11.38 -182.03 143.92 436.40 147.13 25.52 267.41 174.99 92.44 5.75 -153.77 226.23 91.34 18.47 26.11 244.98 189.17 -89.69 6.50 94.20 19.70 -5.11 183.61 391.88 -167.85 254.12 29.18 305.68 164.73 
3.61 32.50 67.80 236.04 -74.55 263.94 21.21 211.69 621.84 145.83 238.66 33.46 208.34 18.31 -51.70 -42.96 103.96 -22.05 234.76 13.88 275.04 49.50 402.86 274.53 -92.33 19.46 -84.27 32.04 186.53 8.24 255.72 185.46 
49.11 -286.64 118.28 183.18 110.50 -100.76 -276.15 -77.68 50.36 -137.11 -151.83 -187.75 138.46 -99.68 217.19 -96.79 35.04 381.23 19.48 103.34 -100.71 -30.35 106.24 159.10 125.72 -65.28 22.28 210.89 227.35 197.62 165.49 208.87 
168.77 -284.37 101.20 232.05 -27.88 1.15 241.54 182.86 150.41 33.01 -131.97 520.38 230.29 -90.98 295.18 -24.52 342.50 105.34 41.03 -85.09 -71.91 -9.21 78.02 29.63 202.71 136.10 -95.51 212.87 229.71 380.88 28.34 763.78 
-68.40 -257.57 413.41 533.91 453.05 31.30 178.57 -218.74 67.41 44.04 -142.85 -356.61 -111.61 249.81 325.00 34.85 -22.77 181.40 34.81 37.03 -111.97 47.58 172.28 25.07 24.08 167.52 311.50 220.22 274.84 447.34 57.69 116.86 
223.55 81.35 -73.63 333.20 237.88 96.94 119.10 88.79 210.15 128.04 -24.19 -38.47 518.56 150.37 -55.69 -202.56 123.15 132.49 90.34 281.02 -21.00 291.16 -157.92 448.82 207.75 -138.85 -279.31 355.38 339.46 184.37 -157.39 -338.78 
-180.03 98.27 -255.62 -411.16 75.81 179.97 -12.69 165.47 113.17 177.84 64.82 -349.09 148.73 -261.39 -76.97 16.74 163.86 426.57 372.83 211.50 -311.41 -151.55 427.50 3.29 278.81 -60.21 118.45 -1.95 -44.69 -82.05 172.65 99.84 
-7.57 -116.50 65.59 231.39 175.16 169.00 -57.69 103.15 117.53 -69.79 374.02 189.03 24.69 -55.48 36.31 -41.80 -201.16 25.96 -183.92 -85.80 -29.88 -1.23 105.30 5.03 9.55 -63.95 11.79 156.17 -53.97 160.26 -45.28 -71.00 
157.28 260.74 -59.35 -137.06 -256.18 99.89 137.46 36.47 278.57 523.65 36.58 -69.89 9.65 -282.29 -39.50 217.88 -85.15 -147.25 410.38 157.34 284.95 -169.20 257.65 -196.25 -6.66 2.81 113.32 -164.92 -62.15 37.82 -37.69 -202.09 
453.16 531.20 -219.72 -324.07 29.31 460.64 106.70 142.51 -27.44 64.62 350.77 598.64 770.93 -204.56 382.46 112.39 88.75 323.17 -178.48 630.28 -280.14 95.89 35.10 321.50 -301.74 -146.70 298.00 240.82 206.71 -136.82 271.98 412.70 
-136.04 -2.55 116.62 -117.87 -296.17 29.19 -134.93 251.75 -127.34 66.46 327.65 319.26 -43.85 115.23 16.56 84.97 -299.36 109.91 34.57 187.10 241.18 116.72 121.88 -98.10 -79.24 392.95 376.72 -192.07 -112.86 -115.45 -68.54 107.43 
-67.56 244.16 20.77 371.96 235.65 146.76 -121.82 -273.95 81.71 -144.66 -359.96 -213.13 138.07 260.35 207.68 -179.36 -109.69 485.53 85.43 198.20 -335.75 -138.84 272.54 204.16 -57.17 -156.89 165.52 220.32 479.06 338.04 313.50 247.32 
177.75 -6.86 -237.02 -2.89 314.72 56.26 -76.87 -35.89 163.83 -83.47 218.11 166.54 163.51 -63.67 -110.18 -55.66 -272.17 324.49 -127.12 96.11 -376.08 158.42 95.84 9.99 89.37 120.94 0.42 270.49 66.54 58.48 373.98 417.02 
-49.03 -330.37 46.21 304.47 226.24 -151.44 121.18 -99.17 51.74 109.62 -90.62 -49.18 112.33 75.30 77.13 -319.65 266.87 -52.71 246.19 80.69 109.64 411.87 -12.00 199.11 174.47 320.70 117.66 221.34 236.20 -163.86 -199.77 -151.43 
-294.08 -294.34 20.53 -88.77 314.19 102.25 -160.43 -3.63 340.76 -163.36 150.91 241.90 295.73 -83.05 -346.72 -87.76 152.61 61.91 118.70 -185.56 188.02 164.84 75.76 218.85 49.74 -124.10 -419.29 271.96 -139.17 -195.79 112.40 162.15 
-45.16 -255.46 197.96 -214.47 2.71 149.75 69.19 -108.62 -53.11 103.07 319.16 603.06 156.94 -162.51 -190.63 -381.02 -159.98 -43.12 -1.48 130.85 44.55 154.99 -109.41 261.70 -3.21 236.18 -33.96 100.70 -24.07 3.22 -63.97 211.74 
153.13 426.33 -12.41 -257.73 -108.00 211.63 197.01 140.13 127.08 126.62 134.95 -83.29 324.08 240.01 -117.85 135.89 127.08 96.46 159.46 279.61 -86.96 38.02 385.52 -43.64 -75.46 -197.17 221.06 -174.13 163.63 61.80 225.37 -150.95 
221.67 -114.44 175.08 249.50 -3.24 387.77 101.88 175.02 103.46 130.86 -74.50 -191.54 -62.80 -153.31 137.15 9.39 -213.17 81.24 -56.45 -40.86 184.86 -30.59 27.00 139.02 -105.86 -383.61 -114.95 222.88 -40.68 242.09 -87.33 107.17 
191.77 71.33 284.51 41.14 -236.43 303.88 213.84 -15.20 -25.16 276.86 159.17 193.25 88.95 121.29 362.78 -109.96 199.34 -108.99 137.97 324.30 120.11 80.35 107.46 236.28 -314.56 142.79 385.17 47.45 410.55 85.47 -11.51 -80.50 
-45.75 413.03 -211.13 29.59 176.61 87.72 220.54 347.67 240.10 -54.41 144.02 -49.88 213.45 -110.10 -53.18 -259.12 114.61 319.85 275.13 180.81 56.91 59.70 123.78 184.58 -20.05 70.45 132.77 272.91 129.71 -78.89 342.28 204.13 
-268.70 33.03 -63.20 -129.48 -190.66 177.34 30.14 103.01 22.99 143.21 130.04 -93.09 83.44 -205.74 74.35 99.75 237.48 249.05 291.64 281.07 183.67 15.52 221.00 118.08 3.71 -97.17 131.38 203.88 -11.24 -52.63 402.83 288.55 
20.75 -88.20 233.00 -315.96 -219.40 346.47 -27.13 103.57 138.74 277.75 333.53 293.03 336.04 -38.44 19.43 36.18 205.95 31.70 152.76 293.07 155.05 77.80 336.09 158.66 -12.56 157.97 165.37 60.44 28.12 128.59 -102.30 195.66 
76.70 198.46 -99.19 -3.35 -92.80 259.22 32.54 247.07 52.21 400.64 -29.14 123.35 524.28 -74.53 423.23 159.23 263.39 555.28 267.90 470.77 -115.32 132.19 286.31 246.48 277.32 -18.67 403.85 229.63 336.89 108.88 109.87 285.75 
434.59 50.23 -333.50 158.25 -344.03 90.36 -42.11 380.45 189.17 34.73 95.53 64.00 63.17 -210.86 258.72 -138.92 69.92 362.40 286.28 93.15 -265.35 119.94 264.63 -159.64 196.11 24.28 45.65 114.92 369.68 -56.15 371.87 349.48 
119.69 66.13 90.45 58.41 139.03 525.08 -205.75 -205.95 -130.43 171.13 126.65 -1.18 627.90 194.71 99.63 -361.44 -13.17 431.60 175.27 488.48 -205.97 303.60 187.12 469.51 101.10 -97.74 358.71 173.27 222.32 -181.47 104.57 7.06 
121.10 -32.82 -83.28 89.32 73.36 135.72 -338.76 -455.79 -208.23 172.35 184.54 82.03 480.94 141.02 100.89 -108.80 176.62 223.68 193.03 318.72 -393.80 201.15 -58.11 363.23 231.59 -109.35 26.29 44.40 379.70 92.92 313.50 -106.62 
88.97 339.02 -368.68 101.22 224.31 274.64 104.65 315.34 95.08 193.20 248.55 320.57 327.85 83.19 81.39 147.00 -109.05 519.69 156.69 250.52 -159.71 440.74 219.75 336.22 109.17 7.95 204.18 109.20 328.35 -23.82 407.03 227.31 
130.56 164.94 -9.95 258.39 -10.07 211.46 2.10 152.78 242.34 308.50 -42.00 73.25 428.23 -59.14 402.65 -22.60 321.64 442.73 272.46 321.96 -151.66 174.55 394.41 160.40 216.22 83.16 349.56 326.85 432.70 298.02 107.51 354.32 
130.60 163.06 86.87 -122.77 -15.41 142.31 165.68 175.38 213.15 246.16 101.42 27.63 301.75 141.01 201.22 -63.78 327.02 415.83 283.11 495.71 -93.89 202.44 418.32 346.77 -139.44 337.58 372.42 38.37 538.51 -50.89 259.53 160.01 
19.53 -177.58 -43.49 220.36 64.85 -15.23 267.24 291.60 415.58 2.24 164.12 -215.96 229.81 -83.75 1.66 207.76 432.35 264.56 90.76 75.51 -310.59 34.13 386.35 23.08 543.69 221.63 -226.84 127.26 231.02 310.34 243.61 276.74 
