The system is: Linux - 2.6.32-573.el6.x86_64 - x86_64
Compiling the C compiler identification source file "CMakeCCompilerId.c" succeeded.
Compiler: /opt/intel/compilers_and_libraries_2016.0.109/linux/bin/intel64/icc 
Build flags: 
Id flags: 

The output was:
0


Compilation of the C compiler identification source "CMakeCCompilerId.c" produced "a.out"

The C compiler identification is Intel, found in "/home/ademello/CPE419/L09/build/CMakeFiles/2.8.12.2/CompilerIdC/a.out"

Compiling the CXX compiler identification source file "CMakeCXXCompilerId.cpp" succeeded.
Compiler: /opt/intel/compilers_and_libraries_2016.0.109/linux/bin/intel64/icpc 
Build flags: 
Id flags: 

The output was:
0


Compilation of the CXX compiler identification source "CMakeCXXCompilerId.cpp" produced "a.out"

The CXX compiler identification is Intel, found in "/home/ademello/CPE419/L09/build/CMakeFiles/2.8.12.2/CompilerIdCXX/a.out"

Determining if the C compiler works passed with the following output:
Change Dir: /home/ademello/CPE419/L09/build/CMakeFiles/CMakeTmp

Run Build Command:/usr/bin/gmake "cmTryCompileExec1172683573/fast"
/usr/bin/gmake -f CMakeFiles/cmTryCompileExec1172683573.dir/build.make CMakeFiles/cmTryCompileExec1172683573.dir/build
gmake[1]: Entering directory `/home/ademello/CPE419/L09/build/CMakeFiles/CMakeTmp'
/usr/bin/cmake -E cmake_progress_report /home/ademello/CPE419/L09/build/CMakeFiles/CMakeTmp/CMakeFiles 1
Building C object CMakeFiles/cmTryCompileExec1172683573.dir/testCCompiler.c.o
/opt/intel/compilers_and_libraries_2016.0.109/linux/bin/intel64/icc    -o CMakeFiles/cmTryCompileExec1172683573.dir/testCCompiler.c.o   -c /home/ademello/CPE419/L09/build/CMakeFiles/CMakeTmp/testCCompiler.c
Linking C executable cmTryCompileExec1172683573
/usr/bin/cmake -E cmake_link_script CMakeFiles/cmTryCompileExec1172683573.dir/link.txt --verbose=1
/opt/intel/compilers_and_libraries_2016.0.109/linux/bin/intel64/icc       CMakeFiles/cmTryCompileExec1172683573.dir/testCCompiler.c.o  -o cmTryCompileExec1172683573 -rdynamic 
gmake[1]: Leaving directory `/home/ademello/CPE419/L09/build/CMakeFiles/CMakeTmp'


Detecting C compiler ABI info compiled with the following output:
Change Dir: /home/ademello/CPE419/L09/build/CMakeFiles/CMakeTmp

Run Build Command:/usr/bin/gmake "cmTryCompileExec2140301814/fast"
/usr/bin/gmake -f CMakeFiles/cmTryCompileExec2140301814.dir/build.make CMakeFiles/cmTryCompileExec2140301814.dir/build
gmake[1]: Entering directory `/home/ademello/CPE419/L09/build/CMakeFiles/CMakeTmp'
/usr/bin/cmake -E cmake_progress_report /home/ademello/CPE419/L09/build/CMakeFiles/CMakeTmp/CMakeFiles 1
Building C object CMakeFiles/cmTryCompileExec2140301814.dir/CMakeCCompilerABI.c.o
/opt/intel/compilers_and_libraries_2016.0.109/linux/bin/intel64/icc    -o CMakeFiles/cmTryCompileExec2140301814.dir/CMakeCCompilerABI.c.o   -c /usr/share/cmake/Modules/CMakeCCompilerABI.c
Linking C executable cmTryCompileExec2140301814
/usr/bin/cmake -E cmake_link_script CMakeFiles/cmTryCompileExec2140301814.dir/link.txt --verbose=1
/opt/intel/compilers_and_libraries_2016.0.109/linux/bin/intel64/icc     -v CMakeFiles/cmTryCompileExec2140301814.dir/CMakeCCompilerABI.c.o  -o cmTryCompileExec2140301814 -rdynamic  
icc version 16.0.0 (gcc version 4.4.7 compatibility)
/opt/intel/compilers_and_libraries_2016.0.109/linux/bin/intel64/mcpcom    -mGLOB_em64t=TRUE -mP1OPT_version=16.0-intel64 -mGLOB_diag_file=CMakeFiles/cmTryCompileExec2140301814.dir/CMakeCCompilerABI.c.diag -mP1OPT_print_version=FALSE -mCG_use_gas_got_workaround=F -mP2OPT_align_option_used=TRUE -mGLOB_gcc_version=447 "-mGLOB_options_string=-v -o cmTryCompileExec2140301814 -rdynamic" -mGLOB_cxx_limited_range=FALSE -mCG_extend_parms=FALSE -mGLOB_compiler_bin_directory=/opt/intel/compilers_and_libraries_2016.0.109/linux/bin/intel64 -mGLOB_as_output_backup_file_name=/tmp/iccFoO9gJas_.s -mGLOB_dashboard_use_source_name -mIPOPT_activate -mGLOB_product_id_code=0x22006d91 -mP3OPT_use_mspp_call_convention -mP2OPT_subs_out_of_bound=FALSE -mP2OPT_disam_type_based_disam=2 -mP2OPT_disam_assume_ansi_c -mP2OPT_checked_disam_ansi_alias=TRUE -mGLOB_ansi_alias -mPGOPTI_value_profile_use=T -mGLOB_opt_report_use_source_name -mP2OPT_il0_array_sections=TRUE -mGLOB_offload_mode=1 -mP2OPT_offload_unique_var_string=icc0101610481181h2wlry -mP2OPT_hlo -mP2OPT_hpo_rtt_control=0 -mIPOPT_args_in_regs=0 -mP2OPT_disam_assume_nonstd_intent_in=FALSE -mGLOB_imf_mapping_library=/opt/intel/compilers_and_libraries_2016.0.109/linux/bin/intel64/libiml_attr.so -mPGOPTI_gen_threadsafe_level=0 -mIPOPT_link -mIPOPT_ipo_activate -mIPOPT_mo_activate -mIPOPT_source_files_list=/tmp/iccslisu3cZXC -mIPOPT_mo_global_data -mIPOPT_link_script_file=/tmp/iccscriptrhBBJZ "-mIPOPT_cmdline_link="/usr/lib/gcc/x86_64-redhat-linux/4.4.7/../../../../lib64/crt1.o" "/usr/lib/gcc/x86_64-redhat-linux/4.4.7/../../../../lib64/crti.o" "/usr/lib/gcc/x86_64-redhat-linux/4.4.7/crtbegin.o" "-export-dynamic" "--eh-frame-hdr" "--build-id" "-dynamic-linker" "/lib64/ld-linux-x86-64.so.2" "-m" "elf_x86_64" "-o" "cmTryCompileExec2140301814" "-L/opt/intel/compilers_and_libraries_2016.0.109/linux/ipp/../compiler/lib/intel64" "-L/opt/intel/compilers_and_libraries_2016.0.109/linux/ipp/lib/intel64" "-L/opt/intel/compilers_and_libraries_2016.0.109/linux/compiler/lib/intel64" "-L/opt/intel/compilers_and_libraries_2016.0.109/linux/mkl/lib/intel64" "-L/opt/intel/compilers_and_libraries_2016.0.109/linux/tbb/lib/intel64/gcc4.4" "-L/opt/intel/compilers_and_libraries_2016.0.109/linux/daal/lib/intel64_lin" "-L/opt/intel/compilers_and_libraries_2016.0.109/linux/daal/../compiler/lib/intel64_lin" "-L/opt/intel/compilers_and_libraries_2016.0.109/linux/ipp/../compiler/lib/intel64" "-L/opt/intel/compilers_and_libraries_2016.0.109/linux/ipp/lib/intel64" "-L/opt/intel/compilers_and_libraries_2016.0.109/linux/compiler/lib/intel64" "-L/opt/intel/compilers_and_libraries_2016.0.109/linux/mkl/lib/intel64" "-L/opt/intel/compilers_and_libraries_2016.0.109/linux/tbb/lib/intel64/gcc4.4" "-L/opt/intel/compilers_and_libraries_2016.0.109/linux/daal/lib/intel64_lin" "-L/opt/intel/compilers_and_libraries_2016.0.109/linux/daal/../tbb/lib/intel64_lin/gcc4.4" "-L/opt/intel/compilers_and_libraries_2016.0.109/linux/daal/../compiler/lib/intel64_lin" "-L/opt/intel/compilers_and_libraries_2016.0.109/linux/compiler/lib/intel64_lin" "-L/usr/lib/gcc/x86_64-redhat-linux/4.4.7/" "-L/usr/lib/gcc/x86_64-redhat-linux/4.4.7/../../../../lib64" "-L/usr/lib/gcc/x86_64-redhat-linux/4.4.7/../../../../lib64/" "-L/lib/../lib64" "-L/lib/../lib64/" "-L/usr/lib/../lib64" "-L/usr/lib/../lib64/" "-L/opt/intel/compilers_and_libraries_2016.0.109/linux/ipp/../compiler/lib/intel64/" "-L/opt/intel/compilers_and_libraries_2016.0.109/linux/ipp/lib/intel64/" "-L/opt/intel/compilers_and_libraries_2016.0.109/linux/compiler/lib/intel64/" "-L/opt/intel/compilers_and_libraries_2016.0.109/linux/mkl/lib/intel64/" "-L/opt/intel/compilers_and_libraries_2016.0.109/linux/tbb/lib/intel64/gcc4.4/" "-L/opt/intel/compilers_and_libraries_2016.0.109/linux/daal/lib/intel64_lin/" "-L/opt/intel/compilers_and_libraries_2016.0.109/linux/daal/../compiler/lib/intel64_lin/" "-L/opt/intel/compilers_and_libraries_2016.0.109/linux/daal/../tbb/lib/intel64_lin/gcc4.4/" "-L/usr/lib/gcc/x86_64-redhat-linux/4.4.7/../../../" "-L/lib64" "-L/lib/" "-L/usr/lib64" "-L/usr/lib" "CMakeFiles/cmTryCompileExec2140301814.dir/CMakeCCompilerABI.c.o" "-Bdynamic" "-Bstatic" "-limf" "-lsvml" "-lirng" "-Bdynamic" "-lm" "-Bstatic" "-lipgo" "-ldecimal" "--as-needed" "-Bdynamic" "-lcilkrts" "-lstdc++" "--no-as-needed" "-lgcc" "-lgcc_s" "-Bstatic" "-lirc" "-lsvml" "-Bdynamic" "-lc" "-lgcc" "-lgcc_s" "-Bstatic" "-lirc_s" "-Bdynamic" "-ldl" "-lc" "/usr/lib/gcc/x86_64-redhat-linux/4.4.7/crtend.o" "/usr/lib/gcc/x86_64-redhat-linux/4.4.7/../../../../lib64/crtn.o"" -mIPOPT_il_in_obj -mIPOPT_ipo_activate_warn=FALSE -mIPOPT_obj_output_file_name=/tmp/ipo_icc8nmtmq.o -mIPOPT_whole_archive_fixup_file_name=/tmp/iccwarch1UVcfp -mGLOB_linker_version=2.20.51.0.2 -mGLOB_long_size_64 -mGLOB_routine_pointer_size_64 -mGLOB_driver_tempfile_name=/tmp/icctempfileKQS93L -mP3OPT_asm_target=P3OPT_ASM_TARGET_GAS -mGLOB_async_unwind_tables=TRUE -mGLOB_obj_output_file=/tmp/ipo_icc8nmtmq.o -mGLOB_source_dialect=GLOB_SOURCE_DIALECT_NONE -mP1OPT_source_file_name=ipo_out.c CMakeFiles/cmTryCompileExec2140301814.dir/CMakeCCompilerABI.c.o -mIPOPT_object_files=T -mIPOPT_assembly_files=/tmp/iccalisyTaBT9 -mIPOPT_generated_tempfiles=/tmp/iccelisNkibFw -mIPOPT_embedded_object_base_name=/tmp/icceobj8oZLqT -mIPOPT_cmdline_link_new_name=/tmp/icclliszGjncg
ld    /usr/lib/gcc/x86_64-redhat-linux/4.4.7/../../../../lib64/crt1.o /usr/lib/gcc/x86_64-redhat-linux/4.4.7/../../../../lib64/crti.o /usr/lib/gcc/x86_64-redhat-linux/4.4.7/crtbegin.o -export-dynamic --eh-frame-hdr --build-id -dynamic-linker /lib64/ld-linux-x86-64.so.2 -m elf_x86_64 -o cmTryCompileExec2140301814 -L/opt/intel/compilers_and_libraries_2016.0.109/linux/ipp/../compiler/lib/intel64 -L/opt/intel/compilers_and_libraries_2016.0.109/linux/ipp/lib/intel64 -L/opt/intel/compilers_and_libraries_2016.0.109/linux/compiler/lib/intel64 -L/opt/intel/compilers_and_libraries_2016.0.109/linux/mkl/lib/intel64 -L/opt/intel/compilers_and_libraries_2016.0.109/linux/tbb/lib/intel64/gcc4.4 -L/opt/intel/compilers_and_libraries_2016.0.109/linux/daal/lib/intel64_lin -L/opt/intel/compilers_and_libraries_2016.0.109/linux/daal/../compiler/lib/intel64_lin -L/opt/intel/compilers_and_libraries_2016.0.109/linux/ipp/../compiler/lib/intel64 -L/opt/intel/compilers_and_libraries_2016.0.109/linux/ipp/lib/intel64 -L/opt/intel/compilers_and_libraries_2016.0.109/linux/compiler/lib/intel64 -L/opt/intel/compilers_and_libraries_2016.0.109/linux/mkl/lib/intel64 -L/opt/intel/compilers_and_libraries_2016.0.109/linux/tbb/lib/intel64/gcc4.4 -L/opt/intel/compilers_and_libraries_2016.0.109/linux/daal/lib/intel64_lin -L/opt/intel/compilers_and_libraries_2016.0.109/linux/daal/../tbb/lib/intel64_lin/gcc4.4 -L/opt/intel/compilers_and_libraries_2016.0.109/linux/daal/../compiler/lib/intel64_lin -L/opt/intel/compilers_and_libraries_2016.0.109/linux/compiler/lib/intel64_lin -L/usr/lib/gcc/x86_64-redhat-linux/4.4.7/ -L/usr/lib/gcc/x86_64-redhat-linux/4.4.7/../../../../lib64 -L/usr/lib/gcc/x86_64-redhat-linux/4.4.7/../../../../lib64/ -L/lib/../lib64 -L/lib/../lib64/ -L/usr/lib/../lib64 -L/usr/lib/../lib64/ -L/opt/intel/compilers_and_libraries_2016.0.109/linux/ipp/../compiler/lib/intel64/ -L/opt/intel/compilers_and_libraries_2016.0.109/linux/ipp/lib/intel64/ -L/opt/intel/compilers_and_libraries_2016.0.109/linux/compiler/lib/intel64/ -L/opt/intel/compilers_and_libraries_2016.0.109/linux/mkl/lib/intel64/ -L/opt/intel/compilers_and_libraries_2016.0.109/linux/tbb/lib/intel64/gcc4.4/ -L/opt/intel/compilers_and_libraries_2016.0.109/linux/daal/lib/intel64_lin/ -L/opt/intel/compilers_and_libraries_2016.0.109/linux/daal/../compiler/lib/intel64_lin/ -L/opt/intel/compilers_and_libraries_2016.0.109/linux/daal/../tbb/lib/intel64_lin/gcc4.4/ -L/usr/lib/gcc/x86_64-redhat-linux/4.4.7/../../../ -L/lib64 -L/lib/ -L/usr/lib64 -L/usr/lib CMakeFiles/cmTryCompileExec2140301814.dir/CMakeCCompilerABI.c.o -Bdynamic -Bstatic -limf -lsvml -lirng -Bdynamic -lm -Bstatic -lipgo -ldecimal --as-needed -Bdynamic -lcilkrts -lstdc++ --no-as-needed -lgcc -lgcc_s -Bstatic -lirc -lsvml -Bdynamic -lc -lgcc -lgcc_s -Bstatic -lirc_s -Bdynamic -ldl -lc /usr/lib/gcc/x86_64-redhat-linux/4.4.7/crtend.o /usr/lib/gcc/x86_64-redhat-linux/4.4.7/../../../../lib64/crtn.o
gmake[1]: Leaving directory `/home/ademello/CPE419/L09/build/CMakeFiles/CMakeTmp'


Parsed C implicit link information from above output:
  link line regex: [^( *|.*[/\])(ld|([^/\]+-)?ld|collect2)[^/\]*( |$)]
  ignore line: [Change Dir: /home/ademello/CPE419/L09/build/CMakeFiles/CMakeTmp]
  ignore line: []
  ignore line: [Run Build Command:/usr/bin/gmake "cmTryCompileExec2140301814/fast"]
  ignore line: [/usr/bin/gmake -f CMakeFiles/cmTryCompileExec2140301814.dir/build.make CMakeFiles/cmTryCompileExec2140301814.dir/build]
  ignore line: [gmake[1]: Entering directory `/home/ademello/CPE419/L09/build/CMakeFiles/CMakeTmp']
  ignore line: [/usr/bin/cmake -E cmake_progress_report /home/ademello/CPE419/L09/build/CMakeFiles/CMakeTmp/CMakeFiles 1]
  ignore line: [Building C object CMakeFiles/cmTryCompileExec2140301814.dir/CMakeCCompilerABI.c.o]
  ignore line: [/opt/intel/compilers_and_libraries_2016.0.109/linux/bin/intel64/icc    -o CMakeFiles/cmTryCompileExec2140301814.dir/CMakeCCompilerABI.c.o   -c /usr/share/cmake/Modules/CMakeCCompilerABI.c]
  ignore line: [Linking C executable cmTryCompileExec2140301814]
  ignore line: [/usr/bin/cmake -E cmake_link_script CMakeFiles/cmTryCompileExec2140301814.dir/link.txt --verbose=1]
  ignore line: [/opt/intel/compilers_and_libraries_2016.0.109/linux/bin/intel64/icc     -v CMakeFiles/cmTryCompileExec2140301814.dir/CMakeCCompilerABI.c.o  -o cmTryCompileExec2140301814 -rdynamic  ]
  ignore line: [icc version 16.0.0 (gcc version 4.4.7 compatibility)]
  ignore line: [/opt/intel/compilers_and_libraries_2016.0.109/linux/bin/intel64/mcpcom    -mGLOB_em64t=TRUE -mP1OPT_version=16.0-intel64 -mGLOB_diag_file=CMakeFiles/cmTryCompileExec2140301814.dir/CMakeCCompilerABI.c.diag -mP1OPT_print_version=FALSE -mCG_use_gas_got_workaround=F -mP2OPT_align_option_used=TRUE -mGLOB_gcc_version=447 "-mGLOB_options_string=-v -o cmTryCompileExec2140301814 -rdynamic" -mGLOB_cxx_limited_range=FALSE -mCG_extend_parms=FALSE -mGLOB_compiler_bin_directory=/opt/intel/compilers_and_libraries_2016.0.109/linux/bin/intel64 -mGLOB_as_output_backup_file_name=/tmp/iccFoO9gJas_.s -mGLOB_dashboard_use_source_name -mIPOPT_activate -mGLOB_product_id_code=0x22006d91 -mP3OPT_use_mspp_call_convention -mP2OPT_subs_out_of_bound=FALSE -mP2OPT_disam_type_based_disam=2 -mP2OPT_disam_assume_ansi_c -mP2OPT_checked_disam_ansi_alias=TRUE -mGLOB_ansi_alias -mPGOPTI_value_profile_use=T -mGLOB_opt_report_use_source_name -mP2OPT_il0_array_sections=TRUE -mGLOB_offload_mode=1 -mP2OPT_offload_unique_var_string=icc0101610481181h2wlry -mP2OPT_hlo -mP2OPT_hpo_rtt_control=0 -mIPOPT_args_in_regs=0 -mP2OPT_disam_assume_nonstd_intent_in=FALSE -mGLOB_imf_mapping_library=/opt/intel/compilers_and_libraries_2016.0.109/linux/bin/intel64/libiml_attr.so -mPGOPTI_gen_threadsafe_level=0 -mIPOPT_link -mIPOPT_ipo_activate -mIPOPT_mo_activate -mIPOPT_source_files_list=/tmp/iccslisu3cZXC -mIPOPT_mo_global_data -mIPOPT_link_script_file=/tmp/iccscriptrhBBJZ "-mIPOPT_cmdline_link="/usr/lib/gcc/x86_64-redhat-linux/4.4.7/../../../../lib64/crt1.o" "/usr/lib/gcc/x86_64-redhat-linux/4.4.7/../../../../lib64/crti.o" "/usr/lib/gcc/x86_64-redhat-linux/4.4.7/crtbegin.o" "-export-dynamic" "--eh-frame-hdr" "--build-id" "-dynamic-linker" "/lib64/ld-linux-x86-64.so.2" "-m" "elf_x86_64" "-o" "cmTryCompileExec2140301814" "-L/opt/intel/compilers_and_libraries_2016.0.109/linux/ipp/../compiler/lib/intel64" "-L/opt/intel/compilers_and_libraries_2016.0.109/linux/ipp/lib/intel64" "-L/opt/intel/compilers_and_libraries_2016.0.109/linux/compiler/lib/intel64" "-L/opt/intel/compilers_and_libraries_2016.0.109/linux/mkl/lib/intel64" "-L/opt/intel/compilers_and_libraries_2016.0.109/linux/tbb/lib/intel64/gcc4.4" "-L/opt/intel/compilers_and_libraries_2016.0.109/linux/daal/lib/intel64_lin" "-L/opt/intel/compilers_and_libraries_2016.0.109/linux/daal/../compiler/lib/intel64_lin" "-L/opt/intel/compilers_and_libraries_2016.0.109/linux/ipp/../compiler/lib/intel64" "-L/opt/intel/compilers_and_libraries_2016.0.109/linux/ipp/lib/intel64" "-L/opt/intel/compilers_and_libraries_2016.0.109/linux/compiler/lib/intel64" "-L/opt/intel/compilers_and_libraries_2016.0.109/linux/mkl/lib/intel64" "-L/opt/intel/compilers_and_libraries_2016.0.109/linux/tbb/lib/intel64/gcc4.4" "-L/opt/intel/compilers_and_libraries_2016.0.109/linux/daal/lib/intel64_lin" "-L/opt/intel/compilers_and_libraries_2016.0.109/linux/daal/../tbb/lib/intel64_lin/gcc4.4" "-L/opt/intel/compilers_and_libraries_2016.0.109/linux/daal/../compiler/lib/intel64_lin" "-L/opt/intel/compilers_and_libraries_2016.0.109/linux/compiler/lib/intel64_lin" "-L/usr/lib/gcc/x86_64-redhat-linux/4.4.7/" "-L/usr/lib/gcc/x86_64-redhat-linux/4.4.7/../../../../lib64" "-L/usr/lib/gcc/x86_64-redhat-linux/4.4.7/../../../../lib64/" "-L/lib/../lib64" "-L/lib/../lib64/" "-L/usr/lib/../lib64" "-L/usr/lib/../lib64/" "-L/opt/intel/compilers_and_libraries_2016.0.109/linux/ipp/../compiler/lib/intel64/" "-L/opt/intel/compilers_and_libraries_2016.0.109/linux/ipp/lib/intel64/" "-L/opt/intel/compilers_and_libraries_2016.0.109/linux/compiler/lib/intel64/" "-L/opt/intel/compilers_and_libraries_2016.0.109/linux/mkl/lib/intel64/" "-L/opt/intel/compilers_and_libraries_2016.0.109/linux/tbb/lib/intel64/gcc4.4/" "-L/opt/intel/compilers_and_libraries_2016.0.109/linux/daal/lib/intel64_lin/" "-L/opt/intel/compilers_and_libraries_2016.0.109/linux/daal/../compiler/lib/intel64_lin/" "-L/opt/intel/compilers_and_libraries_2016.0.109/linux/daal/../tbb/lib/intel64_lin/gcc4.4/" "-L/usr/lib/gcc/x86_64-redhat-linux/4.4.7/../../../" "-L/lib64" "-L/lib/" "-L/usr/lib64" "-L/usr/lib" "CMakeFiles/cmTryCompileExec2140301814.dir/CMakeCCompilerABI.c.o" "-Bdynamic" "-Bstatic" "-limf" "-lsvml" "-lirng" "-Bdynamic" "-lm" "-Bstatic" "-lipgo" "-ldecimal" "--as-needed" "-Bdynamic" "-lcilkrts" "-lstdc++" "--no-as-needed" "-lgcc" "-lgcc_s" "-Bstatic" "-lirc" "-lsvml" "-Bdynamic" "-lc" "-lgcc" "-lgcc_s" "-Bstatic" "-lirc_s" "-Bdynamic" "-ldl" "-lc" "/usr/lib/gcc/x86_64-redhat-linux/4.4.7/crtend.o" "/usr/lib/gcc/x86_64-redhat-linux/4.4.7/../../../../lib64/crtn.o"" -mIPOPT_il_in_obj -mIPOPT_ipo_activate_warn=FALSE -mIPOPT_obj_output_file_name=/tmp/ipo_icc8nmtmq.o -mIPOPT_whole_archive_fixup_file_name=/tmp/iccwarch1UVcfp -mGLOB_linker_version=2.20.51.0.2 -mGLOB_long_size_64 -mGLOB_routine_pointer_size_64 -mGLOB_driver_tempfile_name=/tmp/icctempfileKQS93L -mP3OPT_asm_target=P3OPT_ASM_TARGET_GAS -mGLOB_async_unwind_tables=TRUE -mGLOB_obj_output_file=/tmp/ipo_icc8nmtmq.o -mGLOB_source_dialect=GLOB_SOURCE_DIALECT_NONE -mP1OPT_source_file_name=ipo_out.c CMakeFiles/cmTryCompileExec2140301814.dir/CMakeCCompilerABI.c.o -mIPOPT_object_files=T -mIPOPT_assembly_files=/tmp/iccalisyTaBT9 -mIPOPT_generated_tempfiles=/tmp/iccelisNkibFw -mIPOPT_embedded_object_base_name=/tmp/icceobj8oZLqT -mIPOPT_cmdline_link_new_name=/tmp/icclliszGjncg]
  link line: [ld    /usr/lib/gcc/x86_64-redhat-linux/4.4.7/../../../../lib64/crt1.o /usr/lib/gcc/x86_64-redhat-linux/4.4.7/../../../../lib64/crti.o /usr/lib/gcc/x86_64-redhat-linux/4.4.7/crtbegin.o -export-dynamic --eh-frame-hdr --build-id -dynamic-linker /lib64/ld-linux-x86-64.so.2 -m elf_x86_64 -o cmTryCompileExec2140301814 -L/opt/intel/compilers_and_libraries_2016.0.109/linux/ipp/../compiler/lib/intel64 -L/opt/intel/compilers_and_libraries_2016.0.109/linux/ipp/lib/intel64 -L/opt/intel/compilers_and_libraries_2016.0.109/linux/compiler/lib/intel64 -L/opt/intel/compilers_and_libraries_2016.0.109/linux/mkl/lib/intel64 -L/opt/intel/compilers_and_libraries_2016.0.109/linux/tbb/lib/intel64/gcc4.4 -L/opt/intel/compilers_and_libraries_2016.0.109/linux/daal/lib/intel64_lin -L/opt/intel/compilers_and_libraries_2016.0.109/linux/daal/../compiler/lib/intel64_lin -L/opt/intel/compilers_and_libraries_2016.0.109/linux/ipp/../compiler/lib/intel64 -L/opt/intel/compilers_and_libraries_2016.0.109/linux/ipp/lib/intel64 -L/opt/intel/compilers_and_libraries_2016.0.109/linux/compiler/lib/intel64 -L/opt/intel/compilers_and_libraries_2016.0.109/linux/mkl/lib/intel64 -L/opt/intel/compilers_and_libraries_2016.0.109/linux/tbb/lib/intel64/gcc4.4 -L/opt/intel/compilers_and_libraries_2016.0.109/linux/daal/lib/intel64_lin -L/opt/intel/compilers_and_libraries_2016.0.109/linux/daal/../tbb/lib/intel64_lin/gcc4.4 -L/opt/intel/compilers_and_libraries_2016.0.109/linux/daal/../compiler/lib/intel64_lin -L/opt/intel/compilers_and_libraries_2016.0.109/linux/compiler/lib/intel64_lin -L/usr/lib/gcc/x86_64-redhat-linux/4.4.7/ -L/usr/lib/gcc/x86_64-redhat-linux/4.4.7/../../../../lib64 -L/usr/lib/gcc/x86_64-redhat-linux/4.4.7/../../../../lib64/ -L/lib/../lib64 -L/lib/../lib64/ -L/usr/lib/../lib64 -L/usr/lib/../lib64/ -L/opt/intel/compilers_and_libraries_2016.0.109/linux/ipp/../compiler/lib/intel64/ -L/opt/intel/compilers_and_libraries_2016.0.109/linux/ipp/lib/intel64/ -L/opt/intel/compilers_and_libraries_2016.0.109/linux/compiler/lib/intel64/ -L/opt/intel/compilers_and_libraries_2016.0.109/linux/mkl/lib/intel64/ -L/opt/intel/compilers_and_libraries_2016.0.109/linux/tbb/lib/intel64/gcc4.4/ -L/opt/intel/compilers_and_libraries_2016.0.109/linux/daal/lib/intel64_lin/ -L/opt/intel/compilers_and_libraries_2016.0.109/linux/daal/../compiler/lib/intel64_lin/ -L/opt/intel/compilers_and_libraries_2016.0.109/linux/daal/../tbb/lib/intel64_lin/gcc4.4/ -L/usr/lib/gcc/x86_64-redhat-linux/4.4.7/../../../ -L/lib64 -L/lib/ -L/usr/lib64 -L/usr/lib CMakeFiles/cmTryCompileExec2140301814.dir/CMakeCCompilerABI.c.o -Bdynamic -Bstatic -limf -lsvml -lirng -Bdynamic -lm -Bstatic -lipgo -ldecimal --as-needed -Bdynamic -lcilkrts -lstdc++ --no-as-needed -lgcc -lgcc_s -Bstatic -lirc -lsvml -Bdynamic -lc -lgcc -lgcc_s -Bstatic -lirc_s -Bdynamic -ldl -lc /usr/lib/gcc/x86_64-redhat-linux/4.4.7/crtend.o /usr/lib/gcc/x86_64-redhat-linux/4.4.7/../../../../lib64/crtn.o]
    arg [ld] ==> ignore
    arg [/usr/lib/gcc/x86_64-redhat-linux/4.4.7/../../../../lib64/crt1.o] ==> ignore
    arg [/usr/lib/gcc/x86_64-redhat-linux/4.4.7/../../../../lib64/crti.o] ==> ignore
    arg [/usr/lib/gcc/x86_64-redhat-linux/4.4.7/crtbegin.o] ==> ignore
    arg [-export-dynamic] ==> ignore
    arg [--eh-frame-hdr] ==> ignore
    arg [--build-id] ==> ignore
    arg [-dynamic-linker] ==> ignore
    arg [/lib64/ld-linux-x86-64.so.2] ==> ignore
    arg [-m] ==> ignore
    arg [elf_x86_64] ==> ignore
    arg [-o] ==> ignore
    arg [cmTryCompileExec2140301814] ==> ignore
    arg [-L/opt/intel/compilers_and_libraries_2016.0.109/linux/ipp/../compiler/lib/intel64] ==> dir [/opt/intel/compilers_and_libraries_2016.0.109/linux/ipp/../compiler/lib/intel64]
    arg [-L/opt/intel/compilers_and_libraries_2016.0.109/linux/ipp/lib/intel64] ==> dir [/opt/intel/compilers_and_libraries_2016.0.109/linux/ipp/lib/intel64]
    arg [-L/opt/intel/compilers_and_libraries_2016.0.109/linux/compiler/lib/intel64] ==> dir [/opt/intel/compilers_and_libraries_2016.0.109/linux/compiler/lib/intel64]
    arg [-L/opt/intel/compilers_and_libraries_2016.0.109/linux/mkl/lib/intel64] ==> dir [/opt/intel/compilers_and_libraries_2016.0.109/linux/mkl/lib/intel64]
    arg [-L/opt/intel/compilers_and_libraries_2016.0.109/linux/tbb/lib/intel64/gcc4.4] ==> dir [/opt/intel/compilers_and_libraries_2016.0.109/linux/tbb/lib/intel64/gcc4.4]
    arg [-L/opt/intel/compilers_and_libraries_2016.0.109/linux/daal/lib/intel64_lin] ==> dir [/opt/intel/compilers_and_libraries_2016.0.109/linux/daal/lib/intel64_lin]
    arg [-L/opt/intel/compilers_and_libraries_2016.0.109/linux/daal/../compiler/lib/intel64_lin] ==> dir [/opt/intel/compilers_and_libraries_2016.0.109/linux/daal/../compiler/lib/intel64_lin]
    arg [-L/opt/intel/compilers_and_libraries_2016.0.109/linux/ipp/../compiler/lib/intel64] ==> dir [/opt/intel/compilers_and_libraries_2016.0.109/linux/ipp/../compiler/lib/intel64]
    arg [-L/opt/intel/compilers_and_libraries_2016.0.109/linux/ipp/lib/intel64] ==> dir [/opt/intel/compilers_and_libraries_2016.0.109/linux/ipp/lib/intel64]
    arg [-L/opt/intel/compilers_and_libraries_2016.0.109/linux/compiler/lib/intel64] ==> dir [/opt/intel/compilers_and_libraries_2016.0.109/linux/compiler/lib/intel64]
    arg [-L/opt/intel/compilers_and_libraries_2016.0.109/linux/mkl/lib/intel64] ==> dir [/opt/intel/compilers_and_libraries_2016.0.109/linux/mkl/lib/intel64]
    arg [-L/opt/intel/compilers_and_libraries_2016.0.109/linux/tbb/lib/intel64/gcc4.4] ==> dir [/opt/intel/compilers_and_libraries_2016.0.109/linux/tbb/lib/intel64/gcc4.4]
    arg [-L/opt/intel/compilers_and_libraries_2016.0.109/linux/daal/lib/intel64_lin] ==> dir [/opt/intel/compilers_and_libraries_2016.0.109/linux/daal/lib/intel64_lin]
    arg [-L/opt/intel/compilers_and_libraries_2016.0.109/linux/daal/../tbb/lib/intel64_lin/gcc4.4] ==> dir [/opt/intel/compilers_and_libraries_2016.0.109/linux/daal/../tbb/lib/intel64_lin/gcc4.4]
    arg [-L/opt/intel/compilers_and_libraries_2016.0.109/linux/daal/../compiler/lib/intel64_lin] ==> dir [/opt/intel/compilers_and_libraries_2016.0.109/linux/daal/../compiler/lib/intel64_lin]
    arg [-L/opt/intel/compilers_and_libraries_2016.0.109/linux/compiler/lib/intel64_lin] ==> dir [/opt/intel/compilers_and_libraries_2016.0.109/linux/compiler/lib/intel64_lin]
    arg [-L/usr/lib/gcc/x86_64-redhat-linux/4.4.7/] ==> dir [/usr/lib/gcc/x86_64-redhat-linux/4.4.7/]
    arg [-L/usr/lib/gcc/x86_64-redhat-linux/4.4.7/../../../../lib64] ==> dir [/usr/lib/gcc/x86_64-redhat-linux/4.4.7/../../../../lib64]
    arg [-L/usr/lib/gcc/x86_64-redhat-linux/4.4.7/../../../../lib64/] ==> dir [/usr/lib/gcc/x86_64-redhat-linux/4.4.7/../../../../lib64/]
    arg [-L/lib/../lib64] ==> dir [/lib/../lib64]
    arg [-L/lib/../lib64/] ==> dir [/lib/../lib64/]
    arg [-L/usr/lib/../lib64] ==> dir [/usr/lib/../lib64]
    arg [-L/usr/lib/../lib64/] ==> dir [/usr/lib/../lib64/]
    arg [-L/opt/intel/compilers_and_libraries_2016.0.109/linux/ipp/../compiler/lib/intel64/] ==> dir [/opt/intel/compilers_and_libraries_2016.0.109/linux/ipp/../compiler/lib/intel64/]
    arg [-L/opt/intel/compilers_and_libraries_2016.0.109/linux/ipp/lib/intel64/] ==> dir [/opt/intel/compilers_and_libraries_2016.0.109/linux/ipp/lib/intel64/]
    arg [-L/opt/intel/compilers_and_libraries_2016.0.109/linux/compiler/lib/intel64/] ==> dir [/opt/intel/compilers_and_libraries_2016.0.109/linux/compiler/lib/intel64/]
    arg [-L/opt/intel/compilers_and_libraries_2016.0.109/linux/mkl/lib/intel64/] ==> dir [/opt/intel/compilers_and_libraries_2016.0.109/linux/mkl/lib/intel64/]
    arg [-L/opt/intel/compilers_and_libraries_2016.0.109/linux/tbb/lib/intel64/gcc4.4/] ==> dir [/opt/intel/compilers_and_libraries_2016.0.109/linux/tbb/lib/intel64/gcc4.4/]
    arg [-L/opt/intel/compilers_and_libraries_2016.0.109/linux/daal/lib/intel64_lin/] ==> dir [/opt/intel/compilers_and_libraries_2016.0.109/linux/daal/lib/intel64_lin/]
    arg [-L/opt/intel/compilers_and_libraries_2016.0.109/linux/daal/../compiler/lib/intel64_lin/] ==> dir [/opt/intel/compilers_and_libraries_2016.0.109/linux/daal/../compiler/lib/intel64_lin/]
    arg [-L/opt/intel/compilers_and_libraries_2016.0.109/linux/daal/../tbb/lib/intel64_lin/gcc4.4/] ==> dir [/opt/intel/compilers_and_libraries_2016.0.109/linux/daal/../tbb/lib/intel64_lin/gcc4.4/]
    arg [-L/usr/lib/gcc/x86_64-redhat-linux/4.4.7/../../../] ==> dir [/usr/lib/gcc/x86_64-redhat-linux/4.4.7/../../../]
    arg [-L/lib64] ==> dir [/lib64]
    arg [-L/lib/] ==> dir [/lib/]
    arg [-L/usr/lib64] ==> dir [/usr/lib64]
    arg [-L/usr/lib] ==> dir [/usr/lib]
    arg [CMakeFiles/cmTryCompileExec2140301814.dir/CMakeCCompilerABI.c.o] ==> ignore
    arg [-Bdynamic] ==> ignore
    arg [-Bstatic] ==> ignore
    arg [-limf] ==> lib [imf]
    arg [-lsvml] ==> lib [svml]
    arg [-lirng] ==> lib [irng]
    arg [-Bdynamic] ==> ignore
    arg [-lm] ==> lib [m]
    arg [-Bstatic] ==> ignore
    arg [-lipgo] ==> lib [ipgo]
    arg [-ldecimal] ==> lib [decimal]
    arg [--as-needed] ==> ignore
    arg [-Bdynamic] ==> ignore
    arg [-lcilkrts] ==> lib [cilkrts]
    arg [-lstdc++] ==> lib [stdc++]
    arg [--no-as-needed] ==> ignore
    arg [-lgcc] ==> lib [gcc]
    arg [-lgcc_s] ==> lib [gcc_s]
    arg [-Bstatic] ==> ignore
    arg [-lirc] ==> lib [irc]
    arg [-lsvml] ==> lib [svml]
    arg [-Bdynamic] ==> ignore
    arg [-lc] ==> lib [c]
    arg [-lgcc] ==> lib [gcc]
    arg [-lgcc_s] ==> lib [gcc_s]
    arg [-Bstatic] ==> ignore
    arg [-lirc_s] ==> lib [irc_s]
    arg [-Bdynamic] ==> ignore
    arg [-ldl] ==> lib [dl]
    arg [-lc] ==> lib [c]
    arg [/usr/lib/gcc/x86_64-redhat-linux/4.4.7/crtend.o] ==> ignore
    arg [/usr/lib/gcc/x86_64-redhat-linux/4.4.7/../../../../lib64/crtn.o] ==> ignore
  remove lib [gcc]
  remove lib [gcc_s]
  remove lib [gcc]
  remove lib [gcc_s]
  collapse library dir [/opt/intel/compilers_and_libraries_2016.0.109/linux/ipp/../compiler/lib/intel64] ==> [/opt/intel/compilers_and_libraries_2016.0.109/linux/compiler/lib/intel64]
  collapse library dir [/opt/intel/compilers_and_libraries_2016.0.109/linux/ipp/lib/intel64] ==> [/opt/intel/compilers_and_libraries_2016.0.109/linux/ipp/lib/intel64]
  collapse library dir [/opt/intel/compilers_and_libraries_2016.0.109/linux/compiler/lib/intel64] ==> [/opt/intel/compilers_and_libraries_2016.0.109/linux/compiler/lib/intel64]
  collapse library dir [/opt/intel/compilers_and_libraries_2016.0.109/linux/mkl/lib/intel64] ==> [/opt/intel/compilers_and_libraries_2016.0.109/linux/mkl/lib/intel64]
  collapse library dir [/opt/intel/compilers_and_libraries_2016.0.109/linux/tbb/lib/intel64/gcc4.4] ==> [/opt/intel/compilers_and_libraries_2016.0.109/linux/tbb/lib/intel64/gcc4.4]
  collapse library dir [/opt/intel/compilers_and_libraries_2016.0.109/linux/daal/lib/intel64_lin] ==> [/opt/intel/compilers_and_libraries_2016.0.109/linux/daal/lib/intel64_lin]
  collapse library dir [/opt/intel/compilers_and_libraries_2016.0.109/linux/daal/../compiler/lib/intel64_lin] ==> [/opt/intel/compilers_and_libraries_2016.0.109/linux/compiler/lib/intel64_lin]
  collapse library dir [/opt/intel/compilers_and_libraries_2016.0.109/linux/ipp/../compiler/lib/intel64] ==> [/opt/intel/compilers_and_libraries_2016.0.109/linux/compiler/lib/intel64]
  collapse library dir [/opt/intel/compilers_and_libraries_2016.0.109/linux/ipp/lib/intel64] ==> [/opt/intel/compilers_and_libraries_2016.0.109/linux/ipp/lib/intel64]
  collapse library dir [/opt/intel/compilers_and_libraries_2016.0.109/linux/compiler/lib/intel64] ==> [/opt/intel/compilers_and_libraries_2016.0.109/linux/compiler/lib/intel64]
  collapse library dir [/opt/intel/compilers_and_libraries_2016.0.109/linux/mkl/lib/intel64] ==> [/opt/intel/compilers_and_libraries_2016.0.109/linux/mkl/lib/intel64]
  collapse library dir [/opt/intel/compilers_and_libraries_2016.0.109/linux/tbb/lib/intel64/gcc4.4] ==> [/opt/intel/compilers_and_libraries_2016.0.109/linux/tbb/lib/intel64/gcc4.4]
  collapse library dir [/opt/intel/compilers_and_libraries_2016.0.109/linux/daal/lib/intel64_lin] ==> [/opt/intel/compilers_and_libraries_2016.0.109/linux/daal/lib/intel64_lin]
  collapse library dir [/opt/intel/compilers_and_libraries_2016.0.109/linux/daal/../tbb/lib/intel64_lin/gcc4.4] ==> [/opt/intel/compilers_and_libraries_2016.0.109/linux/tbb/lib/intel64_lin/gcc4.4]
  collapse library dir [/opt/intel/compilers_and_libraries_2016.0.109/linux/daal/../compiler/lib/intel64_lin] ==> [/opt/intel/compilers_and_libraries_2016.0.109/linux/compiler/lib/intel64_lin]
  collapse library dir [/opt/intel/compilers_and_libraries_2016.0.109/linux/compiler/lib/intel64_lin] ==> [/opt/intel/compilers_and_libraries_2016.0.109/linux/compiler/lib/intel64_lin]
  collapse library dir [/usr/lib/gcc/x86_64-redhat-linux/4.4.7/] ==> [/usr/lib/gcc/x86_64-redhat-linux/4.4.7]
  collapse library dir [/usr/lib/gcc/x86_64-redhat-linux/4.4.7/../../../../lib64] ==> [/usr/lib64]
  collapse library dir [/usr/lib/gcc/x86_64-redhat-linux/4.4.7/../../../../lib64/] ==> [/usr/lib64]
  collapse library dir [/lib/../lib64] ==> [/lib64]
  collapse library dir [/lib/../lib64/] ==> [/lib64]
  collapse library dir [/usr/lib/../lib64] ==> [/usr/lib64]
  collapse library dir [/usr/lib/../lib64/] ==> [/usr/lib64]
  collapse library dir [/opt/intel/compilers_and_libraries_2016.0.109/linux/ipp/../compiler/lib/intel64/] ==> [/opt/intel/compilers_and_libraries_2016.0.109/linux/compiler/lib/intel64]
  collapse library dir [/opt/intel/compilers_and_libraries_2016.0.109/linux/ipp/lib/intel64/] ==> [/opt/intel/compilers_and_libraries_2016.0.109/linux/ipp/lib/intel64]
  collapse library dir [/opt/intel/compilers_and_libraries_2016.0.109/linux/compiler/lib/intel64/] ==> [/opt/intel/compilers_and_libraries_2016.0.109/linux/compiler/lib/intel64]
  collapse library dir [/opt/intel/compilers_and_libraries_2016.0.109/linux/mkl/lib/intel64/] ==> [/opt/intel/compilers_and_libraries_2016.0.109/linux/mkl/lib/intel64]
  collapse library dir [/opt/intel/compilers_and_libraries_2016.0.109/linux/tbb/lib/intel64/gcc4.4/] ==> [/opt/intel/compilers_and_libraries_2016.0.109/linux/tbb/lib/intel64/gcc4.4]
  collapse library dir [/opt/intel/compilers_and_libraries_2016.0.109/linux/daal/lib/intel64_lin/] ==> [/opt/intel/compilers_and_libraries_2016.0.109/linux/daal/lib/intel64_lin]
  collapse library dir [/opt/intel/compilers_and_libraries_2016.0.109/linux/daal/../compiler/lib/intel64_lin/] ==> [/opt/intel/compilers_and_libraries_2016.0.109/linux/compiler/lib/intel64_lin]
  collapse library dir [/opt/intel/compilers_and_libraries_2016.0.109/linux/daal/../tbb/lib/intel64_lin/gcc4.4/] ==> [/opt/intel/compilers_and_libraries_2016.0.109/linux/tbb/lib/intel64_lin/gcc4.4]
  collapse library dir [/usr/lib/gcc/x86_64-redhat-linux/4.4.7/../../../] ==> [/usr/lib]
  collapse library dir [/lib64] ==> [/lib64]
  collapse library dir [/lib/] ==> [/lib]
  collapse library dir [/usr/lib64] ==> [/usr/lib64]
  collapse library dir [/usr/lib] ==> [/usr/lib]
  implicit libs: [imf;svml;irng;m;ipgo;decimal;cilkrts;stdc++;irc;svml;c;irc_s;dl;c]
  implicit dirs: [/opt/intel/compilers_and_libraries_2016.0.109/linux/compiler/lib/intel64;/opt/intel/compilers_and_libraries_2016.0.109/linux/ipp/lib/intel64;/opt/intel/compilers_and_libraries_2016.0.109/linux/mkl/lib/intel64;/opt/intel/compilers_and_libraries_2016.0.109/linux/tbb/lib/intel64/gcc4.4;/opt/intel/compilers_and_libraries_2016.0.109/linux/daal/lib/intel64_lin;/opt/intel/compilers_and_libraries_2016.0.109/linux/compiler/lib/intel64_lin;/opt/intel/compilers_and_libraries_2016.0.109/linux/tbb/lib/intel64_lin/gcc4.4;/usr/lib/gcc/x86_64-redhat-linux/4.4.7;/usr/lib64;/lib64;/usr/lib;/lib]
  implicit fwks: []


Determining if the CXX compiler works passed with the following output:
Change Dir: /home/ademello/CPE419/L09/build/CMakeFiles/CMakeTmp

Run Build Command:/usr/bin/gmake "cmTryCompileExec2790582446/fast"
/usr/bin/gmake -f CMakeFiles/cmTryCompileExec2790582446.dir/build.make CMakeFiles/cmTryCompileExec2790582446.dir/build
gmake[1]: Entering directory `/home/ademello/CPE419/L09/build/CMakeFiles/CMakeTmp'
/usr/bin/cmake -E cmake_progress_report /home/ademello/CPE419/L09/build/CMakeFiles/CMakeTmp/CMakeFiles 1
Building CXX object CMakeFiles/cmTryCompileExec2790582446.dir/testCXXCompiler.cxx.o
/opt/intel/compilers_and_libraries_2016.0.109/linux/bin/intel64/icpc     -o CMakeFiles/cmTryCompileExec2790582446.dir/testCXXCompiler.cxx.o -c /home/ademello/CPE419/L09/build/CMakeFiles/CMakeTmp/testCXXCompiler.cxx
Linking CXX executable cmTryCompileExec2790582446
/usr/bin/cmake -E cmake_link_script CMakeFiles/cmTryCompileExec2790582446.dir/link.txt --verbose=1
/opt/intel/compilers_and_libraries_2016.0.109/linux/bin/intel64/icpc        CMakeFiles/cmTryCompileExec2790582446.dir/testCXXCompiler.cxx.o  -o cmTryCompileExec2790582446 -rdynamic 
gmake[1]: Leaving directory `/home/ademello/CPE419/L09/build/CMakeFiles/CMakeTmp'


Detecting CXX compiler ABI info compiled with the following output:
Change Dir: /home/ademello/CPE419/L09/build/CMakeFiles/CMakeTmp

Run Build Command:/usr/bin/gmake "cmTryCompileExec3869052453/fast"
/usr/bin/gmake -f CMakeFiles/cmTryCompileExec3869052453.dir/build.make CMakeFiles/cmTryCompileExec3869052453.dir/build
gmake[1]: Entering directory `/home/ademello/CPE419/L09/build/CMakeFiles/CMakeTmp'
/usr/bin/cmake -E cmake_progress_report /home/ademello/CPE419/L09/build/CMakeFiles/CMakeTmp/CMakeFiles 1
Building CXX object CMakeFiles/cmTryCompileExec3869052453.dir/CMakeCXXCompilerABI.cpp.o
/opt/intel/compilers_and_libraries_2016.0.109/linux/bin/intel64/icpc     -o CMakeFiles/cmTryCompileExec3869052453.dir/CMakeCXXCompilerABI.cpp.o -c /usr/share/cmake/Modules/CMakeCXXCompilerABI.cpp
Linking CXX executable cmTryCompileExec3869052453
/usr/bin/cmake -E cmake_link_script CMakeFiles/cmTryCompileExec3869052453.dir/link.txt --verbose=1
/opt/intel/compilers_and_libraries_2016.0.109/linux/bin/intel64/icpc      -v CMakeFiles/cmTryCompileExec3869052453.dir/CMakeCXXCompilerABI.cpp.o  -o cmTryCompileExec3869052453 -rdynamic  
icpc version 16.0.0 (gcc version 4.4.7 compatibility)
/opt/intel/compilers_and_libraries_2016.0.109/linux/bin/intel64/mcpcom    -mGLOB_em64t=TRUE -mP1OPT_version=16.0-intel64 -mGLOB_diag_file=CMakeFiles/cmTryCompileExec3869052453.dir/CMakeCXXCompilerABI.cpp.diag -mP1OPT_print_version=FALSE -mCG_use_gas_got_workaround=F -mP2OPT_align_option_used=TRUE -mGLOB_gcc_version=447 "-mGLOB_options_string=-v -o cmTryCompileExec3869052453 -rdynamic" -mGLOB_cxx_limited_range=FALSE -mCG_extend_parms=FALSE -mGLOB_compiler_bin_directory=/opt/intel/compilers_and_libraries_2016.0.109/linux/bin/intel64 -mGLOB_as_output_backup_file_name=/tmp/icpcQm4zPsas_.s -mGLOB_dashboard_use_source_name -mIPOPT_activate -mGLOB_product_id_code=0x22006d8e -mP3OPT_use_mspp_call_convention -mP2OPT_subs_out_of_bound=FALSE -mP2OPT_disam_type_based_disam=2 -mP2OPT_disam_assume_ansi_c -mP2OPT_checked_disam_ansi_alias=TRUE -mGLOB_ansi_alias -mPGOPTI_value_profile_use=T -mGLOB_opt_report_use_source_name -mP2OPT_il0_array_sections=TRUE -mGLOB_offload_mode=1 -mP2OPT_offload_unique_var_string=icpc0101410741761ga9KbW -mP2OPT_hlo -mP2OPT_hpo_rtt_control=0 -mIPOPT_args_in_regs=0 -mP2OPT_disam_assume_nonstd_intent_in=FALSE -mGLOB_imf_mapping_library=/opt/intel/compilers_and_libraries_2016.0.109/linux/bin/intel64/libiml_attr.so -mPGOPTI_gen_threadsafe_level=0 -mIPOPT_link -mIPOPT_ipo_activate -mIPOPT_mo_activate -mIPOPT_source_files_list=/tmp/icpcslis05VHqc -mIPOPT_mo_global_data -mIPOPT_link_script_file=/tmp/icpcscriptds4SyC "-mIPOPT_cmdline_link="/usr/lib/gcc/x86_64-redhat-linux/4.4.7/../../../../lib64/crt1.o" "/usr/lib/gcc/x86_64-redhat-linux/4.4.7/../../../../lib64/crti.o" "/usr/lib/gcc/x86_64-redhat-linux/4.4.7/crtbegin.o" "-export-dynamic" "--eh-frame-hdr" "--build-id" "-dynamic-linker" "/lib64/ld-linux-x86-64.so.2" "-m" "elf_x86_64" "-o" "cmTryCompileExec3869052453" "-L/opt/intel/compilers_and_libraries_2016.0.109/linux/ipp/../compiler/lib/intel64" "-L/opt/intel/compilers_and_libraries_2016.0.109/linux/ipp/lib/intel64" "-L/opt/intel/compilers_and_libraries_2016.0.109/linux/compiler/lib/intel64" "-L/opt/intel/compilers_and_libraries_2016.0.109/linux/mkl/lib/intel64" "-L/opt/intel/compilers_and_libraries_2016.0.109/linux/tbb/lib/intel64/gcc4.4" "-L/opt/intel/compilers_and_libraries_2016.0.109/linux/daal/lib/intel64_lin" "-L/opt/intel/compilers_and_libraries_2016.0.109/linux/daal/../compiler/lib/intel64_lin" "-L/opt/intel/compilers_and_libraries_2016.0.109/linux/ipp/../compiler/lib/intel64" "-L/opt/intel/compilers_and_libraries_2016.0.109/linux/ipp/lib/intel64" "-L/opt/intel/compilers_and_libraries_2016.0.109/linux/compiler/lib/intel64" "-L/opt/intel/compilers_and_libraries_2016.0.109/linux/mkl/lib/intel64" "-L/opt/intel/compilers_and_libraries_2016.0.109/linux/tbb/lib/intel64/gcc4.4" "-L/opt/intel/compilers_and_libraries_2016.0.109/linux/daal/lib/intel64_lin" "-L/opt/intel/compilers_and_libraries_2016.0.109/linux/daal/../tbb/lib/intel64_lin/gcc4.4" "-L/opt/intel/compilers_and_libraries_2016.0.109/linux/daal/../compiler/lib/intel64_lin" "-L/opt/intel/compilers_and_libraries_2016.0.109/linux/compiler/lib/intel64_lin" "-L/usr/lib/gcc/x86_64-redhat-linux/4.4.7/" "-L/usr/lib/gcc/x86_64-redhat-linux/4.4.7/../../../../lib64" "-L/usr/lib/gcc/x86_64-redhat-linux/4.4.7/../../../../lib64/" "-L/lib/../lib64" "-L/lib/../lib64/" "-L/usr/lib/../lib64" "-L/usr/lib/../lib64/" "-L/opt/intel/compilers_and_libraries_2016.0.109/linux/ipp/../compiler/lib/intel64/" "-L/opt/intel/compilers_and_libraries_2016.0.109/linux/ipp/lib/intel64/" "-L/opt/intel/compilers_and_libraries_2016.0.109/linux/compiler/lib/intel64/" "-L/opt/intel/compilers_and_libraries_2016.0.109/linux/mkl/lib/intel64/" "-L/opt/intel/compilers_and_libraries_2016.0.109/linux/tbb/lib/intel64/gcc4.4/" "-L/opt/intel/compilers_and_libraries_2016.0.109/linux/daal/lib/intel64_lin/" "-L/opt/intel/compilers_and_libraries_2016.0.109/linux/daal/../compiler/lib/intel64_lin/" "-L/opt/intel/compilers_and_libraries_2016.0.109/linux/daal/../tbb/lib/intel64_lin/gcc4.4/" "-L/usr/lib/gcc/x86_64-redhat-linux/4.4.7/../../../" "-L/lib64" "-L/lib/" "-L/usr/lib64" "-L/usr/lib" "CMakeFiles/cmTryCompileExec3869052453.dir/CMakeCXXCompilerABI.cpp.o" "-Bdynamic" "-Bstatic" "-limf" "-lsvml" "-lirng" "-Bdynamic" "-lm" "-Bstatic" "-lipgo" "-ldecimal" "--as-needed" "-Bdynamic" "-lcilkrts" "--no-as-needed" "-lstdc++" "-lgcc" "-lgcc_s" "-Bstatic" "-lirc" "-lsvml" "-Bdynamic" "-lc" "-lgcc" "-lgcc_s" "-Bstatic" "-lirc_s" "-Bdynamic" "-ldl" "-lc" "/usr/lib/gcc/x86_64-redhat-linux/4.4.7/crtend.o" "/usr/lib/gcc/x86_64-redhat-linux/4.4.7/../../../../lib64/crtn.o"" -mIPOPT_il_in_obj -mIPOPT_ipo_activate_warn=FALSE -mIPOPT_obj_output_file_name=/tmp/ipo_icpcCyyRDF.o -mIPOPT_whole_archive_fixup_file_name=/tmp/icpcwarchiHjGsG -mGLOB_linker_version=2.20.51.0.2 -mGLOB_long_size_64 -mGLOB_routine_pointer_size_64 -mGLOB_driver_tempfile_name=/tmp/icpctempfilepnysE6 -mP3OPT_asm_target=P3OPT_ASM_TARGET_GAS -mGLOB_async_unwind_tables=TRUE -mGLOB_obj_output_file=/tmp/ipo_icpcCyyRDF.o -mGLOB_source_dialect=GLOB_SOURCE_DIALECT_NONE -mP1OPT_source_file_name=ipo_out.c CMakeFiles/cmTryCompileExec3869052453.dir/CMakeCXXCompilerABI.cpp.o -mIPOPT_object_files=T -mIPOPT_assembly_files=/tmp/icpcalisssX5Tv -mIPOPT_generated_tempfiles=/tmp/icpcelis1Fte2V -mIPOPT_embedded_object_base_name=/tmp/icpceobjcBGnam -mIPOPT_cmdline_link_new_name=/tmp/icpcllis9ywxiM
ld    /usr/lib/gcc/x86_64-redhat-linux/4.4.7/../../../../lib64/crt1.o /usr/lib/gcc/x86_64-redhat-linux/4.4.7/../../../../lib64/crti.o /usr/lib/gcc/x86_64-redhat-linux/4.4.7/crtbegin.o -export-dynamic --eh-frame-hdr --build-id -dynamic-linker /lib64/ld-linux-x86-64.so.2 -m elf_x86_64 -o cmTryCompileExec3869052453 -L/opt/intel/compilers_and_libraries_2016.0.109/linux/ipp/../compiler/lib/intel64 -L/opt/intel/compilers_and_libraries_2016.0.109/linux/ipp/lib/intel64 -L/opt/intel/compilers_and_libraries_2016.0.109/linux/compiler/lib/intel64 -L/opt/intel/compilers_and_libraries_2016.0.109/linux/mkl/lib/intel64 -L/opt/intel/compilers_and_libraries_2016.0.109/linux/tbb/lib/intel64/gcc4.4 -L/opt/intel/compilers_and_libraries_2016.0.109/linux/daal/lib/intel64_lin -L/opt/intel/compilers_and_libraries_2016.0.109/linux/daal/../compiler/lib/intel64_lin -L/opt/intel/compilers_and_libraries_2016.0.109/linux/ipp/../compiler/lib/intel64 -L/opt/intel/compilers_and_libraries_2016.0.109/linux/ipp/lib/intel64 -L/opt/intel/compilers_and_libraries_2016.0.109/linux/compiler/lib/intel64 -L/opt/intel/compilers_and_libraries_2016.0.109/linux/mkl/lib/intel64 -L/opt/intel/compilers_and_libraries_2016.0.109/linux/tbb/lib/intel64/gcc4.4 -L/opt/intel/compilers_and_libraries_2016.0.109/linux/daal/lib/intel64_lin -L/opt/intel/compilers_and_libraries_2016.0.109/linux/daal/../tbb/lib/intel64_lin/gcc4.4 -L/opt/intel/compilers_and_libraries_2016.0.109/linux/daal/../compiler/lib/intel64_lin -L/opt/intel/compilers_and_libraries_2016.0.109/linux/compiler/lib/intel64_lin -L/usr/lib/gcc/x86_64-redhat-linux/4.4.7/ -L/usr/lib/gcc/x86_64-redhat-linux/4.4.7/../../../../lib64 -L/usr/lib/gcc/x86_64-redhat-linux/4.4.7/../../../../lib64/ -L/lib/../lib64 -L/lib/../lib64/ -L/usr/lib/../lib64 -L/usr/lib/../lib64/ -L/opt/intel/compilers_and_libraries_2016.0.109/linux/ipp/../compiler/lib/intel64/ -L/opt/intel/compilers_and_libraries_2016.0.109/linux/ipp/lib/intel64/ -L/opt/intel/compilers_and_libraries_2016.0.109/linux/compiler/lib/intel64/ -L/opt/intel/compilers_and_libraries_2016.0.109/linux/mkl/lib/intel64/ -L/opt/intel/compilers_and_libraries_2016.0.109/linux/tbb/lib/intel64/gcc4.4/ -L/opt/intel/compilers_and_libraries_2016.0.109/linux/daal/lib/intel64_lin/ -L/opt/intel/compilers_and_libraries_2016.0.109/linux/daal/../compiler/lib/intel64_lin/ -L/opt/intel/compilers_and_libraries_2016.0.109/linux/daal/../tbb/lib/intel64_lin/gcc4.4/ -L/usr/lib/gcc/x86_64-redhat-linux/4.4.7/../../../ -L/lib64 -L/lib/ -L/usr/lib64 -L/usr/lib CMakeFiles/cmTryCompileExec3869052453.dir/CMakeCXXCompilerABI.cpp.o -Bdynamic -Bstatic -limf -lsvml -lirng -Bdynamic -lm -Bstatic -lipgo -ldecimal --as-needed -Bdynamic -lcilkrts --no-as-needed -lstdc++ -lgcc -lgcc_s -Bstatic -lirc -lsvml -Bdynamic -lc -lgcc -lgcc_s -Bstatic -lirc_s -Bdynamic -ldl -lc /usr/lib/gcc/x86_64-redhat-linux/4.4.7/crtend.o /usr/lib/gcc/x86_64-redhat-linux/4.4.7/../../../../lib64/crtn.o
gmake[1]: Leaving directory `/home/ademello/CPE419/L09/build/CMakeFiles/CMakeTmp'


Parsed CXX implicit link information from above output:
  link line regex: [^( *|.*[/\])(ld|([^/\]+-)?ld|collect2)[^/\]*( |$)]
  ignore line: [Change Dir: /home/ademello/CPE419/L09/build/CMakeFiles/CMakeTmp]
  ignore line: []
  ignore line: [Run Build Command:/usr/bin/gmake "cmTryCompileExec3869052453/fast"]
  ignore line: [/usr/bin/gmake -f CMakeFiles/cmTryCompileExec3869052453.dir/build.make CMakeFiles/cmTryCompileExec3869052453.dir/build]
  ignore line: [gmake[1]: Entering directory `/home/ademello/CPE419/L09/build/CMakeFiles/CMakeTmp']
  ignore line: [/usr/bin/cmake -E cmake_progress_report /home/ademello/CPE419/L09/build/CMakeFiles/CMakeTmp/CMakeFiles 1]
  ignore line: [Building CXX object CMakeFiles/cmTryCompileExec3869052453.dir/CMakeCXXCompilerABI.cpp.o]
  ignore line: [/opt/intel/compilers_and_libraries_2016.0.109/linux/bin/intel64/icpc     -o CMakeFiles/cmTryCompileExec3869052453.dir/CMakeCXXCompilerABI.cpp.o -c /usr/share/cmake/Modules/CMakeCXXCompilerABI.cpp]
  ignore line: [Linking CXX executable cmTryCompileExec3869052453]
  ignore line: [/usr/bin/cmake -E cmake_link_script CMakeFiles/cmTryCompileExec3869052453.dir/link.txt --verbose=1]
  ignore line: [/opt/intel/compilers_and_libraries_2016.0.109/linux/bin/intel64/icpc      -v CMakeFiles/cmTryCompileExec3869052453.dir/CMakeCXXCompilerABI.cpp.o  -o cmTryCompileExec3869052453 -rdynamic  ]
  ignore line: [icpc version 16.0.0 (gcc version 4.4.7 compatibility)]
  ignore line: [/opt/intel/compilers_and_libraries_2016.0.109/linux/bin/intel64/mcpcom    -mGLOB_em64t=TRUE -mP1OPT_version=16.0-intel64 -mGLOB_diag_file=CMakeFiles/cmTryCompileExec3869052453.dir/CMakeCXXCompilerABI.cpp.diag -mP1OPT_print_version=FALSE -mCG_use_gas_got_workaround=F -mP2OPT_align_option_used=TRUE -mGLOB_gcc_version=447 "-mGLOB_options_string=-v -o cmTryCompileExec3869052453 -rdynamic" -mGLOB_cxx_limited_range=FALSE -mCG_extend_parms=FALSE -mGLOB_compiler_bin_directory=/opt/intel/compilers_and_libraries_2016.0.109/linux/bin/intel64 -mGLOB_as_output_backup_file_name=/tmp/icpcQm4zPsas_.s -mGLOB_dashboard_use_source_name -mIPOPT_activate -mGLOB_product_id_code=0x22006d8e -mP3OPT_use_mspp_call_convention -mP2OPT_subs_out_of_bound=FALSE -mP2OPT_disam_type_based_disam=2 -mP2OPT_disam_assume_ansi_c -mP2OPT_checked_disam_ansi_alias=TRUE -mGLOB_ansi_alias -mPGOPTI_value_profile_use=T -mGLOB_opt_report_use_source_name -mP2OPT_il0_array_sections=TRUE -mGLOB_offload_mode=1 -mP2OPT_offload_unique_var_string=icpc0101410741761ga9KbW -mP2OPT_hlo -mP2OPT_hpo_rtt_control=0 -mIPOPT_args_in_regs=0 -mP2OPT_disam_assume_nonstd_intent_in=FALSE -mGLOB_imf_mapping_library=/opt/intel/compilers_and_libraries_2016.0.109/linux/bin/intel64/libiml_attr.so -mPGOPTI_gen_threadsafe_level=0 -mIPOPT_link -mIPOPT_ipo_activate -mIPOPT_mo_activate -mIPOPT_source_files_list=/tmp/icpcslis05VHqc -mIPOPT_mo_global_data -mIPOPT_link_script_file=/tmp/icpcscriptds4SyC "-mIPOPT_cmdline_link="/usr/lib/gcc/x86_64-redhat-linux/4.4.7/../../../../lib64/crt1.o" "/usr/lib/gcc/x86_64-redhat-linux/4.4.7/../../../../lib64/crti.o" "/usr/lib/gcc/x86_64-redhat-linux/4.4.7/crtbegin.o" "-export-dynamic" "--eh-frame-hdr" "--build-id" "-dynamic-linker" "/lib64/ld-linux-x86-64.so.2" "-m" "elf_x86_64" "-o" "cmTryCompileExec3869052453" "-L/opt/intel/compilers_and_libraries_2016.0.109/linux/ipp/../compiler/lib/intel64" "-L/opt/intel/compilers_and_libraries_2016.0.109/linux/ipp/lib/intel64" "-L/opt/intel/compilers_and_libraries_2016.0.109/linux/compiler/lib/intel64" "-L/opt/intel/compilers_and_libraries_2016.0.109/linux/mkl/lib/intel64" "-L/opt/intel/compilers_and_libraries_2016.0.109/linux/tbb/lib/intel64/gcc4.4" "-L/opt/intel/compilers_and_libraries_2016.0.109/linux/daal/lib/intel64_lin" "-L/opt/intel/compilers_and_libraries_2016.0.109/linux/daal/../compiler/lib/intel64_lin" "-L/opt/intel/compilers_and_libraries_2016.0.109/linux/ipp/../compiler/lib/intel64" "-L/opt/intel/compilers_and_libraries_2016.0.109/linux/ipp/lib/intel64" "-L/opt/intel/compilers_and_libraries_2016.0.109/linux/compiler/lib/intel64" "-L/opt/intel/compilers_and_libraries_2016.0.109/linux/mkl/lib/intel64" "-L/opt/intel/compilers_and_libraries_2016.0.109/linux/tbb/lib/intel64/gcc4.4" "-L/opt/intel/compilers_and_libraries_2016.0.109/linux/daal/lib/intel64_lin" "-L/opt/intel/compilers_and_libraries_2016.0.109/linux/daal/../tbb/lib/intel64_lin/gcc4.4" "-L/opt/intel/compilers_and_libraries_2016.0.109/linux/daal/../compiler/lib/intel64_lin" "-L/opt/intel/compilers_and_libraries_2016.0.109/linux/compiler/lib/intel64_lin" "-L/usr/lib/gcc/x86_64-redhat-linux/4.4.7/" "-L/usr/lib/gcc/x86_64-redhat-linux/4.4.7/../../../../lib64" "-L/usr/lib/gcc/x86_64-redhat-linux/4.4.7/../../../../lib64/" "-L/lib/../lib64" "-L/lib/../lib64/" "-L/usr/lib/../lib64" "-L/usr/lib/../lib64/" "-L/opt/intel/compilers_and_libraries_2016.0.109/linux/ipp/../compiler/lib/intel64/" "-L/opt/intel/compilers_and_libraries_2016.0.109/linux/ipp/lib/intel64/" "-L/opt/intel/compilers_and_libraries_2016.0.109/linux/compiler/lib/intel64/" "-L/opt/intel/compilers_and_libraries_2016.0.109/linux/mkl/lib/intel64/" "-L/opt/intel/compilers_and_libraries_2016.0.109/linux/tbb/lib/intel64/gcc4.4/" "-L/opt/intel/compilers_and_libraries_2016.0.109/linux/daal/lib/intel64_lin/" "-L/opt/intel/compilers_and_libraries_2016.0.109/linux/daal/../compiler/lib/intel64_lin/" "-L/opt/intel/compilers_and_libraries_2016.0.109/linux/daal/../tbb/lib/intel64_lin/gcc4.4/" "-L/usr/lib/gcc/x86_64-redhat-linux/4.4.7/../../../" "-L/lib64" "-L/lib/" "-L/usr/lib64" "-L/usr/lib" "CMakeFiles/cmTryCompileExec3869052453.dir/CMakeCXXCompilerABI.cpp.o" "-Bdynamic" "-Bstatic" "-limf" "-lsvml" "-lirng" "-Bdynamic" "-lm" "-Bstatic" "-lipgo" "-ldecimal" "--as-needed" "-Bdynamic" "-lcilkrts" "--no-as-needed" "-lstdc++" "-lgcc" "-lgcc_s" "-Bstatic" "-lirc" "-lsvml" "-Bdynamic" "-lc" "-lgcc" "-lgcc_s" "-Bstatic" "-lirc_s" "-Bdynamic" "-ldl" "-lc" "/usr/lib/gcc/x86_64-redhat-linux/4.4.7/crtend.o" "/usr/lib/gcc/x86_64-redhat-linux/4.4.7/../../../../lib64/crtn.o"" -mIPOPT_il_in_obj -mIPOPT_ipo_activate_warn=FALSE -mIPOPT_obj_output_file_name=/tmp/ipo_icpcCyyRDF.o -mIPOPT_whole_archive_fixup_file_name=/tmp/icpcwarchiHjGsG -mGLOB_linker_version=2.20.51.0.2 -mGLOB_long_size_64 -mGLOB_routine_pointer_size_64 -mGLOB_driver_tempfile_name=/tmp/icpctempfilepnysE6 -mP3OPT_asm_target=P3OPT_ASM_TARGET_GAS -mGLOB_async_unwind_tables=TRUE -mGLOB_obj_output_file=/tmp/ipo_icpcCyyRDF.o -mGLOB_source_dialect=GLOB_SOURCE_DIALECT_NONE -mP1OPT_source_file_name=ipo_out.c CMakeFiles/cmTryCompileExec3869052453.dir/CMakeCXXCompilerABI.cpp.o -mIPOPT_object_files=T -mIPOPT_assembly_files=/tmp/icpcalisssX5Tv -mIPOPT_generated_tempfiles=/tmp/icpcelis1Fte2V -mIPOPT_embedded_object_base_name=/tmp/icpceobjcBGnam -mIPOPT_cmdline_link_new_name=/tmp/icpcllis9ywxiM]
  link line: [ld    /usr/lib/gcc/x86_64-redhat-linux/4.4.7/../../../../lib64/crt1.o /usr/lib/gcc/x86_64-redhat-linux/4.4.7/../../../../lib64/crti.o /usr/lib/gcc/x86_64-redhat-linux/4.4.7/crtbegin.o -export-dynamic --eh-frame-hdr --build-id -dynamic-linker /lib64/ld-linux-x86-64.so.2 -m elf_x86_64 -o cmTryCompileExec3869052453 -L/opt/intel/compilers_and_libraries_2016.0.109/linux/ipp/../compiler/lib/intel64 -L/opt/intel/compilers_and_libraries_2016.0.109/linux/ipp/lib/intel64 -L/opt/intel/compilers_and_libraries_2016.0.109/linux/compiler/lib/intel64 -L/opt/intel/compilers_and_libraries_2016.0.109/linux/mkl/lib/intel64 -L/opt/intel/compilers_and_libraries_2016.0.109/linux/tbb/lib/intel64/gcc4.4 -L/opt/intel/compilers_and_libraries_2016.0.109/linux/daal/lib/intel64_lin -L/opt/intel/compilers_and_libraries_2016.0.109/linux/daal/../compiler/lib/intel64_lin -L/opt/intel/compilers_and_libraries_2016.0.109/linux/ipp/../compiler/lib/intel64 -L/opt/intel/compilers_and_libraries_2016.0.109/linux/ipp/lib/intel64 -L/opt/intel/compilers_and_libraries_2016.0.109/linux/compiler/lib/intel64 -L/opt/intel/compilers_and_libraries_2016.0.109/linux/mkl/lib/intel64 -L/opt/intel/compilers_and_libraries_2016.0.109/linux/tbb/lib/intel64/gcc4.4 -L/opt/intel/compilers_and_libraries_2016.0.109/linux/daal/lib/intel64_lin -L/opt/intel/compilers_and_libraries_2016.0.109/linux/daal/../tbb/lib/intel64_lin/gcc4.4 -L/opt/intel/compilers_and_libraries_2016.0.109/linux/daal/../compiler/lib/intel64_lin -L/opt/intel/compilers_and_libraries_2016.0.109/linux/compiler/lib/intel64_lin -L/usr/lib/gcc/x86_64-redhat-linux/4.4.7/ -L/usr/lib/gcc/x86_64-redhat-linux/4.4.7/../../../../lib64 -L/usr/lib/gcc/x86_64-redhat-linux/4.4.7/../../../../lib64/ -L/lib/../lib64 -L/lib/../lib64/ -L/usr/lib/../lib64 -L/usr/lib/../lib64/ -L/opt/intel/compilers_and_libraries_2016.0.109/linux/ipp/../compiler/lib/intel64/ -L/opt/intel/compilers_and_libraries_2016.0.109/linux/ipp/lib/intel64/ -L/opt/intel/compilers_and_libraries_2016.0.109/linux/compiler/lib/intel64/ -L/opt/intel/compilers_and_libraries_2016.0.109/linux/mkl/lib/intel64/ -L/opt/intel/compilers_and_libraries_2016.0.109/linux/tbb/lib/intel64/gcc4.4/ -L/opt/intel/compilers_and_libraries_2016.0.109/linux/daal/lib/intel64_lin/ -L/opt/intel/compilers_and_libraries_2016.0.109/linux/daal/../compiler/lib/intel64_lin/ -L/opt/intel/compilers_and_libraries_2016.0.109/linux/daal/../tbb/lib/intel64_lin/gcc4.4/ -L/usr/lib/gcc/x86_64-redhat-linux/4.4.7/../../../ -L/lib64 -L/lib/ -L/usr/lib64 -L/usr/lib CMakeFiles/cmTryCompileExec3869052453.dir/CMakeCXXCompilerABI.cpp.o -Bdynamic -Bstatic -limf -lsvml -lirng -Bdynamic -lm -Bstatic -lipgo -ldecimal --as-needed -Bdynamic -lcilkrts --no-as-needed -lstdc++ -lgcc -lgcc_s -Bstatic -lirc -lsvml -Bdynamic -lc -lgcc -lgcc_s -Bstatic -lirc_s -Bdynamic -ldl -lc /usr/lib/gcc/x86_64-redhat-linux/4.4.7/crtend.o /usr/lib/gcc/x86_64-redhat-linux/4.4.7/../../../../lib64/crtn.o]
    arg [ld] ==> ignore
    arg [/usr/lib/gcc/x86_64-redhat-linux/4.4.7/../../../../lib64/crt1.o] ==> ignore
    arg [/usr/lib/gcc/x86_64-redhat-linux/4.4.7/../../../../lib64/crti.o] ==> ignore
    arg [/usr/lib/gcc/x86_64-redhat-linux/4.4.7/crtbegin.o] ==> ignore
    arg [-export-dynamic] ==> ignore
    arg [--eh-frame-hdr] ==> ignore
    arg [--build-id] ==> ignore
    arg [-dynamic-linker] ==> ignore
    arg [/lib64/ld-linux-x86-64.so.2] ==> ignore
    arg [-m] ==> ignore
    arg [elf_x86_64] ==> ignore
    arg [-o] ==> ignore
    arg [cmTryCompileExec3869052453] ==> ignore
    arg [-L/opt/intel/compilers_and_libraries_2016.0.109/linux/ipp/../compiler/lib/intel64] ==> dir [/opt/intel/compilers_and_libraries_2016.0.109/linux/ipp/../compiler/lib/intel64]
    arg [-L/opt/intel/compilers_and_libraries_2016.0.109/linux/ipp/lib/intel64] ==> dir [/opt/intel/compilers_and_libraries_2016.0.109/linux/ipp/lib/intel64]
    arg [-L/opt/intel/compilers_and_libraries_2016.0.109/linux/compiler/lib/intel64] ==> dir [/opt/intel/compilers_and_libraries_2016.0.109/linux/compiler/lib/intel64]
    arg [-L/opt/intel/compilers_and_libraries_2016.0.109/linux/mkl/lib/intel64] ==> dir [/opt/intel/compilers_and_libraries_2016.0.109/linux/mkl/lib/intel64]
    arg [-L/opt/intel/compilers_and_libraries_2016.0.109/linux/tbb/lib/intel64/gcc4.4] ==> dir [/opt/intel/compilers_and_libraries_2016.0.109/linux/tbb/lib/intel64/gcc4.4]
    arg [-L/opt/intel/compilers_and_libraries_2016.0.109/linux/daal/lib/intel64_lin] ==> dir [/opt/intel/compilers_and_libraries_2016.0.109/linux/daal/lib/intel64_lin]
    arg [-L/opt/intel/compilers_and_libraries_2016.0.109/linux/daal/../compiler/lib/intel64_lin] ==> dir [/opt/intel/compilers_and_libraries_2016.0.109/linux/daal/../compiler/lib/intel64_lin]
    arg [-L/opt/intel/compilers_and_libraries_2016.0.109/linux/ipp/../compiler/lib/intel64] ==> dir [/opt/intel/compilers_and_libraries_2016.0.109/linux/ipp/../compiler/lib/intel64]
    arg [-L/opt/intel/compilers_and_libraries_2016.0.109/linux/ipp/lib/intel64] ==> dir [/opt/intel/compilers_and_libraries_2016.0.109/linux/ipp/lib/intel64]
    arg [-L/opt/intel/compilers_and_libraries_2016.0.109/linux/compiler/lib/intel64] ==> dir [/opt/intel/compilers_and_libraries_2016.0.109/linux/compiler/lib/intel64]
    arg [-L/opt/intel/compilers_and_libraries_2016.0.109/linux/mkl/lib/intel64] ==> dir [/opt/intel/compilers_and_libraries_2016.0.109/linux/mkl/lib/intel64]
    arg [-L/opt/intel/compilers_and_libraries_2016.0.109/linux/tbb/lib/intel64/gcc4.4] ==> dir [/opt/intel/compilers_and_libraries_2016.0.109/linux/tbb/lib/intel64/gcc4.4]
    arg [-L/opt/intel/compilers_and_libraries_2016.0.109/linux/daal/lib/intel64_lin] ==> dir [/opt/intel/compilers_and_libraries_2016.0.109/linux/daal/lib/intel64_lin]
    arg [-L/opt/intel/compilers_and_libraries_2016.0.109/linux/daal/../tbb/lib/intel64_lin/gcc4.4] ==> dir [/opt/intel/compilers_and_libraries_2016.0.109/linux/daal/../tbb/lib/intel64_lin/gcc4.4]
    arg [-L/opt/intel/compilers_and_libraries_2016.0.109/linux/daal/../compiler/lib/intel64_lin] ==> dir [/opt/intel/compilers_and_libraries_2016.0.109/linux/daal/../compiler/lib/intel64_lin]
    arg [-L/opt/intel/compilers_and_libraries_2016.0.109/linux/compiler/lib/intel64_lin] ==> dir [/opt/intel/compilers_and_libraries_2016.0.109/linux/compiler/lib/intel64_lin]
    arg [-L/usr/lib/gcc/x86_64-redhat-linux/4.4.7/] ==> dir [/usr/lib/gcc/x86_64-redhat-linux/4.4.7/]
    arg [-L/usr/lib/gcc/x86_64-redhat-linux/4.4.7/../../../../lib64] ==> dir [/usr/lib/gcc/x86_64-redhat-linux/4.4.7/../../../../lib64]
    arg [-L/usr/lib/gcc/x86_64-redhat-linux/4.4.7/../../../../lib64/] ==> dir [/usr/lib/gcc/x86_64-redhat-linux/4.4.7/../../../../lib64/]
    arg [-L/lib/../lib64] ==> dir [/lib/../lib64]
    arg [-L/lib/../lib64/] ==> dir [/lib/../lib64/]
    arg [-L/usr/lib/../lib64] ==> dir [/usr/lib/../lib64]
    arg [-L/usr/lib/../lib64/] ==> dir [/usr/lib/../lib64/]
    arg [-L/opt/intel/compilers_and_libraries_2016.0.109/linux/ipp/../compiler/lib/intel64/] ==> dir [/opt/intel/compilers_and_libraries_2016.0.109/linux/ipp/../compiler/lib/intel64/]
    arg [-L/opt/intel/compilers_and_libraries_2016.0.109/linux/ipp/lib/intel64/] ==> dir [/opt/intel/compilers_and_libraries_2016.0.109/linux/ipp/lib/intel64/]
    arg [-L/opt/intel/compilers_and_libraries_2016.0.109/linux/compiler/lib/intel64/] ==> dir [/opt/intel/compilers_and_libraries_2016.0.109/linux/compiler/lib/intel64/]
    arg [-L/opt/intel/compilers_and_libraries_2016.0.109/linux/mkl/lib/intel64/] ==> dir [/opt/intel/compilers_and_libraries_2016.0.109/linux/mkl/lib/intel64/]
    arg [-L/opt/intel/compilers_and_libraries_2016.0.109/linux/tbb/lib/intel64/gcc4.4/] ==> dir [/opt/intel/compilers_and_libraries_2016.0.109/linux/tbb/lib/intel64/gcc4.4/]
    arg [-L/opt/intel/compilers_and_libraries_2016.0.109/linux/daal/lib/intel64_lin/] ==> dir [/opt/intel/compilers_and_libraries_2016.0.109/linux/daal/lib/intel64_lin/]
    arg [-L/opt/intel/compilers_and_libraries_2016.0.109/linux/daal/../compiler/lib/intel64_lin/] ==> dir [/opt/intel/compilers_and_libraries_2016.0.109/linux/daal/../compiler/lib/intel64_lin/]
    arg [-L/opt/intel/compilers_and_libraries_2016.0.109/linux/daal/../tbb/lib/intel64_lin/gcc4.4/] ==> dir [/opt/intel/compilers_and_libraries_2016.0.109/linux/daal/../tbb/lib/intel64_lin/gcc4.4/]
    arg [-L/usr/lib/gcc/x86_64-redhat-linux/4.4.7/../../../] ==> dir [/usr/lib/gcc/x86_64-redhat-linux/4.4.7/../../../]
    arg [-L/lib64] ==> dir [/lib64]
    arg [-L/lib/] ==> dir [/lib/]
    arg [-L/usr/lib64] ==> dir [/usr/lib64]
    arg [-L/usr/lib] ==> dir [/usr/lib]
    arg [CMakeFiles/cmTryCompileExec3869052453.dir/CMakeCXXCompilerABI.cpp.o] ==> ignore
    arg [-Bdynamic] ==> ignore
    arg [-Bstatic] ==> ignore
    arg [-limf] ==> lib [imf]
    arg [-lsvml] ==> lib [svml]
    arg [-lirng] ==> lib [irng]
    arg [-Bdynamic] ==> ignore
    arg [-lm] ==> lib [m]
    arg [-Bstatic] ==> ignore
    arg [-lipgo] ==> lib [ipgo]
    arg [-ldecimal] ==> lib [decimal]
    arg [--as-needed] ==> ignore
    arg [-Bdynamic] ==> ignore
    arg [-lcilkrts] ==> lib [cilkrts]
    arg [--no-as-needed] ==> ignore
    arg [-lstdc++] ==> lib [stdc++]
    arg [-lgcc] ==> lib [gcc]
    arg [-lgcc_s] ==> lib [gcc_s]
    arg [-Bstatic] ==> ignore
    arg [-lirc] ==> lib [irc]
    arg [-lsvml] ==> lib [svml]
    arg [-Bdynamic] ==> ignore
    arg [-lc] ==> lib [c]
    arg [-lgcc] ==> lib [gcc]
    arg [-lgcc_s] ==> lib [gcc_s]
    arg [-Bstatic] ==> ignore
    arg [-lirc_s] ==> lib [irc_s]
    arg [-Bdynamic] ==> ignore
    arg [-ldl] ==> lib [dl]
    arg [-lc] ==> lib [c]
    arg [/usr/lib/gcc/x86_64-redhat-linux/4.4.7/crtend.o] ==> ignore
    arg [/usr/lib/gcc/x86_64-redhat-linux/4.4.7/../../../../lib64/crtn.o] ==> ignore
  remove lib [gcc]
  remove lib [gcc_s]
  remove lib [gcc]
  remove lib [gcc_s]
  collapse library dir [/opt/intel/compilers_and_libraries_2016.0.109/linux/ipp/../compiler/lib/intel64] ==> [/opt/intel/compilers_and_libraries_2016.0.109/linux/compiler/lib/intel64]
  collapse library dir [/opt/intel/compilers_and_libraries_2016.0.109/linux/ipp/lib/intel64] ==> [/opt/intel/compilers_and_libraries_2016.0.109/linux/ipp/lib/intel64]
  collapse library dir [/opt/intel/compilers_and_libraries_2016.0.109/linux/compiler/lib/intel64] ==> [/opt/intel/compilers_and_libraries_2016.0.109/linux/compiler/lib/intel64]
  collapse library dir [/opt/intel/compilers_and_libraries_2016.0.109/linux/mkl/lib/intel64] ==> [/opt/intel/compilers_and_libraries_2016.0.109/linux/mkl/lib/intel64]
  collapse library dir [/opt/intel/compilers_and_libraries_2016.0.109/linux/tbb/lib/intel64/gcc4.4] ==> [/opt/intel/compilers_and_libraries_2016.0.109/linux/tbb/lib/intel64/gcc4.4]
  collapse library dir [/opt/intel/compilers_and_libraries_2016.0.109/linux/daal/lib/intel64_lin] ==> [/opt/intel/compilers_and_libraries_2016.0.109/linux/daal/lib/intel64_lin]
  collapse library dir [/opt/intel/compilers_and_libraries_2016.0.109/linux/daal/../compiler/lib/intel64_lin] ==> [/opt/intel/compilers_and_libraries_2016.0.109/linux/compiler/lib/intel64_lin]
  collapse library dir [/opt/intel/compilers_and_libraries_2016.0.109/linux/ipp/../compiler/lib/intel64] ==> [/opt/intel/compilers_and_libraries_2016.0.109/linux/compiler/lib/intel64]
  collapse library dir [/opt/intel/compilers_and_libraries_2016.0.109/linux/ipp/lib/intel64] ==> [/opt/intel/compilers_and_libraries_2016.0.109/linux/ipp/lib/intel64]
  collapse library dir [/opt/intel/compilers_and_libraries_2016.0.109/linux/compiler/lib/intel64] ==> [/opt/intel/compilers_and_libraries_2016.0.109/linux/compiler/lib/intel64]
  collapse library dir [/opt/intel/compilers_and_libraries_2016.0.109/linux/mkl/lib/intel64] ==> [/opt/intel/compilers_and_libraries_2016.0.109/linux/mkl/lib/intel64]
  collapse library dir [/opt/intel/compilers_and_libraries_2016.0.109/linux/tbb/lib/intel64/gcc4.4] ==> [/opt/intel/compilers_and_libraries_2016.0.109/linux/tbb/lib/intel64/gcc4.4]
  collapse library dir [/opt/intel/compilers_and_libraries_2016.0.109/linux/daal/lib/intel64_lin] ==> [/opt/intel/compilers_and_libraries_2016.0.109/linux/daal/lib/intel64_lin]
  collapse library dir [/opt/intel/compilers_and_libraries_2016.0.109/linux/daal/../tbb/lib/intel64_lin/gcc4.4] ==> [/opt/intel/compilers_and_libraries_2016.0.109/linux/tbb/lib/intel64_lin/gcc4.4]
  collapse library dir [/opt/intel/compilers_and_libraries_2016.0.109/linux/daal/../compiler/lib/intel64_lin] ==> [/opt/intel/compilers_and_libraries_2016.0.109/linux/compiler/lib/intel64_lin]
  collapse library dir [/opt/intel/compilers_and_libraries_2016.0.109/linux/compiler/lib/intel64_lin] ==> [/opt/intel/compilers_and_libraries_2016.0.109/linux/compiler/lib/intel64_lin]
  collapse library dir [/usr/lib/gcc/x86_64-redhat-linux/4.4.7/] ==> [/usr/lib/gcc/x86_64-redhat-linux/4.4.7]
  collapse library dir [/usr/lib/gcc/x86_64-redhat-linux/4.4.7/../../../../lib64] ==> [/usr/lib64]
  collapse library dir [/usr/lib/gcc/x86_64-redhat-linux/4.4.7/../../../../lib64/] ==> [/usr/lib64]
  collapse library dir [/lib/../lib64] ==> [/lib64]
  collapse library dir [/lib/../lib64/] ==> [/lib64]
  collapse library dir [/usr/lib/../lib64] ==> [/usr/lib64]
  collapse library dir [/usr/lib/../lib64/] ==> [/usr/lib64]
  collapse library dir [/opt/intel/compilers_and_libraries_2016.0.109/linux/ipp/../compiler/lib/intel64/] ==> [/opt/intel/compilers_and_libraries_2016.0.109/linux/compiler/lib/intel64]
  collapse library dir [/opt/intel/compilers_and_libraries_2016.0.109/linux/ipp/lib/intel64/] ==> [/opt/intel/compilers_and_libraries_2016.0.109/linux/ipp/lib/intel64]
  collapse library dir [/opt/intel/compilers_and_libraries_2016.0.109/linux/compiler/lib/intel64/] ==> [/opt/intel/compilers_and_libraries_2016.0.109/linux/compiler/lib/intel64]
  collapse library dir [/opt/intel/compilers_and_libraries_2016.0.109/linux/mkl/lib/intel64/] ==> [/opt/intel/compilers_and_libraries_2016.0.109/linux/mkl/lib/intel64]
  collapse library dir [/opt/intel/compilers_and_libraries_2016.0.109/linux/tbb/lib/intel64/gcc4.4/] ==> [/opt/intel/compilers_and_libraries_2016.0.109/linux/tbb/lib/intel64/gcc4.4]
  collapse library dir [/opt/intel/compilers_and_libraries_2016.0.109/linux/daal/lib/intel64_lin/] ==> [/opt/intel/compilers_and_libraries_2016.0.109/linux/daal/lib/intel64_lin]
  collapse library dir [/opt/intel/compilers_and_libraries_2016.0.109/linux/daal/../compiler/lib/intel64_lin/] ==> [/opt/intel/compilers_and_libraries_2016.0.109/linux/compiler/lib/intel64_lin]
  collapse library dir [/opt/intel/compilers_and_libraries_2016.0.109/linux/daal/../tbb/lib/intel64_lin/gcc4.4/] ==> [/opt/intel/compilers_and_libraries_2016.0.109/linux/tbb/lib/intel64_lin/gcc4.4]
  collapse library dir [/usr/lib/gcc/x86_64-redhat-linux/4.4.7/../../../] ==> [/usr/lib]
  collapse library dir [/lib64] ==> [/lib64]
  collapse library dir [/lib/] ==> [/lib]
  collapse library dir [/usr/lib64] ==> [/usr/lib64]
  collapse library dir [/usr/lib] ==> [/usr/lib]
  implicit libs: [imf;svml;irng;m;ipgo;decimal;cilkrts;stdc++;irc;svml;c;irc_s;dl;c]
  implicit dirs: [/opt/intel/compilers_and_libraries_2016.0.109/linux/compiler/lib/intel64;/opt/intel/compilers_and_libraries_2016.0.109/linux/ipp/lib/intel64;/opt/intel/compilers_and_libraries_2016.0.109/linux/mkl/lib/intel64;/opt/intel/compilers_and_libraries_2016.0.109/linux/tbb/lib/intel64/gcc4.4;/opt/intel/compilers_and_libraries_2016.0.109/linux/daal/lib/intel64_lin;/opt/intel/compilers_and_libraries_2016.0.109/linux/compiler/lib/intel64_lin;/opt/intel/compilers_and_libraries_2016.0.109/linux/tbb/lib/intel64_lin/gcc4.4;/usr/lib/gcc/x86_64-redhat-linux/4.4.7;/usr/lib64;/lib64;/usr/lib;/lib]
  implicit fwks: []


Determining if the function XOpenDisplay exists in the /usr/lib64/libX11.so;/usr/lib64/libXext.so passed with the following output:
Change Dir: //home/ademello/CPE419/L09/build/CMakeFiles/CMakeTmp

Run Build Command:/usr/bin/gmake "cmTryCompileExec2982906520/fast"
/usr/bin/gmake -f CMakeFiles/cmTryCompileExec2982906520.dir/build.make CMakeFiles/cmTryCompileExec2982906520.dir/build
gmake[1]: Entering directory `/home/ademello/CPE419/L09/build/CMakeFiles/CMakeTmp'
/usr/bin/cmake -E cmake_progress_report //home/ademello/CPE419/L09/build/CMakeFiles/CMakeTmp/CMakeFiles 1
Building C object CMakeFiles/cmTryCompileExec2982906520.dir/CheckFunctionExists.c.o
/opt/intel/compilers_and_libraries_2016.0.109/linux/bin/intel64/icc   -DCHECK_FUNCTION_EXISTS=XOpenDisplay   -o CMakeFiles/cmTryCompileExec2982906520.dir/CheckFunctionExists.c.o   -c /usr/share/cmake/Modules/CheckFunctionExists.c
Linking C executable cmTryCompileExec2982906520
/usr/bin/cmake -E cmake_link_script CMakeFiles/cmTryCompileExec2982906520.dir/link.txt --verbose=1
/opt/intel/compilers_and_libraries_2016.0.109/linux/bin/intel64/icc   -DCHECK_FUNCTION_EXISTS=XOpenDisplay    CMakeFiles/cmTryCompileExec2982906520.dir/CheckFunctionExists.c.o  -o cmTryCompileExec2982906520 -rdynamic -lX11 -lXext 
gmake[1]: Leaving directory `/home/ademello/CPE419/L09/build/CMakeFiles/CMakeTmp'


Determining if the function gethostbyname exists passed with the following output:
Change Dir: //home/ademello/CPE419/L09/build/CMakeFiles/CMakeTmp

Run Build Command:/usr/bin/gmake "cmTryCompileExec3609110523/fast"
/usr/bin/gmake -f CMakeFiles/cmTryCompileExec3609110523.dir/build.make CMakeFiles/cmTryCompileExec3609110523.dir/build
gmake[1]: Entering directory `/home/ademello/CPE419/L09/build/CMakeFiles/CMakeTmp'
/usr/bin/cmake -E cmake_progress_report //home/ademello/CPE419/L09/build/CMakeFiles/CMakeTmp/CMakeFiles 1
Building C object CMakeFiles/cmTryCompileExec3609110523.dir/CheckFunctionExists.c.o
/opt/intel/compilers_and_libraries_2016.0.109/linux/bin/intel64/icc   -DCHECK_FUNCTION_EXISTS=gethostbyname   -o CMakeFiles/cmTryCompileExec3609110523.dir/CheckFunctionExists.c.o   -c /usr/share/cmake/Modules/CheckFunctionExists.c
Linking C executable cmTryCompileExec3609110523
/usr/bin/cmake -E cmake_link_script CMakeFiles/cmTryCompileExec3609110523.dir/link.txt --verbose=1
/opt/intel/compilers_and_libraries_2016.0.109/linux/bin/intel64/icc   -DCHECK_FUNCTION_EXISTS=gethostbyname    CMakeFiles/cmTryCompileExec3609110523.dir/CheckFunctionExists.c.o  -o cmTryCompileExec3609110523 -rdynamic 
gmake[1]: Leaving directory `/home/ademello/CPE419/L09/build/CMakeFiles/CMakeTmp'


Determining if the function connect exists passed with the following output:
Change Dir: //home/ademello/CPE419/L09/build/CMakeFiles/CMakeTmp

Run Build Command:/usr/bin/gmake "cmTryCompileExec2057926809/fast"
/usr/bin/gmake -f CMakeFiles/cmTryCompileExec2057926809.dir/build.make CMakeFiles/cmTryCompileExec2057926809.dir/build
gmake[1]: Entering directory `/home/ademello/CPE419/L09/build/CMakeFiles/CMakeTmp'
/usr/bin/cmake -E cmake_progress_report //home/ademello/CPE419/L09/build/CMakeFiles/CMakeTmp/CMakeFiles 1
Building C object CMakeFiles/cmTryCompileExec2057926809.dir/CheckFunctionExists.c.o
/opt/intel/compilers_and_libraries_2016.0.109/linux/bin/intel64/icc   -DCHECK_FUNCTION_EXISTS=connect   -o CMakeFiles/cmTryCompileExec2057926809.dir/CheckFunctionExists.c.o   -c /usr/share/cmake/Modules/CheckFunctionExists.c
Linking C executable cmTryCompileExec2057926809
/usr/bin/cmake -E cmake_link_script CMakeFiles/cmTryCompileExec2057926809.dir/link.txt --verbose=1
/opt/intel/compilers_and_libraries_2016.0.109/linux/bin/intel64/icc   -DCHECK_FUNCTION_EXISTS=connect    CMakeFiles/cmTryCompileExec2057926809.dir/CheckFunctionExists.c.o  -o cmTryCompileExec2057926809 -rdynamic 
gmake[1]: Leaving directory `/home/ademello/CPE419/L09/build/CMakeFiles/CMakeTmp'


Determining if the function remove exists passed with the following output:
Change Dir: //home/ademello/CPE419/L09/build/CMakeFiles/CMakeTmp

Run Build Command:/usr/bin/gmake "cmTryCompileExec3332937682/fast"
/usr/bin/gmake -f CMakeFiles/cmTryCompileExec3332937682.dir/build.make CMakeFiles/cmTryCompileExec3332937682.dir/build
gmake[1]: Entering directory `/home/ademello/CPE419/L09/build/CMakeFiles/CMakeTmp'
/usr/bin/cmake -E cmake_progress_report //home/ademello/CPE419/L09/build/CMakeFiles/CMakeTmp/CMakeFiles 1
Building C object CMakeFiles/cmTryCompileExec3332937682.dir/CheckFunctionExists.c.o
/opt/intel/compilers_and_libraries_2016.0.109/linux/bin/intel64/icc   -DCHECK_FUNCTION_EXISTS=remove   -o CMakeFiles/cmTryCompileExec3332937682.dir/CheckFunctionExists.c.o   -c /usr/share/cmake/Modules/CheckFunctionExists.c
Linking C executable cmTryCompileExec3332937682
/usr/bin/cmake -E cmake_link_script CMakeFiles/cmTryCompileExec3332937682.dir/link.txt --verbose=1
/opt/intel/compilers_and_libraries_2016.0.109/linux/bin/intel64/icc   -DCHECK_FUNCTION_EXISTS=remove    CMakeFiles/cmTryCompileExec3332937682.dir/CheckFunctionExists.c.o  -o cmTryCompileExec3332937682 -rdynamic 
gmake[1]: Leaving directory `/home/ademello/CPE419/L09/build/CMakeFiles/CMakeTmp'


Determining if the function shmat exists passed with the following output:
Change Dir: //home/ademello/CPE419/L09/build/CMakeFiles/CMakeTmp

Run Build Command:/usr/bin/gmake "cmTryCompileExec1340945357/fast"
/usr/bin/gmake -f CMakeFiles/cmTryCompileExec1340945357.dir/build.make CMakeFiles/cmTryCompileExec1340945357.dir/build
gmake[1]: Entering directory `/home/ademello/CPE419/L09/build/CMakeFiles/CMakeTmp'
/usr/bin/cmake -E cmake_progress_report //home/ademello/CPE419/L09/build/CMakeFiles/CMakeTmp/CMakeFiles 1
Building C object CMakeFiles/cmTryCompileExec1340945357.dir/CheckFunctionExists.c.o
/opt/intel/compilers_and_libraries_2016.0.109/linux/bin/intel64/icc   -DCHECK_FUNCTION_EXISTS=shmat   -o CMakeFiles/cmTryCompileExec1340945357.dir/CheckFunctionExists.c.o   -c /usr/share/cmake/Modules/CheckFunctionExists.c
Linking C executable cmTryCompileExec1340945357
/usr/bin/cmake -E cmake_link_script CMakeFiles/cmTryCompileExec1340945357.dir/link.txt --verbose=1
/opt/intel/compilers_and_libraries_2016.0.109/linux/bin/intel64/icc   -DCHECK_FUNCTION_EXISTS=shmat    CMakeFiles/cmTryCompileExec1340945357.dir/CheckFunctionExists.c.o  -o cmTryCompileExec1340945357 -rdynamic 
gmake[1]: Leaving directory `/home/ademello/CPE419/L09/build/CMakeFiles/CMakeTmp'


Determining if the function IceConnectionNumber exists in the ICE passed with the following output:
Change Dir: //home/ademello/CPE419/L09/build/CMakeFiles/CMakeTmp

Run Build Command:/usr/bin/gmake "cmTryCompileExec3320227179/fast"
/usr/bin/gmake -f CMakeFiles/cmTryCompileExec3320227179.dir/build.make CMakeFiles/cmTryCompileExec3320227179.dir/build
gmake[1]: Entering directory `/home/ademello/CPE419/L09/build/CMakeFiles/CMakeTmp'
/usr/bin/cmake -E cmake_progress_report //home/ademello/CPE419/L09/build/CMakeFiles/CMakeTmp/CMakeFiles 1
Building C object CMakeFiles/cmTryCompileExec3320227179.dir/CheckFunctionExists.c.o
/opt/intel/compilers_and_libraries_2016.0.109/linux/bin/intel64/icc   -DCHECK_FUNCTION_EXISTS=IceConnectionNumber   -o CMakeFiles/cmTryCompileExec3320227179.dir/CheckFunctionExists.c.o   -c /usr/share/cmake/Modules/CheckFunctionExists.c
Linking C executable cmTryCompileExec3320227179
/usr/bin/cmake -E cmake_link_script CMakeFiles/cmTryCompileExec3320227179.dir/link.txt --verbose=1
/opt/intel/compilers_and_libraries_2016.0.109/linux/bin/intel64/icc   -DCHECK_FUNCTION_EXISTS=IceConnectionNumber    CMakeFiles/cmTryCompileExec3320227179.dir/CheckFunctionExists.c.o  -o cmTryCompileExec3320227179 -rdynamic -lICE 
gmake[1]: Leaving directory `/home/ademello/CPE419/L09/build/CMakeFiles/CMakeTmp'


Determining if files pthread.h exist passed with the following output:
Change Dir: //home/ademello/CPE419/L09/build/CMakeFiles/CMakeTmp

Run Build Command:/usr/bin/gmake "cmTryCompileExec3324260841/fast"
/usr/bin/gmake -f CMakeFiles/cmTryCompileExec3324260841.dir/build.make CMakeFiles/cmTryCompileExec3324260841.dir/build
gmake[1]: Entering directory `/home/ademello/CPE419/L09/build/CMakeFiles/CMakeTmp'
/usr/bin/cmake -E cmake_progress_report //home/ademello/CPE419/L09/build/CMakeFiles/CMakeTmp/CMakeFiles 1
Building C object CMakeFiles/cmTryCompileExec3324260841.dir/CheckIncludeFiles.c.o
/opt/intel/compilers_and_libraries_2016.0.109/linux/bin/intel64/icc    -o CMakeFiles/cmTryCompileExec3324260841.dir/CheckIncludeFiles.c.o   -c //home/ademello/CPE419/L09/build/CMakeFiles/CMakeTmp/CheckIncludeFiles.c
Linking C executable cmTryCompileExec3324260841
/usr/bin/cmake -E cmake_link_script CMakeFiles/cmTryCompileExec3324260841.dir/link.txt --verbose=1
/opt/intel/compilers_and_libraries_2016.0.109/linux/bin/intel64/icc       CMakeFiles/cmTryCompileExec3324260841.dir/CheckIncludeFiles.c.o  -o cmTryCompileExec3324260841 -rdynamic 
gmake[1]: Leaving directory `/home/ademello/CPE419/L09/build/CMakeFiles/CMakeTmp'


Determining if the function pthread_create exists in the pthread passed with the following output:
Change Dir: //home/ademello/CPE419/L09/build/CMakeFiles/CMakeTmp

Run Build Command:/usr/bin/gmake "cmTryCompileExec2820823148/fast"
/usr/bin/gmake -f CMakeFiles/cmTryCompileExec2820823148.dir/build.make CMakeFiles/cmTryCompileExec2820823148.dir/build
gmake[1]: Entering directory `/home/ademello/CPE419/L09/build/CMakeFiles/CMakeTmp'
/usr/bin/cmake -E cmake_progress_report //home/ademello/CPE419/L09/build/CMakeFiles/CMakeTmp/CMakeFiles 1
Building C object CMakeFiles/cmTryCompileExec2820823148.dir/CheckFunctionExists.c.o
/opt/intel/compilers_and_libraries_2016.0.109/linux/bin/intel64/icc   -DCHECK_FUNCTION_EXISTS=pthread_create   -o CMakeFiles/cmTryCompileExec2820823148.dir/CheckFunctionExists.c.o   -c /usr/share/cmake/Modules/CheckFunctionExists.c
Linking C executable cmTryCompileExec2820823148
/usr/bin/cmake -E cmake_link_script CMakeFiles/cmTryCompileExec2820823148.dir/link.txt --verbose=1
/opt/intel/compilers_and_libraries_2016.0.109/linux/bin/intel64/icc   -DCHECK_FUNCTION_EXISTS=pthread_create    CMakeFiles/cmTryCompileExec2820823148.dir/CheckFunctionExists.c.o  -o cmTryCompileExec2820823148 -rdynamic -lpthread 
gmake[1]: Leaving directory `/home/ademello/CPE419/L09/build/CMakeFiles/CMakeTmp'


