Determining if the pthread_create exist failed with the following output:
Change Dir: //home/ademello/CPE419/L09/build/CMakeFiles/CMakeTmp

Run Build Command:/usr/bin/gmake "cmTryCompileExec2159164937/fast"
/usr/bin/gmake -f CMakeFiles/cmTryCompileExec2159164937.dir/build.make CMakeFiles/cmTryCompileExec2159164937.dir/build
gmake[1]: Entering directory `/home/ademello/CPE419/L09/build/CMakeFiles/CMakeTmp'
/usr/bin/cmake -E cmake_progress_report //home/ademello/CPE419/L09/build/CMakeFiles/CMakeTmp/CMakeFiles 1
Building C object CMakeFiles/cmTryCompileExec2159164937.dir/CheckSymbolExists.c.o
/opt/intel/compilers_and_libraries_2016.0.109/linux/bin/intel64/icc    -o CMakeFiles/cmTryCompileExec2159164937.dir/CheckSymbolExists.c.o   -c //home/ademello/CPE419/L09/build/CMakeFiles/CMakeTmp/CheckSymbolExists.c
Linking C executable cmTryCompileExec2159164937
/usr/bin/cmake -E cmake_link_script CMakeFiles/cmTryCompileExec2159164937.dir/link.txt --verbose=1
/opt/intel/compilers_and_libraries_2016.0.109/linux/bin/intel64/icc       CMakeFiles/cmTryCompileExec2159164937.dir/CheckSymbolExists.c.o  -o cmTryCompileExec2159164937 -rdynamic 
CMakeFiles/cmTryCompileExec2159164937.dir/CheckSymbolExists.c.o: In function `main':
CheckSymbolExists.c:(.text+0x23): undefined reference to `pthread_create'
gmake[1]: *** [cmTryCompileExec2159164937] Error 1
gmake[1]: Leaving directory `/home/ademello/CPE419/L09/build/CMakeFiles/CMakeTmp'
gmake: *** [cmTryCompileExec2159164937/fast] Error 2

File //home/ademello/CPE419/L09/build/CMakeFiles/CMakeTmp/CheckSymbolExists.c:
/* */
#include <pthread.h>

int main(int argc, char** argv)
{
  (void)argv;
#ifndef pthread_create
  return ((int*)(&pthread_create))[argc];
#else
  (void)argc;
  return 0;
#endif
}

Determining if the function pthread_create exists in the pthreads failed with the following output:
Change Dir: //home/ademello/CPE419/L09/build/CMakeFiles/CMakeTmp

Run Build Command:/usr/bin/gmake "cmTryCompileExec713679670/fast"
/usr/bin/gmake -f CMakeFiles/cmTryCompileExec713679670.dir/build.make CMakeFiles/cmTryCompileExec713679670.dir/build
gmake[1]: Entering directory `/home/ademello/CPE419/L09/build/CMakeFiles/CMakeTmp'
/usr/bin/cmake -E cmake_progress_report //home/ademello/CPE419/L09/build/CMakeFiles/CMakeTmp/CMakeFiles 1
Building C object CMakeFiles/cmTryCompileExec713679670.dir/CheckFunctionExists.c.o
/opt/intel/compilers_and_libraries_2016.0.109/linux/bin/intel64/icc   -DCHECK_FUNCTION_EXISTS=pthread_create   -o CMakeFiles/cmTryCompileExec713679670.dir/CheckFunctionExists.c.o   -c /usr/share/cmake/Modules/CheckFunctionExists.c
Linking C executable cmTryCompileExec713679670
/usr/bin/cmake -E cmake_link_script CMakeFiles/cmTryCompileExec713679670.dir/link.txt --verbose=1
/opt/intel/compilers_and_libraries_2016.0.109/linux/bin/intel64/icc   -DCHECK_FUNCTION_EXISTS=pthread_create    CMakeFiles/cmTryCompileExec713679670.dir/CheckFunctionExists.c.o  -o cmTryCompileExec713679670 -rdynamic -lpthreads 
ld: cannot find -lpthreads
gmake[1]: *** [cmTryCompileExec713679670] Error 1
gmake[1]: Leaving directory `/home/ademello/CPE419/L09/build/CMakeFiles/CMakeTmp'
gmake: *** [cmTryCompileExec713679670/fast] Error 2


